<?xml version="1.0" encoding="UTF-8"?>
<coverage generated="1788273923983" clover="3.2.0">
  <project timestamp="1788273923983" name="All files">
    <metrics statements="1693" coveredstatements="684" conditionals="2273" coveredconditionals="602" methods="474" coveredmethods="119" elements="4440" coveredelements="1405" complexity="0" loc="1693" ncloc="1693" packages="26" files="35" classes="35"/>
    <package name=".kilo.worktrees.sweet-carrot.backend.src.reporting.src">
      <metrics statements="0" coveredstatements="0" conditionals="0" coveredconditionals="0" methods="0" coveredmethods="0"/>
      <file name="index.ts" path="D:\Aegis\Tool\version-1\.kilo\worktrees\sweet-carrot\backend\src\reporting\src\index.ts">
        <metrics statements="0" coveredstatements="0" conditionals="0" coveredconditionals="0" methods="0" coveredmethods="0"/>
      </file>
    </package>
    <package name=".kilo.worktrees.sweet-carrot.backend.src.reporting.src.builders">
      <metrics statements="58" coveredstatements="48" conditionals="79" coveredconditionals="44" methods="11" coveredmethods="10"/>
      <file name="report-data.builder.ts" path="D:\Aegis\Tool\version-1\.kilo\worktrees\sweet-carrot\backend\src\reporting\src\builders\report-data.builder.ts">
        <metrics statements="20" coveredstatements="20" conditionals="20" coveredconditionals="13" methods="5" coveredmethods="5"/>
        <line num="73" count="5" type="cond" truecount="2" falsecount="0"/>
        <line num="74" count="5" type="stmt"/>
        <line num="75" count="5" type="stmt"/>
        <line num="76" count="5" type="cond" truecount="2" falsecount="0"/>
        <line num="77" count="5" type="stmt"/>
        <line num="79" count="5" type="stmt"/>
        <line num="81" count="5" type="stmt"/>
        <line num="82" count="5" type="stmt"/>
        <line num="95" count="5" type="stmt"/>
        <line num="107" count="5" type="stmt"/>
        <line num="108" count="5" type="stmt"/>
        <line num="110" count="5" type="stmt"/>
        <line num="155" count="9" type="cond" truecount="1" falsecount="1"/>
        <line num="156" count="9" type="stmt"/>
        <line num="157" count="9" type="stmt"/>
        <line num="158" count="9" type="cond" truecount="1" falsecount="1"/>
        <line num="159" count="9" type="stmt"/>
        <line num="161" count="9" type="stmt"/>
        <line num="173" count="9" type="stmt"/>
        <line num="185" count="9" type="stmt"/>
      </file>
      <file name="route-adapter.ts" path="D:\Aegis\Tool\version-1\.kilo\worktrees\sweet-carrot\backend\src\reporting\src\builders\route-adapter.ts">
        <metrics statements="38" coveredstatements="28" conditionals="59" coveredconditionals="31" methods="6" coveredmethods="5"/>
        <line num="45" count="3" type="stmt"/>
        <line num="47" count="3" type="stmt"/>
        <line num="59" count="3" type="stmt"/>
        <line num="60" count="3" type="stmt"/>
        <line num="62" count="3" type="stmt"/>
        <line num="63" count="2" type="stmt"/>
        <line num="66" count="3" type="stmt"/>
        <line num="67" count="2" type="stmt"/>
        <line num="68" count="2" type="cond" truecount="1" falsecount="1"/>
        <line num="69" count="2" type="cond" truecount="4" falsecount="0"/>
        <line num="70" count="1" type="stmt"/>
        <line num="71" count="1" type="stmt"/>
        <line num="81" count="1" type="cond" truecount="3" falsecount="1"/>
        <line num="82" count="1" type="stmt"/>
        <line num="94" count="3" type="cond" truecount="1" falsecount="1"/>
        <line num="95" count="3" type="cond" truecount="1" falsecount="1"/>
        <line num="96" count="3" type="cond" truecount="3" falsecount="1"/>
        <line num="98" count="3" type="stmt"/>
        <line num="99" count="3" type="stmt"/>
        <line num="100" count="0" type="stmt"/>
        <line num="103" count="3" type="stmt"/>
        <line num="112" count="2" type="stmt"/>
        <line num="113" count="2" type="cond" truecount="2" falsecount="7"/>
        <line num="115" count="1" type="stmt"/>
        <line num="117" count="1" type="stmt"/>
        <line num="119" count="0" type="stmt"/>
        <line num="122" count="0" type="stmt"/>
        <line num="124" count="0" type="stmt"/>
        <line num="126" count="0" type="stmt"/>
        <line num="128" count="0" type="stmt"/>
        <line num="130" count="0" type="stmt"/>
        <line num="135" count="2" type="stmt"/>
        <line num="136" count="2" type="cond" truecount="2" falsecount="3"/>
        <line num="138" count="1" type="stmt"/>
        <line num="140" count="1" type="stmt"/>
        <line num="142" count="0" type="stmt"/>
        <line num="144" count="0" type="stmt"/>
        <line num="146" count="0" type="stmt"/>
      </file>
    </package>
    <package name=".kilo.worktrees.sweet-carrot.backend.src.reporting.src.charts">
      <metrics statements="55" coveredstatements="0" conditionals="22" coveredconditionals="0" methods="2" coveredmethods="0"/>
      <file name="donut-chart.ts" path="D:\Aegis\Tool\version-1\.kilo\worktrees\sweet-carrot\backend\src\reporting\src\charts\donut-chart.ts">
        <metrics statements="55" coveredstatements="0" conditionals="22" coveredconditionals="0" methods="2" coveredmethods="0"/>
        <line num="19" count="0" type="cond" truecount="0" falsecount="3"/>
        <line num="20" count="0" type="cond" truecount="0" falsecount="2"/>
        <line num="22" count="0" type="cond" truecount="0" falsecount="2"/>
        <line num="23" count="0" type="cond" truecount="0" falsecount="2"/>
        <line num="24" count="0" type="cond" truecount="0" falsecount="2"/>
        <line num="25" count="0" type="cond" truecount="0" falsecount="2"/>
        <line num="27" count="0" type="cond" truecount="0" falsecount="2"/>
        <line num="28" count="0" type="cond" truecount="0" falsecount="2"/>
        <line num="30" count="0" type="stmt"/>
        <line num="32" count="0" type="stmt"/>
        <line num="33" count="0" type="stmt"/>
        <line num="34" count="0" type="stmt"/>
        <line num="35" count="0" type="stmt"/>
        <line num="37" count="0" type="cond" truecount="0" falsecount="2"/>
        <line num="38" count="0" type="stmt"/>
        <line num="41" count="0" type="cond" truecount="0" falsecount="2"/>
        <line num="42" count="0" type="stmt"/>
        <line num="45" count="0" type="stmt"/>
        <line num="46" count="0" type="stmt"/>
        <line num="47" count="0" type="stmt"/>
        <line num="49" count="0" type="stmt"/>
        <line num="50" count="0" type="stmt"/>
        <line num="51" count="0" type="stmt"/>
        <line num="52" count="0" type="stmt"/>
        <line num="53" count="0" type="stmt"/>
        <line num="55" count="0" type="stmt"/>
        <line num="56" count="0" type="stmt"/>
        <line num="57" count="0" type="stmt"/>
        <line num="58" count="0" type="stmt"/>
        <line num="59" count="0" type="stmt"/>
        <line num="60" count="0" type="stmt"/>
        <line num="62" count="0" type="stmt"/>
        <line num="63" count="0" type="stmt"/>
        <line num="64" count="0" type="stmt"/>
        <line num="65" count="0" type="stmt"/>
        <line num="67" count="0" type="stmt"/>
        <line num="80" count="0" type="stmt"/>
        <line num="81" count="0" type="stmt"/>
        <line num="83" count="0" type="stmt"/>
        <line num="84" count="0" type="stmt"/>
        <line num="85" count="0" type="stmt"/>
        <line num="86" count="0" type="stmt"/>
        <line num="88" count="0" type="stmt"/>
        <line num="89" count="0" type="stmt"/>
        <line num="90" count="0" type="stmt"/>
        <line num="91" count="0" type="stmt"/>
        <line num="93" count="0" type="stmt"/>
        <line num="94" count="0" type="stmt"/>
        <line num="95" count="0" type="stmt"/>
        <line num="96" count="0" type="stmt"/>
        <line num="97" count="0" type="stmt"/>
        <line num="98" count="0" type="stmt"/>
        <line num="99" count="0" type="stmt"/>
        <line num="100" count="0" type="stmt"/>
        <line num="101" count="0" type="stmt"/>
      </file>
    </package>
    <package name=".kilo.worktrees.sweet-carrot.backend.src.reporting.src.excel">
      <metrics statements="59" coveredstatements="0" conditionals="41" coveredconditionals="0" methods="1" coveredmethods="0"/>
      <file name="excel-report.generator.ts" path="D:\Aegis\Tool\version-1\.kilo\worktrees\sweet-carrot\backend\src\reporting\src\excel\excel-report.generator.ts">
        <metrics statements="59" coveredstatements="0" conditionals="41" coveredconditionals="0" methods="1" coveredmethods="0"/>
        <line num="6" count="0" type="stmt"/>
        <line num="7" count="0" type="stmt"/>
        <line num="8" count="0" type="stmt"/>
        <line num="11" count="0" type="stmt"/>
        <line num="12" count="0" type="stmt"/>
        <line num="14" count="0" type="stmt"/>
        <line num="15" count="0" type="stmt"/>
        <line num="16" count="0" type="cond" truecount="0" falsecount="2"/>
        <line num="17" count="0" type="stmt"/>
        <line num="18" count="0" type="stmt"/>
        <line num="19" count="0" type="stmt"/>
        <line num="20" count="0" type="cond" truecount="0" falsecount="2"/>
        <line num="21" count="0" type="stmt"/>
        <line num="22" count="0" type="stmt"/>
        <line num="23" count="0" type="cond" truecount="0" falsecount="2"/>
        <line num="24" count="0" type="cond" truecount="0" falsecount="3"/>
        <line num="25" count="0" type="cond" truecount="0" falsecount="4"/>
        <line num="26" count="0" type="stmt"/>
        <line num="27" count="0" type="stmt"/>
        <line num="28" count="0" type="stmt"/>
        <line num="29" count="0" type="stmt"/>
        <line num="30" count="0" type="stmt"/>
        <line num="31" count="0" type="stmt"/>
        <line num="34" count="0" type="stmt"/>
        <line num="35" count="0" type="stmt"/>
        <line num="47" count="0" type="stmt"/>
        <line num="48" count="0" type="stmt"/>
        <line num="49" count="0" type="stmt"/>
        <line num="51" count="0" type="stmt"/>
        <line num="52" count="0" type="stmt"/>
        <line num="65" count="0" type="stmt"/>
        <line num="68" count="0" type="cond" truecount="0" falsecount="4"/>
        <line num="69" count="0" type="stmt"/>
        <line num="70" count="0" type="stmt"/>
        <line num="80" count="0" type="stmt"/>
        <line num="81" count="0" type="stmt"/>
        <line num="82" count="0" type="stmt"/>
        <line num="84" count="0" type="stmt"/>
        <line num="85" count="0" type="stmt"/>
        <line num="96" count="0" type="stmt"/>
        <line num="100" count="0" type="cond" truecount="0" falsecount="4"/>
        <line num="101" count="0" type="stmt"/>
        <line num="102" count="0" type="stmt"/>
        <line num="108" count="0" type="stmt"/>
        <line num="109" count="0" type="stmt"/>
        <line num="110" count="0" type="stmt"/>
        <line num="112" count="0" type="stmt"/>
        <line num="113" count="0" type="stmt"/>
        <line num="120" count="0" type="stmt"/>
        <line num="124" count="0" type="cond" truecount="0" falsecount="4"/>
        <line num="125" count="0" type="stmt"/>
        <line num="126" count="0" type="stmt"/>
        <line num="134" count="0" type="stmt"/>
        <line num="135" count="0" type="stmt"/>
        <line num="136" count="0" type="stmt"/>
        <line num="138" count="0" type="stmt"/>
        <line num="139" count="0" type="stmt"/>
        <line num="148" count="0" type="stmt"/>
        <line num="151" count="0" type="stmt"/>
      </file>
    </package>
    <package name=".kilo.worktrees.sweet-carrot.backend.src.reporting.src.pdf">
      <metrics statements="128" coveredstatements="0" conditionals="63" coveredconditionals="0" methods="6" coveredmethods="0"/>
      <file name="pdf-report.generator.ts" path="D:\Aegis\Tool\version-1\.kilo\worktrees\sweet-carrot\backend\src\reporting\src\pdf\pdf-report.generator.ts">
        <metrics statements="128" coveredstatements="0" conditionals="63" coveredconditionals="0" methods="6" coveredmethods="0"/>
        <line num="15" count="0" type="stmt"/>
        <line num="16" count="0" type="stmt"/>
        <line num="17" count="0" type="cond" truecount="0" falsecount="4"/>
        <line num="19" count="0" type="stmt"/>
        <line num="20" count="0" type="stmt"/>
        <line num="21" count="0" type="stmt"/>
        <line num="23" count="0" type="stmt"/>
        <line num="24" count="0" type="stmt"/>
        <line num="25" count="0" type="stmt"/>
        <line num="26" count="0" type="stmt"/>
        <line num="27" count="0" type="stmt"/>
        <line num="30" count="0" type="stmt"/>
        <line num="31" count="0" type="stmt"/>
        <line num="32" count="0" type="cond" truecount="0" falsecount="2"/>
        <line num="33" count="0" type="stmt"/>
        <line num="35" count="0" type="stmt"/>
        <line num="42" count="0" type="stmt"/>
        <line num="43" count="0" type="stmt"/>
        <line num="44" count="0" type="cond" truecount="0" falsecount="2"/>
        <line num="45" count="0" type="stmt"/>
        <line num="46" count="0" type="stmt"/>
        <line num="49" count="0" type="stmt"/>
        <line num="50" count="0" type="stmt"/>
        <line num="51" count="0" type="stmt"/>
        <line num="52" count="0" type="stmt"/>
        <line num="54" count="0" type="stmt"/>
        <line num="67" count="0" type="stmt"/>
        <line num="68" count="0" type="stmt"/>
        <line num="71" count="0" type="stmt"/>
        <line num="74" count="0" type="stmt"/>
        <line num="75" count="0" type="stmt"/>
        <line num="76" count="0" type="stmt"/>
        <line num="78" count="0" type="stmt"/>
        <line num="79" count="0" type="stmt"/>
        <line num="81" count="0" type="stmt"/>
        <line num="84" count="0" type="stmt"/>
        <line num="86" count="0" type="cond" truecount="0" falsecount="2"/>
        <line num="87" count="0" type="stmt"/>
        <line num="88" count="0" type="stmt"/>
        <line num="89" count="0" type="stmt"/>
        <line num="90" count="0" type="stmt"/>
        <line num="91" count="0" type="stmt"/>
        <line num="93" count="0" type="stmt"/>
        <line num="95" count="0" type="stmt"/>
        <line num="96" count="0" type="stmt"/>
        <line num="97" count="0" type="stmt"/>
        <line num="98" count="0" type="stmt"/>
        <line num="99" count="0" type="cond" truecount="0" falsecount="2"/>
        <line num="102" count="0" type="stmt"/>
        <line num="105" count="0" type="stmt"/>
        <line num="108" count="0" type="stmt"/>
        <line num="109" count="0" type="stmt"/>
        <line num="110" count="0" type="stmt"/>
        <line num="112" count="0" type="stmt"/>
        <line num="113" count="0" type="stmt"/>
        <line num="114" count="0" type="stmt"/>
        <line num="115" count="0" type="stmt"/>
        <line num="116" count="0" type="cond" truecount="0" falsecount="4"/>
        <line num="117" count="0" type="cond" truecount="0" falsecount="2"/>
        <line num="118" count="0" type="stmt"/>
        <line num="120" count="0" type="cond" truecount="0" falsecount="2"/>
        <line num="121" count="0" type="stmt"/>
        <line num="123" count="0" type="stmt"/>
        <line num="125" count="0" type="cond" truecount="0" falsecount="2"/>
        <line num="126" count="0" type="stmt"/>
        <line num="131" count="0" type="cond" truecount="0" falsecount="4"/>
        <line num="132" count="0" type="stmt"/>
        <line num="133" count="0" type="stmt"/>
        <line num="134" count="0" type="stmt"/>
        <line num="136" count="0" type="stmt"/>
        <line num="137" count="0" type="stmt"/>
        <line num="138" count="0" type="stmt"/>
        <line num="139" count="0" type="stmt"/>
        <line num="140" count="0" type="stmt"/>
        <line num="141" count="0" type="cond" truecount="0" falsecount="2"/>
        <line num="142" count="0" type="stmt"/>
        <line num="144" count="0" type="stmt"/>
        <line num="146" count="0" type="cond" truecount="0" falsecount="2"/>
        <line num="147" count="0" type="stmt"/>
        <line num="153" count="0" type="cond" truecount="0" falsecount="4"/>
        <line num="154" count="0" type="stmt"/>
        <line num="155" count="0" type="stmt"/>
        <line num="156" count="0" type="stmt"/>
        <line num="158" count="0" type="stmt"/>
        <line num="159" count="0" type="stmt"/>
        <line num="160" count="0" type="stmt"/>
        <line num="161" count="0" type="stmt"/>
        <line num="162" count="0" type="stmt"/>
        <line num="167" count="0" type="cond" truecount="0" falsecount="4"/>
        <line num="168" count="0" type="stmt"/>
        <line num="169" count="0" type="stmt"/>
        <line num="170" count="0" type="stmt"/>
        <line num="172" count="0" type="stmt"/>
        <line num="173" count="0" type="stmt"/>
        <line num="174" count="0" type="stmt"/>
        <line num="175" count="0" type="stmt"/>
        <line num="176" count="0" type="stmt"/>
        <line num="177" count="0" type="cond" truecount="0" falsecount="2"/>
        <line num="178" count="0" type="stmt"/>
        <line num="180" count="0" type="cond" truecount="0" falsecount="2"/>
        <line num="181" count="0" type="stmt"/>
        <line num="183" count="0" type="stmt"/>
        <line num="188" count="0" type="stmt"/>
        <line num="189" count="0" type="stmt"/>
        <line num="190" count="0" type="stmt"/>
        <line num="191" count="0" type="stmt"/>
        <line num="193" count="0" type="cond" truecount="0" falsecount="2"/>
        <line num="194" count="0" type="stmt"/>
        <line num="195" count="0" type="cond" truecount="0" falsecount="2"/>
        <line num="196" count="0" type="stmt"/>
        <line num="197" count="0" type="cond" truecount="0" falsecount="2"/>
        <line num="198" count="0" type="stmt"/>
        <line num="200" count="0" type="stmt"/>
        <line num="204" count="0" type="stmt"/>
        <line num="205" count="0" type="stmt"/>
        <line num="206" count="0" type="stmt"/>
        <line num="208" count="0" type="stmt"/>
        <line num="210" count="0" type="stmt"/>
        <line num="211" count="0" type="stmt"/>
        <line num="214" count="0" type="stmt"/>
        <line num="216" count="0" type="stmt"/>
        <line num="222" count="0" type="cond" truecount="0" falsecount="6"/>
        <line num="224" count="0" type="stmt"/>
        <line num="226" count="0" type="stmt"/>
        <line num="228" count="0" type="stmt"/>
        <line num="230" count="0" type="stmt"/>
        <line num="232" count="0" type="stmt"/>
        <line num="234" count="0" type="stmt"/>
      </file>
    </package>
    <package name=".kilo.worktrees.sweet-carrot.backend.src.reporting.src.utils">
      <metrics statements="38" coveredstatements="21" conditionals="44" coveredconditionals="30" methods="5" coveredmethods="1"/>
      <file name="formatting.ts" path="D:\Aegis\Tool\version-1\.kilo\worktrees\sweet-carrot\backend\src\reporting\src\utils\formatting.ts">
        <metrics statements="12" coveredstatements="0" conditionals="8" coveredconditionals="0" methods="4" coveredmethods="0"/>
        <line num="2" count="0" type="stmt"/>
        <line num="3" count="0" type="stmt"/>
        <line num="4" count="0" type="cond" truecount="0" falsecount="2"/>
        <line num="5" count="0" type="stmt"/>
        <line num="7" count="0" type="stmt"/>
        <line num="15" count="0" type="stmt"/>
        <line num="20" count="0" type="cond" truecount="0" falsecount="2"/>
        <line num="21" count="0" type="cond" truecount="0" falsecount="2"/>
        <line num="22" count="0" type="stmt"/>
        <line num="26" count="0" type="stmt"/>
        <line num="30" count="0" type="cond" truecount="0" falsecount="2"/>
        <line num="31" count="0" type="stmt"/>
      </file>
      <file name="validation.ts" path="D:\Aegis\Tool\version-1\.kilo\worktrees\sweet-carrot\backend\src\reporting\src\utils\validation.ts">
        <metrics statements="26" coveredstatements="21" conditionals="36" coveredconditionals="30" methods="1" coveredmethods="1"/>
        <line num="4" count="8" type="cond" truecount="3" falsecount="1"/>
        <line num="5" count="0" type="stmt"/>
        <line num="8" count="8" type="stmt"/>
        <line num="10" count="8" type="cond" truecount="4" falsecount="0"/>
        <line num="11" count="2" type="stmt"/>
        <line num="14" count="6" type="stmt"/>
        <line num="16" count="6" type="cond" truecount="4" falsecount="0"/>
        <line num="17" count="1" type="stmt"/>
        <line num="19" count="5" type="cond" truecount="3" falsecount="1"/>
        <line num="20" count="0" type="stmt"/>
        <line num="22" count="5" type="cond" truecount="3" falsecount="1"/>
        <line num="23" count="0" type="stmt"/>
        <line num="26" count="5" type="cond" truecount="3" falsecount="1"/>
        <line num="27" count="0" type="stmt"/>
        <line num="30" count="5" type="stmt"/>
        <line num="32" count="5" type="cond" truecount="2" falsecount="0"/>
        <line num="33" count="1" type="stmt"/>
        <line num="35" count="4" type="cond" truecount="2" falsecount="0"/>
        <line num="36" count="1" type="stmt"/>
        <line num="38" count="3" type="cond" truecount="2" falsecount="2"/>
        <line num="39" count="0" type="stmt"/>
        <line num="42" count="3" type="cond" truecount="2" falsecount="0"/>
        <line num="43" count="1" type="stmt"/>
        <line num="46" count="2" type="cond" truecount="2" falsecount="0"/>
        <line num="47" count="1" type="stmt"/>
        <line num="50" count="1" type="stmt"/>
      </file>
    </package>
    <package name=".kilo.worktrees.sweet-carrot.backend.src.security-scoring.assessment">
      <metrics statements="24" coveredstatements="17" conditionals="27" coveredconditionals="15" methods="7" coveredmethods="5"/>
      <file name="assessment-data-adapter.ts" path="D:\Aegis\Tool\version-1\.kilo\worktrees\sweet-carrot\backend\src\security-scoring\assessment\assessment-data-adapter.ts">
        <metrics statements="24" coveredstatements="17" conditionals="27" coveredconditionals="15" methods="7" coveredmethods="5"/>
        <line num="5" count="3" type="stmt"/>
        <line num="10" count="3" type="cond" truecount="2" falsecount="0"/>
        <line num="12" count="2" type="stmt"/>
        <line num="13" count="2" type="stmt"/>
        <line num="15" count="2" type="stmt"/>
        <line num="20" count="2" type="cond" truecount="2" falsecount="0"/>
        <line num="21" count="1" type="stmt"/>
        <line num="24" count="1" type="stmt"/>
        <line num="26" count="1" type="stmt"/>
        <line num="31" count="2" type="stmt"/>
        <line num="33" count="1" type="stmt"/>
        <line num="34" count="1" type="cond" truecount="1" falsecount="1"/>
        <line num="35" count="2" type="stmt"/>
        <line num="36" count="1" type="stmt"/>
        <line num="44" count="3" type="stmt"/>
        <line num="57" count="1" type="stmt"/>
        <line num="65" count="2" type="stmt"/>
        <line num="70" count="0" type="stmt"/>
        <line num="75" count="0" type="cond" truecount="0" falsecount="2"/>
        <line num="77" count="0" type="stmt"/>
        <line num="79" count="0" type="stmt"/>
        <line num="88" count="0" type="cond" truecount="0" falsecount="2"/>
        <line num="90" count="0" type="stmt"/>
        <line num="91" count="0" type="stmt"/>
      </file>
    </package>
    <package name=".kilo.worktrees.sweet-carrot.backend.src.security-scoring.config">
      <metrics statements="3" coveredstatements="3" conditionals="0" coveredconditionals="0" methods="1" coveredmethods="1"/>
      <file name="scoring-config.ts" path="D:\Aegis\Tool\version-1\.kilo\worktrees\sweet-carrot\backend\src\security-scoring\config\scoring-config.ts">
        <metrics statements="3" coveredstatements="3" conditionals="0" coveredconditionals="0" methods="1" coveredmethods="1"/>
        <line num="1" count="2" type="stmt"/>
        <line num="26" count="2" type="stmt"/>
        <line num="160" count="7" type="stmt"/>
      </file>
    </package>
    <package name=".kilo.worktrees.sweet-carrot.backend.src.security-scoring.integration">
      <metrics statements="47" coveredstatements="38" conditionals="10" coveredconditionals="6" methods="3" coveredmethods="3"/>
      <file name="assessment-hook.ts" path="D:\Aegis\Tool\version-1\.kilo\worktrees\sweet-carrot\backend\src\security-scoring\integration\assessment-hook.ts">
        <metrics statements="24" coveredstatements="20" conditionals="4" coveredconditionals="3" methods="2" coveredmethods="2"/>
        <line num="9" count="3" type="stmt"/>
        <line num="10" count="3" type="stmt"/>
        <line num="12" count="3" type="stmt"/>
        <line num="13" count="2" type="cond" truecount="2" falsecount="0"/>
        <line num="14" count="1" type="stmt"/>
        <line num="15" count="1" type="stmt"/>
        <line num="18" count="1" type="stmt"/>
        <line num="20" count="1" type="cond" truecount="1" falsecount="1"/>
        <line num="21" count="0" type="stmt"/>
        <line num="22" count="0" type="stmt"/>
        <line num="25" count="1" type="stmt"/>
        <line num="26" count="1" type="stmt"/>
        <line num="28" count="1" type="stmt"/>
        <line num="29" count="1" type="stmt"/>
        <line num="31" count="1" type="stmt"/>
        <line num="33" count="1" type="stmt"/>
        <line num="34" count="1" type="stmt"/>
        <line num="36" count="1" type="stmt"/>
        <line num="38" count="1" type="stmt"/>
        <line num="39" count="1" type="stmt"/>
        <line num="44" count="1" type="stmt"/>
        <line num="45" count="1" type="stmt"/>
        <line num="47" count="0" type="stmt"/>
        <line num="48" count="0" type="stmt"/>
      </file>
      <file name="report-adapter.ts" path="D:\Aegis\Tool\version-1\.kilo\worktrees\sweet-carrot\backend\src\security-scoring\integration\report-adapter.ts">
        <metrics statements="23" coveredstatements="18" conditionals="6" coveredconditionals="3" methods="1" coveredmethods="1"/>
        <line num="5" count="1" type="stmt"/>
        <line num="6" count="1" type="stmt"/>
        <line num="8" count="1" type="stmt"/>
        <line num="9" count="1" type="stmt"/>
        <line num="11" count="1" type="stmt"/>
        <line num="12" count="1" type="stmt"/>
        <line num="13" count="1" type="stmt"/>
        <line num="15" count="1" type="stmt"/>
        <line num="20" count="1" type="cond" truecount="1" falsecount="1"/>
        <line num="21" count="1" type="stmt"/>
        <line num="26" count="0" type="stmt"/>
        <line num="32" count="1" type="stmt"/>
        <line num="37" count="1" type="cond" truecount="1" falsecount="1"/>
        <line num="38" count="1" type="stmt"/>
        <line num="43" count="0" type="stmt"/>
        <line num="49" count="1" type="stmt"/>
        <line num="54" count="1" type="cond" truecount="1" falsecount="1"/>
        <line num="55" count="1" type="stmt"/>
        <line num="60" count="0" type="stmt"/>
        <line num="66" count="1" type="stmt"/>
        <line num="68" count="0" type="stmt"/>
        <line num="69" count="0" type="stmt"/>
        <line num="71" count="1" type="stmt"/>
      </file>
    </package>
    <package name=".kilo.worktrees.sweet-carrot.backend.src.security-scoring.persistence">
      <metrics statements="19" coveredstatements="14" conditionals="14" coveredconditionals="7" methods="7" coveredmethods="6"/>
      <file name="score-repository.ts" path="D:\Aegis\Tool\version-1\.kilo\worktrees\sweet-carrot\backend\src\security-scoring\persistence\score-repository.ts">
        <metrics statements="19" coveredstatements="14" conditionals="14" coveredconditionals="7" methods="7" coveredmethods="6"/>
        <line num="5" count="1" type="stmt"/>
        <line num="6" count="5" type="stmt"/>
        <line num="7" count="1" type="stmt"/>
        <line num="11" count="1" type="stmt"/>
        <line num="12" count="1" type="stmt"/>
        <line num="14" count="1" type="stmt"/>
        <line num="49" count="0" type="stmt"/>
        <line num="54" count="0" type="cond" truecount="0" falsecount="2"/>
        <line num="55" count="0" type="stmt"/>
        <line num="59" count="1" type="stmt"/>
        <line num="64" count="1" type="cond" truecount="1" falsecount="1"/>
        <line num="65" count="1" type="stmt"/>
        <line num="69" count="1" type="stmt"/>
        <line num="86" count="5" type="cond" truecount="3" falsecount="1"/>
        <line num="87" count="5" type="cond" truecount="1" falsecount="1"/>
        <line num="88" count="5" type="stmt"/>
        <line num="89" count="5" type="stmt"/>
        <line num="91" count="0" type="stmt"/>
        <line num="94" count="0" type="stmt"/>
      </file>
    </package>
    <package name=".kilo.worktrees.sweet-carrot.backend.src.security-scoring.recommendations">
      <metrics statements="43" coveredstatements="41" conditionals="26" coveredconditionals="18" methods="7" coveredmethods="7"/>
      <file name="recommendation-engine.ts" path="D:\Aegis\Tool\version-1\.kilo\worktrees\sweet-carrot\backend\src\security-scoring\recommendations\recommendation-engine.ts">
        <metrics statements="43" coveredstatements="41" conditionals="26" coveredconditionals="18" methods="7" coveredmethods="7"/>
        <line num="6" count="2" type="stmt"/>
        <line num="9" count="5" type="cond" truecount="2" falsecount="0"/>
        <line num="10" count="2" type="stmt"/>
        <line num="11" count="4" type="stmt"/>
        <line num="13" count="5" type="stmt"/>
        <line num="20" count="5" type="stmt"/>
        <line num="21" count="5" type="stmt"/>
        <line num="23" count="5" type="stmt"/>
        <line num="25" count="5" type="stmt"/>
        <line num="26" count="9" type="cond" truecount="2" falsecount="0"/>
        <line num="28" count="7" type="cond" truecount="2" falsecount="0"/>
        <line num="29" count="9" type="stmt"/>
        <line num="30" count="9" type="cond" truecount="2" falsecount="0"/>
        <line num="32" count="6" type="cond" truecount="1" falsecount="1"/>
        <line num="33" count="6" type="stmt"/>
        <line num="35" count="6" type="stmt"/>
        <line num="38" count="5" type="stmt"/>
        <line num="39" count="5" type="stmt"/>
        <line num="40" count="6" type="stmt"/>
        <line num="41" count="6" type="stmt"/>
        <line num="52" count="6" type="stmt"/>
        <line num="53" count="6" type="stmt"/>
        <line num="56" count="5" type="stmt"/>
        <line num="57" count="2" type="stmt"/>
        <line num="58" count="2" type="cond" truecount="2" falsecount="2"/>
        <line num="59" count="2" type="cond" truecount="1" falsecount="1"/>
        <line num="60" count="0" type="stmt"/>
        <line num="63" count="5" type="stmt"/>
        <line num="67" count="6" type="stmt"/>
        <line num="68" count="6" type="stmt"/>
        <line num="70" count="6" type="stmt"/>
        <line num="71" count="12" type="cond" truecount="2" falsecount="0"/>
        <line num="72" count="6" type="stmt"/>
        <line num="73" count="6" type="cond" truecount="3" falsecount="3"/>
        <line num="74" count="6" type="stmt"/>
        <line num="79" count="6" type="stmt"/>
        <line num="83" count="6" type="stmt"/>
        <line num="84" count="6" type="cond" truecount="1" falsecount="1"/>
        <line num="85" count="0" type="stmt"/>
        <line num="89" count="6" type="stmt"/>
        <line num="90" count="6" type="stmt"/>
        <line num="91" count="6" type="stmt"/>
        <line num="93" count="6" type="stmt"/>
      </file>
    </package>
    <package name=".kilo.worktrees.sweet-carrot.backend.src.security-scoring.scoring">
      <metrics statements="77" coveredstatements="74" conditionals="57" coveredconditionals="45" methods="6" coveredmethods="6"/>
      <file name="scoring-engine.ts" path="D:\Aegis\Tool\version-1\.kilo\worktrees\sweet-carrot\backend\src\security-scoring\scoring\scoring-engine.ts">
        <metrics statements="77" coveredstatements="74" conditionals="57" coveredconditionals="45" methods="6" coveredmethods="6"/>
        <line num="11" count="17" type="cond" truecount="1" falsecount="1"/>
        <line num="12" count="17" type="stmt"/>
        <line num="14" count="17" type="stmt"/>
        <line num="15" count="17" type="stmt"/>
        <line num="16" count="17" type="stmt"/>
        <line num="17" count="17" type="stmt"/>
        <line num="18" count="17" type="stmt"/>
        <line num="19" count="17" type="stmt"/>
        <line num="20" count="17" type="stmt"/>
        <line num="21" count="17" type="stmt"/>
        <line num="23" count="17" type="stmt"/>
        <line num="24" count="17" type="stmt"/>
        <line num="25" count="17" type="stmt"/>
        <line num="27" count="17" type="stmt"/>
        <line num="28" count="30" type="stmt"/>
        <line num="29" count="30" type="stmt"/>
        <line num="30" count="30" type="cond" truecount="1" falsecount="1"/>
        <line num="31" count="30" type="cond" truecount="2" falsecount="0"/>
        <line num="32" count="30" type="cond" truecount="1" falsecount="1"/>
        <line num="34" count="30" type="cond" truecount="2" falsecount="0"/>
        <line num="35" count="27" type="stmt"/>
        <line num="36" count="27" type="stmt"/>
        <line num="37" count="27" type="stmt"/>
        <line num="40" count="30" type="cond" truecount="2" falsecount="0"/>
        <line num="41" count="19" type="cond" truecount="2" falsecount="0"/>
        <line num="42" count="15" type="stmt"/>
        <line num="43" count="15" type="stmt"/>
        <line num="53" count="4" type="cond" truecount="2" falsecount="0"/>
        <line num="54" count="3" type="cond" truecount="2" falsecount="0"/>
        <line num="55" count="2" type="cond" truecount="1" falsecount="1"/>
        <line num="56" count="2" type="stmt"/>
        <line num="57" count="2" type="stmt"/>
        <line num="60" count="30" type="stmt"/>
        <line num="62" count="30" type="cond" truecount="2" falsecount="1"/>
        <line num="63" count="30" type="cond" truecount="2" falsecount="0"/>
        <line num="64" count="23" type="stmt"/>
        <line num="66" count="30" type="stmt"/>
        <line num="69" count="17" type="cond" truecount="2" falsecount="0"/>
        <line num="70" count="17" type="cond" truecount="2" falsecount="0"/>
        <line num="72" count="17" type="stmt"/>
        <line num="73" count="17" type="stmt"/>
        <line num="74" count="23" type="stmt"/>
        <line num="75" count="23" type="stmt"/>
        <line num="76" count="23" type="stmt"/>
        <line num="77" count="23" type="stmt"/>
        <line num="78" count="23" type="stmt"/>
        <line num="79" count="23" type="stmt"/>
        <line num="81" count="23" type="stmt"/>
        <line num="82" count="30" type="stmt"/>
        <line num="83" count="30" type="stmt"/>
        <line num="84" count="30" type="cond" truecount="1" falsecount="1"/>
        <line num="85" count="30" type="cond" truecount="1" falsecount="1"/>
        <line num="87" count="30" type="cond" truecount="2" falsecount="0"/>
        <line num="88" count="27" type="cond" truecount="1" falsecount="1"/>
        <line num="89" count="27" type="stmt"/>
        <line num="92" count="30" type="cond" truecount="2" falsecount="0"/>
        <line num="93" count="19" type="cond" truecount="2" falsecount="0"/>
        <line num="94" count="4" type="cond" truecount="2" falsecount="0"/>
        <line num="95" count="3" type="stmt"/>
        <line num="98" count="23" type="stmt"/>
        <line num="109" count="17" type="stmt"/>
        <line num="110" count="17" type="stmt"/>
        <line num="111" count="5" type="stmt"/>
        <line num="112" count="5" type="cond" truecount="2" falsecount="2"/>
        <line num="115" count="17" type="stmt"/>
        <line num="140" count="60" type="stmt"/>
        <line num="141" count="60" type="cond" truecount="1" falsecount="1"/>
        <line num="142" count="60" type="stmt"/>
        <line num="144" count="0" type="stmt"/>
        <line num="148" count="60" type="stmt"/>
        <line num="149" count="60" type="cond" truecount="1" falsecount="1"/>
        <line num="150" count="60" type="stmt"/>
        <line num="152" count="0" type="stmt"/>
        <line num="156" count="16" type="stmt"/>
        <line num="157" count="56" type="cond" truecount="4" falsecount="0"/>
        <line num="158" count="16" type="stmt"/>
        <line num="161" count="0" type="stmt"/>
      </file>
    </package>
    <package name=".kilo.worktrees.sweet-carrot.backend.src.services">
      <metrics statements="139" coveredstatements="60" conditionals="746" coveredconditionals="126" methods="197" coveredmethods="14"/>
      <file name="emailSecurityControlDefinitions.ts" path="D:\Aegis\Tool\version-1\.kilo\worktrees\sweet-carrot\backend\src\services\emailSecurityControlDefinitions.ts">
        <metrics statements="84" coveredstatements="7" conditionals="652" coveredconditionals="33" methods="194" coveredmethods="11"/>
        <line num="19" count="1" type="stmt"/>
        <line num="20" count="4" type="cond" truecount="5" falsecount="1"/>
        <line num="21" count="0" type="cond" truecount="0" falsecount="16"/>
        <line num="22" count="0" type="cond" truecount="0" falsecount="14"/>
        <line num="23" count="0" type="cond" truecount="0" falsecount="19"/>
        <line num="24" count="0" type="cond" truecount="0" falsecount="14"/>
        <line num="25" count="0" type="cond" truecount="0" falsecount="10"/>
        <line num="26" count="0" type="cond" truecount="0" falsecount="14"/>
        <line num="27" count="0" type="cond" truecount="0" falsecount="19"/>
        <line num="28" count="0" type="cond" truecount="0" falsecount="14"/>
        <line num="29" count="0" type="cond" truecount="0" falsecount="19"/>
        <line num="30" count="0" type="cond" truecount="0" falsecount="14"/>
        <line num="31" count="0" type="cond" truecount="0" falsecount="19"/>
        <line num="32" count="0" type="cond" truecount="0" falsecount="8"/>
        <line num="33" count="0" type="cond" truecount="0" falsecount="10"/>
        <line num="34" count="4" type="cond" truecount="5" falsecount="0"/>
        <line num="35" count="0" type="cond" truecount="0" falsecount="14"/>
        <line num="36" count="0" type="cond" truecount="0" falsecount="10"/>
        <line num="37" count="0" type="cond" truecount="0" falsecount="10"/>
        <line num="38" count="0" type="cond" truecount="0" falsecount="8"/>
        <line num="39" count="4" type="cond" truecount="9" falsecount="3"/>
        <line num="40" count="4" type="cond" truecount="8" falsecount="5"/>
        <line num="41" count="2" type="cond" truecount="4" falsecount="0"/>
        <line num="42" count="0" type="cond" truecount="0" falsecount="4"/>
        <line num="43" count="0" type="cond" truecount="0" falsecount="4"/>
        <line num="44" count="1" type="cond" truecount="2" falsecount="2"/>
        <line num="45" count="0" type="cond" truecount="0" falsecount="4"/>
        <line num="46" count="0" type="cond" truecount="0" falsecount="10"/>
        <line num="47" count="0" type="cond" truecount="0" falsecount="10"/>
        <line num="48" count="0" type="cond" truecount="0" falsecount="10"/>
        <line num="49" count="0" type="cond" truecount="0" falsecount="10"/>
        <line num="50" count="0" type="cond" truecount="0" falsecount="10"/>
        <line num="51" count="0" type="cond" truecount="0" falsecount="10"/>
        <line num="52" count="0" type="cond" truecount="0" falsecount="10"/>
        <line num="53" count="0" type="cond" truecount="0" falsecount="10"/>
        <line num="54" count="0" type="cond" truecount="0" falsecount="6"/>
        <line num="55" count="0" type="cond" truecount="0" falsecount="6"/>
        <line num="56" count="0" type="cond" truecount="0" falsecount="6"/>
        <line num="57" count="0" type="cond" truecount="0" falsecount="6"/>
        <line num="58" count="0" type="cond" truecount="0" falsecount="6"/>
        <line num="59" count="0" type="cond" truecount="0" falsecount="6"/>
        <line num="60" count="0" type="cond" truecount="0" falsecount="6"/>
        <line num="61" count="0" type="cond" truecount="0" falsecount="6"/>
        <line num="62" count="0" type="cond" truecount="0" falsecount="6"/>
        <line num="63" count="0" type="cond" truecount="0" falsecount="6"/>
        <line num="64" count="0" type="cond" truecount="0" falsecount="6"/>
        <line num="65" count="0" type="cond" truecount="0" falsecount="6"/>
        <line num="66" count="0" type="cond" truecount="0" falsecount="6"/>
        <line num="67" count="0" type="cond" truecount="0" falsecount="6"/>
        <line num="68" count="0" type="cond" truecount="0" falsecount="6"/>
        <line num="69" count="0" type="cond" truecount="0" falsecount="6"/>
        <line num="70" count="0" type="cond" truecount="0" falsecount="6"/>
        <line num="71" count="0" type="cond" truecount="0" falsecount="6"/>
        <line num="72" count="0" type="cond" truecount="0" falsecount="6"/>
        <line num="73" count="0" type="cond" truecount="0" falsecount="6"/>
        <line num="74" count="0" type="cond" truecount="0" falsecount="6"/>
        <line num="75" count="0" type="cond" truecount="0" falsecount="6"/>
        <line num="76" count="0" type="cond" truecount="0" falsecount="6"/>
        <line num="77" count="0" type="cond" truecount="0" falsecount="6"/>
        <line num="78" count="0" type="cond" truecount="0" falsecount="6"/>
        <line num="79" count="0" type="cond" truecount="0" falsecount="6"/>
        <line num="80" count="0" type="cond" truecount="0" falsecount="6"/>
        <line num="81" count="0" type="cond" truecount="0" falsecount="6"/>
        <line num="82" count="0" type="cond" truecount="0" falsecount="12"/>
        <line num="83" count="0" type="cond" truecount="0" falsecount="11"/>
        <line num="84" count="0" type="cond" truecount="0" falsecount="11"/>
        <line num="85" count="0" type="cond" truecount="0" falsecount="4"/>
        <line num="86" count="0" type="cond" truecount="0" falsecount="4"/>
        <line num="87" count="0" type="cond" truecount="0" falsecount="4"/>
        <line num="88" count="0" type="cond" truecount="0" falsecount="4"/>
        <line num="89" count="0" type="cond" truecount="0" falsecount="4"/>
        <line num="90" count="0" type="cond" truecount="0" falsecount="4"/>
        <line num="91" count="0" type="cond" truecount="0" falsecount="4"/>
        <line num="92" count="0" type="cond" truecount="0" falsecount="8"/>
        <line num="93" count="0" type="cond" truecount="0" falsecount="4"/>
        <line num="94" count="0" type="cond" truecount="0" falsecount="7"/>
        <line num="95" count="0" type="cond" truecount="0" falsecount="4"/>
        <line num="96" count="0" type="cond" truecount="0" falsecount="7"/>
        <line num="97" count="0" type="cond" truecount="0" falsecount="4"/>
        <line num="98" count="0" type="cond" truecount="0" falsecount="4"/>
        <line num="99" count="0" type="cond" truecount="0" falsecount="4"/>
        <line num="100" count="0" type="cond" truecount="0" falsecount="4"/>
        <line num="101" count="0" type="cond" truecount="0" falsecount="4"/>
        <line num="102" count="0" type="cond" truecount="0" falsecount="4"/>
      </file>
      <file name="emailSecurityEvaluator.ts" path="D:\Aegis\Tool\version-1\.kilo\worktrees\sweet-carrot\backend\src\services\emailSecurityEvaluator.ts">
        <metrics statements="55" coveredstatements="53" conditionals="94" coveredconditionals="93" methods="3" coveredmethods="3"/>
        <line num="6" count="17" type="stmt"/>
        <line num="8" count="17" type="cond" truecount="4" falsecount="0"/>
        <line num="9" count="4" type="stmt"/>
        <line num="11" count="17" type="cond" truecount="4" falsecount="0"/>
        <line num="12" count="4" type="stmt"/>
        <line num="14" count="17" type="cond" truecount="4" falsecount="0"/>
        <line num="15" count="4" type="stmt"/>
        <line num="17" count="17" type="cond" truecount="4" falsecount="0"/>
        <line num="18" count="4" type="stmt"/>
        <line num="20" count="17" type="cond" truecount="4" falsecount="0"/>
        <line num="21" count="4" type="stmt"/>
        <line num="23" count="17" type="cond" truecount="4" falsecount="0"/>
        <line num="24" count="4" type="stmt"/>
        <line num="26" count="17" type="cond" truecount="4" falsecount="0"/>
        <line num="27" count="4" type="stmt"/>
        <line num="29" count="17" type="cond" truecount="4" falsecount="0"/>
        <line num="30" count="4" type="stmt"/>
        <line num="32" count="17" type="cond" truecount="4" falsecount="0"/>
        <line num="33" count="4" type="stmt"/>
        <line num="35" count="17" type="cond" truecount="4" falsecount="0"/>
        <line num="36" count="4" type="stmt"/>
        <line num="38" count="17" type="cond" truecount="4" falsecount="0"/>
        <line num="39" count="4" type="stmt"/>
        <line num="41" count="17" type="cond" truecount="4" falsecount="0"/>
        <line num="42" count="4" type="stmt"/>
        <line num="44" count="17" type="cond" truecount="4" falsecount="0"/>
        <line num="45" count="4" type="stmt"/>
        <line num="47" count="17" type="cond" truecount="4" falsecount="0"/>
        <line num="48" count="4" type="stmt"/>
        <line num="50" count="17" type="cond" truecount="4" falsecount="0"/>
        <line num="51" count="4" type="stmt"/>
        <line num="53" count="17" type="cond" truecount="4" falsecount="0"/>
        <line num="54" count="4" type="stmt"/>
        <line num="56" count="17" type="cond" truecount="4" falsecount="0"/>
        <line num="57" count="4" type="stmt"/>
        <line num="59" count="17" type="cond" truecount="4" falsecount="0"/>
        <line num="60" count="4" type="stmt"/>
        <line num="62" count="17" type="cond" truecount="4" falsecount="0"/>
        <line num="63" count="4" type="stmt"/>
        <line num="65" count="17" type="cond" truecount="4" falsecount="0"/>
        <line num="66" count="4" type="stmt"/>
        <line num="68" count="17" type="cond" truecount="4" falsecount="0"/>
        <line num="69" count="4" type="stmt"/>
        <line num="71" count="17" type="cond" truecount="4" falsecount="0"/>
        <line num="72" count="4" type="stmt"/>
        <line num="74" count="17" type="cond" truecount="3" falsecount="1"/>
        <line num="75" count="0" type="stmt"/>
        <line num="78" count="17" type="stmt"/>
        <line num="82" count="17" type="stmt"/>
        <line num="83" count="318" type="stmt"/>
        <line num="84" count="17" type="cond" truecount="2" falsecount="0"/>
        <line num="85" count="1" type="stmt"/>
        <line num="88" count="16" type="stmt"/>
        <line num="89" count="16" type="stmt"/>
        <line num="91" count="0" type="stmt"/>
      </file>
    </package>
    <package name="backend.src.reporting.src">
      <metrics statements="0" coveredstatements="0" conditionals="0" coveredconditionals="0" methods="0" coveredmethods="0"/>
      <file name="index.ts" path="D:\Aegis\Tool\version-1\backend\src\reporting\src\index.ts">
        <metrics statements="0" coveredstatements="0" conditionals="0" coveredconditionals="0" methods="0" coveredmethods="0"/>
      </file>
    </package>
    <package name="backend.src.reporting.src.builders">
      <metrics statements="58" coveredstatements="48" conditionals="79" coveredconditionals="44" methods="11" coveredmethods="10"/>
      <file name="report-data.builder.ts" path="D:\Aegis\Tool\version-1\backend\src\reporting\src\builders\report-data.builder.ts">
        <metrics statements="20" coveredstatements="20" conditionals="20" coveredconditionals="13" methods="5" coveredmethods="5"/>
        <line num="73" count="5" type="cond" truecount="2" falsecount="0"/>
        <line num="74" count="5" type="stmt"/>
        <line num="75" count="5" type="stmt"/>
        <line num="76" count="5" type="cond" truecount="2" falsecount="0"/>
        <line num="77" count="5" type="stmt"/>
        <line num="79" count="5" type="stmt"/>
        <line num="81" count="5" type="stmt"/>
        <line num="82" count="5" type="stmt"/>
        <line num="95" count="5" type="stmt"/>
        <line num="107" count="5" type="stmt"/>
        <line num="108" count="5" type="stmt"/>
        <line num="110" count="5" type="stmt"/>
        <line num="155" count="9" type="cond" truecount="1" falsecount="1"/>
        <line num="156" count="9" type="stmt"/>
        <line num="157" count="9" type="stmt"/>
        <line num="158" count="9" type="cond" truecount="1" falsecount="1"/>
        <line num="159" count="9" type="stmt"/>
        <line num="161" count="9" type="stmt"/>
        <line num="173" count="9" type="stmt"/>
        <line num="185" count="9" type="stmt"/>
      </file>
      <file name="route-adapter.ts" path="D:\Aegis\Tool\version-1\backend\src\reporting\src\builders\route-adapter.ts">
        <metrics statements="38" coveredstatements="28" conditionals="59" coveredconditionals="31" methods="6" coveredmethods="5"/>
        <line num="45" count="3" type="stmt"/>
        <line num="47" count="3" type="stmt"/>
        <line num="59" count="3" type="stmt"/>
        <line num="60" count="3" type="stmt"/>
        <line num="62" count="3" type="stmt"/>
        <line num="63" count="2" type="stmt"/>
        <line num="66" count="3" type="stmt"/>
        <line num="67" count="2" type="stmt"/>
        <line num="68" count="2" type="cond" truecount="1" falsecount="1"/>
        <line num="69" count="2" type="cond" truecount="4" falsecount="0"/>
        <line num="70" count="1" type="stmt"/>
        <line num="71" count="1" type="stmt"/>
        <line num="81" count="1" type="cond" truecount="3" falsecount="1"/>
        <line num="82" count="1" type="stmt"/>
        <line num="94" count="3" type="cond" truecount="1" falsecount="1"/>
        <line num="95" count="3" type="cond" truecount="1" falsecount="1"/>
        <line num="96" count="3" type="cond" truecount="3" falsecount="1"/>
        <line num="98" count="3" type="stmt"/>
        <line num="99" count="3" type="stmt"/>
        <line num="100" count="0" type="stmt"/>
        <line num="103" count="3" type="stmt"/>
        <line num="112" count="2" type="stmt"/>
        <line num="113" count="2" type="cond" truecount="2" falsecount="7"/>
        <line num="115" count="1" type="stmt"/>
        <line num="117" count="1" type="stmt"/>
        <line num="119" count="0" type="stmt"/>
        <line num="122" count="0" type="stmt"/>
        <line num="124" count="0" type="stmt"/>
        <line num="126" count="0" type="stmt"/>
        <line num="128" count="0" type="stmt"/>
        <line num="130" count="0" type="stmt"/>
        <line num="135" count="2" type="stmt"/>
        <line num="136" count="2" type="cond" truecount="2" falsecount="3"/>
        <line num="138" count="1" type="stmt"/>
        <line num="140" count="1" type="stmt"/>
        <line num="142" count="0" type="stmt"/>
        <line num="144" count="0" type="stmt"/>
        <line num="146" count="0" type="stmt"/>
      </file>
    </package>
    <package name="backend.src.reporting.src.charts">
      <metrics statements="55" coveredstatements="0" conditionals="22" coveredconditionals="0" methods="2" coveredmethods="0"/>
      <file name="donut-chart.ts" path="D:\Aegis\Tool\version-1\backend\src\reporting\src\charts\donut-chart.ts">
        <metrics statements="55" coveredstatements="0" conditionals="22" coveredconditionals="0" methods="2" coveredmethods="0"/>
        <line num="19" count="0" type="cond" truecount="0" falsecount="3"/>
        <line num="20" count="0" type="cond" truecount="0" falsecount="2"/>
        <line num="22" count="0" type="cond" truecount="0" falsecount="2"/>
        <line num="23" count="0" type="cond" truecount="0" falsecount="2"/>
        <line num="24" count="0" type="cond" truecount="0" falsecount="2"/>
        <line num="25" count="0" type="cond" truecount="0" falsecount="2"/>
        <line num="27" count="0" type="cond" truecount="0" falsecount="2"/>
        <line num="28" count="0" type="cond" truecount="0" falsecount="2"/>
        <line num="30" count="0" type="stmt"/>
        <line num="32" count="0" type="stmt"/>
        <line num="33" count="0" type="stmt"/>
        <line num="34" count="0" type="stmt"/>
        <line num="35" count="0" type="stmt"/>
        <line num="37" count="0" type="cond" truecount="0" falsecount="2"/>
        <line num="38" count="0" type="stmt"/>
        <line num="41" count="0" type="cond" truecount="0" falsecount="2"/>
        <line num="42" count="0" type="stmt"/>
        <line num="45" count="0" type="stmt"/>
        <line num="46" count="0" type="stmt"/>
        <line num="47" count="0" type="stmt"/>
        <line num="49" count="0" type="stmt"/>
        <line num="50" count="0" type="stmt"/>
        <line num="51" count="0" type="stmt"/>
        <line num="52" count="0" type="stmt"/>
        <line num="53" count="0" type="stmt"/>
        <line num="55" count="0" type="stmt"/>
        <line num="56" count="0" type="stmt"/>
        <line num="57" count="0" type="stmt"/>
        <line num="58" count="0" type="stmt"/>
        <line num="59" count="0" type="stmt"/>
        <line num="60" count="0" type="stmt"/>
        <line num="62" count="0" type="stmt"/>
        <line num="63" count="0" type="stmt"/>
        <line num="64" count="0" type="stmt"/>
        <line num="65" count="0" type="stmt"/>
        <line num="67" count="0" type="stmt"/>
        <line num="80" count="0" type="stmt"/>
        <line num="81" count="0" type="stmt"/>
        <line num="83" count="0" type="stmt"/>
        <line num="84" count="0" type="stmt"/>
        <line num="85" count="0" type="stmt"/>
        <line num="86" count="0" type="stmt"/>
        <line num="88" count="0" type="stmt"/>
        <line num="89" count="0" type="stmt"/>
        <line num="90" count="0" type="stmt"/>
        <line num="91" count="0" type="stmt"/>
        <line num="93" count="0" type="stmt"/>
        <line num="94" count="0" type="stmt"/>
        <line num="95" count="0" type="stmt"/>
        <line num="96" count="0" type="stmt"/>
        <line num="97" count="0" type="stmt"/>
        <line num="98" count="0" type="stmt"/>
        <line num="99" count="0" type="stmt"/>
        <line num="100" count="0" type="stmt"/>
        <line num="101" count="0" type="stmt"/>
      </file>
    </package>
    <package name="backend.src.reporting.src.excel">
      <metrics statements="59" coveredstatements="0" conditionals="41" coveredconditionals="0" methods="1" coveredmethods="0"/>
      <file name="excel-report.generator.ts" path="D:\Aegis\Tool\version-1\backend\src\reporting\src\excel\excel-report.generator.ts">
        <metrics statements="59" coveredstatements="0" conditionals="41" coveredconditionals="0" methods="1" coveredmethods="0"/>
        <line num="6" count="0" type="stmt"/>
        <line num="7" count="0" type="stmt"/>
        <line num="8" count="0" type="stmt"/>
        <line num="11" count="0" type="stmt"/>
        <line num="12" count="0" type="stmt"/>
        <line num="14" count="0" type="stmt"/>
        <line num="15" count="0" type="stmt"/>
        <line num="16" count="0" type="cond" truecount="0" falsecount="2"/>
        <line num="17" count="0" type="stmt"/>
        <line num="18" count="0" type="stmt"/>
        <line num="19" count="0" type="stmt"/>
        <line num="20" count="0" type="cond" truecount="0" falsecount="2"/>
        <line num="21" count="0" type="stmt"/>
        <line num="22" count="0" type="stmt"/>
        <line num="23" count="0" type="cond" truecount="0" falsecount="2"/>
        <line num="24" count="0" type="cond" truecount="0" falsecount="3"/>
        <line num="25" count="0" type="cond" truecount="0" falsecount="4"/>
        <line num="26" count="0" type="stmt"/>
        <line num="27" count="0" type="stmt"/>
        <line num="28" count="0" type="stmt"/>
        <line num="29" count="0" type="stmt"/>
        <line num="30" count="0" type="stmt"/>
        <line num="31" count="0" type="stmt"/>
        <line num="34" count="0" type="stmt"/>
        <line num="35" count="0" type="stmt"/>
        <line num="47" count="0" type="stmt"/>
        <line num="48" count="0" type="stmt"/>
        <line num="49" count="0" type="stmt"/>
        <line num="51" count="0" type="stmt"/>
        <line num="52" count="0" type="stmt"/>
        <line num="65" count="0" type="stmt"/>
        <line num="68" count="0" type="cond" truecount="0" falsecount="4"/>
        <line num="69" count="0" type="stmt"/>
        <line num="70" count="0" type="stmt"/>
        <line num="80" count="0" type="stmt"/>
        <line num="81" count="0" type="stmt"/>
        <line num="82" count="0" type="stmt"/>
        <line num="84" count="0" type="stmt"/>
        <line num="85" count="0" type="stmt"/>
        <line num="96" count="0" type="stmt"/>
        <line num="100" count="0" type="cond" truecount="0" falsecount="4"/>
        <line num="101" count="0" type="stmt"/>
        <line num="102" count="0" type="stmt"/>
        <line num="108" count="0" type="stmt"/>
        <line num="109" count="0" type="stmt"/>
        <line num="110" count="0" type="stmt"/>
        <line num="112" count="0" type="stmt"/>
        <line num="113" count="0" type="stmt"/>
        <line num="120" count="0" type="stmt"/>
        <line num="124" count="0" type="cond" truecount="0" falsecount="4"/>
        <line num="125" count="0" type="stmt"/>
        <line num="126" count="0" type="stmt"/>
        <line num="134" count="0" type="stmt"/>
        <line num="135" count="0" type="stmt"/>
        <line num="136" count="0" type="stmt"/>
        <line num="138" count="0" type="stmt"/>
        <line num="139" count="0" type="stmt"/>
        <line num="148" count="0" type="stmt"/>
        <line num="151" count="0" type="stmt"/>
      </file>
    </package>
    <package name="backend.src.reporting.src.pdf">
      <metrics statements="128" coveredstatements="0" conditionals="63" coveredconditionals="0" methods="6" coveredmethods="0"/>
      <file name="pdf-report.generator.ts" path="D:\Aegis\Tool\version-1\backend\src\reporting\src\pdf\pdf-report.generator.ts">
        <metrics statements="128" coveredstatements="0" conditionals="63" coveredconditionals="0" methods="6" coveredmethods="0"/>
        <line num="15" count="0" type="stmt"/>
        <line num="16" count="0" type="stmt"/>
        <line num="17" count="0" type="cond" truecount="0" falsecount="4"/>
        <line num="19" count="0" type="stmt"/>
        <line num="20" count="0" type="stmt"/>
        <line num="21" count="0" type="stmt"/>
        <line num="23" count="0" type="stmt"/>
        <line num="24" count="0" type="stmt"/>
        <line num="25" count="0" type="stmt"/>
        <line num="26" count="0" type="stmt"/>
        <line num="27" count="0" type="stmt"/>
        <line num="30" count="0" type="stmt"/>
        <line num="31" count="0" type="stmt"/>
        <line num="32" count="0" type="cond" truecount="0" falsecount="2"/>
        <line num="33" count="0" type="stmt"/>
        <line num="35" count="0" type="stmt"/>
        <line num="42" count="0" type="stmt"/>
        <line num="43" count="0" type="stmt"/>
        <line num="44" count="0" type="cond" truecount="0" falsecount="2"/>
        <line num="45" count="0" type="stmt"/>
        <line num="46" count="0" type="stmt"/>
        <line num="49" count="0" type="stmt"/>
        <line num="50" count="0" type="stmt"/>
        <line num="51" count="0" type="stmt"/>
        <line num="52" count="0" type="stmt"/>
        <line num="54" count="0" type="stmt"/>
        <line num="67" count="0" type="stmt"/>
        <line num="68" count="0" type="stmt"/>
        <line num="71" count="0" type="stmt"/>
        <line num="74" count="0" type="stmt"/>
        <line num="75" count="0" type="stmt"/>
        <line num="76" count="0" type="stmt"/>
        <line num="78" count="0" type="stmt"/>
        <line num="79" count="0" type="stmt"/>
        <line num="81" count="0" type="stmt"/>
        <line num="84" count="0" type="stmt"/>
        <line num="86" count="0" type="cond" truecount="0" falsecount="2"/>
        <line num="87" count="0" type="stmt"/>
        <line num="88" count="0" type="stmt"/>
        <line num="89" count="0" type="stmt"/>
        <line num="90" count="0" type="stmt"/>
        <line num="91" count="0" type="stmt"/>
        <line num="93" count="0" type="stmt"/>
        <line num="95" count="0" type="stmt"/>
        <line num="96" count="0" type="stmt"/>
        <line num="97" count="0" type="stmt"/>
        <line num="98" count="0" type="stmt"/>
        <line num="99" count="0" type="cond" truecount="0" falsecount="2"/>
        <line num="102" count="0" type="stmt"/>
        <line num="105" count="0" type="stmt"/>
        <line num="108" count="0" type="stmt"/>
        <line num="109" count="0" type="stmt"/>
        <line num="110" count="0" type="stmt"/>
        <line num="112" count="0" type="stmt"/>
        <line num="113" count="0" type="stmt"/>
        <line num="114" count="0" type="stmt"/>
        <line num="115" count="0" type="stmt"/>
        <line num="116" count="0" type="cond" truecount="0" falsecount="4"/>
        <line num="117" count="0" type="cond" truecount="0" falsecount="2"/>
        <line num="118" count="0" type="stmt"/>
        <line num="120" count="0" type="cond" truecount="0" falsecount="2"/>
        <line num="121" count="0" type="stmt"/>
        <line num="123" count="0" type="stmt"/>
        <line num="125" count="0" type="cond" truecount="0" falsecount="2"/>
        <line num="126" count="0" type="stmt"/>
        <line num="131" count="0" type="cond" truecount="0" falsecount="4"/>
        <line num="132" count="0" type="stmt"/>
        <line num="133" count="0" type="stmt"/>
        <line num="134" count="0" type="stmt"/>
        <line num="136" count="0" type="stmt"/>
        <line num="137" count="0" type="stmt"/>
        <line num="138" count="0" type="stmt"/>
        <line num="139" count="0" type="stmt"/>
        <line num="140" count="0" type="stmt"/>
        <line num="141" count="0" type="cond" truecount="0" falsecount="2"/>
        <line num="142" count="0" type="stmt"/>
        <line num="144" count="0" type="stmt"/>
        <line num="146" count="0" type="cond" truecount="0" falsecount="2"/>
        <line num="147" count="0" type="stmt"/>
        <line num="153" count="0" type="cond" truecount="0" falsecount="4"/>
        <line num="154" count="0" type="stmt"/>
        <line num="155" count="0" type="stmt"/>
        <line num="156" count="0" type="stmt"/>
        <line num="158" count="0" type="stmt"/>
        <line num="159" count="0" type="stmt"/>
        <line num="160" count="0" type="stmt"/>
        <line num="161" count="0" type="stmt"/>
        <line num="162" count="0" type="stmt"/>
        <line num="167" count="0" type="cond" truecount="0" falsecount="4"/>
        <line num="168" count="0" type="stmt"/>
        <line num="169" count="0" type="stmt"/>
        <line num="170" count="0" type="stmt"/>
        <line num="172" count="0" type="stmt"/>
        <line num="173" count="0" type="stmt"/>
        <line num="174" count="0" type="stmt"/>
        <line num="175" count="0" type="stmt"/>
        <line num="176" count="0" type="stmt"/>
        <line num="177" count="0" type="cond" truecount="0" falsecount="2"/>
        <line num="178" count="0" type="stmt"/>
        <line num="180" count="0" type="cond" truecount="0" falsecount="2"/>
        <line num="181" count="0" type="stmt"/>
        <line num="183" count="0" type="stmt"/>
        <line num="188" count="0" type="stmt"/>
        <line num="189" count="0" type="stmt"/>
        <line num="190" count="0" type="stmt"/>
        <line num="191" count="0" type="stmt"/>
        <line num="193" count="0" type="cond" truecount="0" falsecount="2"/>
        <line num="194" count="0" type="stmt"/>
        <line num="195" count="0" type="cond" truecount="0" falsecount="2"/>
        <line num="196" count="0" type="stmt"/>
        <line num="197" count="0" type="cond" truecount="0" falsecount="2"/>
        <line num="198" count="0" type="stmt"/>
        <line num="200" count="0" type="stmt"/>
        <line num="204" count="0" type="stmt"/>
        <line num="205" count="0" type="stmt"/>
        <line num="206" count="0" type="stmt"/>
        <line num="208" count="0" type="stmt"/>
        <line num="210" count="0" type="stmt"/>
        <line num="211" count="0" type="stmt"/>
        <line num="214" count="0" type="stmt"/>
        <line num="216" count="0" type="stmt"/>
        <line num="222" count="0" type="cond" truecount="0" falsecount="6"/>
        <line num="224" count="0" type="stmt"/>
        <line num="226" count="0" type="stmt"/>
        <line num="228" count="0" type="stmt"/>
        <line num="230" count="0" type="stmt"/>
        <line num="232" count="0" type="stmt"/>
        <line num="234" count="0" type="stmt"/>
      </file>
    </package>
    <package name="backend.src.reporting.src.utils">
      <metrics statements="38" coveredstatements="21" conditionals="44" coveredconditionals="30" methods="5" coveredmethods="1"/>
      <file name="formatting.ts" path="D:\Aegis\Tool\version-1\backend\src\reporting\src\utils\formatting.ts">
        <metrics statements="12" coveredstatements="0" conditionals="8" coveredconditionals="0" methods="4" coveredmethods="0"/>
        <line num="2" count="0" type="stmt"/>
        <line num="3" count="0" type="stmt"/>
        <line num="4" count="0" type="cond" truecount="0" falsecount="2"/>
        <line num="5" count="0" type="stmt"/>
        <line num="7" count="0" type="stmt"/>
        <line num="15" count="0" type="stmt"/>
        <line num="20" count="0" type="cond" truecount="0" falsecount="2"/>
        <line num="21" count="0" type="cond" truecount="0" falsecount="2"/>
        <line num="22" count="0" type="stmt"/>
        <line num="26" count="0" type="stmt"/>
        <line num="30" count="0" type="cond" truecount="0" falsecount="2"/>
        <line num="31" count="0" type="stmt"/>
      </file>
      <file name="validation.ts" path="D:\Aegis\Tool\version-1\backend\src\reporting\src\utils\validation.ts">
        <metrics statements="26" coveredstatements="21" conditionals="36" coveredconditionals="30" methods="1" coveredmethods="1"/>
        <line num="4" count="8" type="cond" truecount="3" falsecount="1"/>
        <line num="5" count="0" type="stmt"/>
        <line num="8" count="8" type="stmt"/>
        <line num="10" count="8" type="cond" truecount="4" falsecount="0"/>
        <line num="11" count="2" type="stmt"/>
        <line num="14" count="6" type="stmt"/>
        <line num="16" count="6" type="cond" truecount="4" falsecount="0"/>
        <line num="17" count="1" type="stmt"/>
        <line num="19" count="5" type="cond" truecount="3" falsecount="1"/>
        <line num="20" count="0" type="stmt"/>
        <line num="22" count="5" type="cond" truecount="3" falsecount="1"/>
        <line num="23" count="0" type="stmt"/>
        <line num="26" count="5" type="cond" truecount="3" falsecount="1"/>
        <line num="27" count="0" type="stmt"/>
        <line num="30" count="5" type="stmt"/>
        <line num="32" count="5" type="cond" truecount="2" falsecount="0"/>
        <line num="33" count="1" type="stmt"/>
        <line num="35" count="4" type="cond" truecount="2" falsecount="0"/>
        <line num="36" count="1" type="stmt"/>
        <line num="38" count="3" type="cond" truecount="2" falsecount="2"/>
        <line num="39" count="0" type="stmt"/>
        <line num="42" count="3" type="cond" truecount="2" falsecount="0"/>
        <line num="43" count="1" type="stmt"/>
        <line num="46" count="2" type="cond" truecount="2" falsecount="0"/>
        <line num="47" count="1" type="stmt"/>
        <line num="50" count="1" type="stmt"/>
      </file>
    </package>
    <package name="backend.src.security-scoring.assessment">
      <metrics statements="24" coveredstatements="17" conditionals="27" coveredconditionals="15" methods="7" coveredmethods="5"/>
      <file name="assessment-data-adapter.ts" path="D:\Aegis\Tool\version-1\backend\src\security-scoring\assessment\assessment-data-adapter.ts">
        <metrics statements="24" coveredstatements="17" conditionals="27" coveredconditionals="15" methods="7" coveredmethods="5"/>
        <line num="5" count="3" type="stmt"/>
        <line num="10" count="3" type="cond" truecount="2" falsecount="0"/>
        <line num="12" count="2" type="stmt"/>
        <line num="13" count="2" type="stmt"/>
        <line num="15" count="2" type="stmt"/>
        <line num="20" count="2" type="cond" truecount="2" falsecount="0"/>
        <line num="21" count="1" type="stmt"/>
        <line num="24" count="1" type="stmt"/>
        <line num="26" count="1" type="stmt"/>
        <line num="31" count="2" type="stmt"/>
        <line num="33" count="1" type="stmt"/>
        <line num="34" count="1" type="cond" truecount="1" falsecount="1"/>
        <line num="35" count="2" type="stmt"/>
        <line num="36" count="1" type="stmt"/>
        <line num="44" count="3" type="stmt"/>
        <line num="57" count="1" type="stmt"/>
        <line num="65" count="2" type="stmt"/>
        <line num="70" count="0" type="stmt"/>
        <line num="75" count="0" type="cond" truecount="0" falsecount="2"/>
        <line num="77" count="0" type="stmt"/>
        <line num="79" count="0" type="stmt"/>
        <line num="88" count="0" type="cond" truecount="0" falsecount="2"/>
        <line num="90" count="0" type="stmt"/>
        <line num="91" count="0" type="stmt"/>
      </file>
    </package>
    <package name="backend.src.security-scoring.config">
      <metrics statements="7" coveredstatements="6" conditionals="2" coveredconditionals="0" methods="3" coveredmethods="2"/>
      <file name="email-scoring-config.ts" path="D:\Aegis\Tool\version-1\backend\src\security-scoring\config\email-scoring-config.ts">
        <metrics statements="4" coveredstatements="3" conditionals="2" coveredconditionals="0" methods="2" coveredmethods="1"/>
        <line num="27" count="2" type="stmt"/>
        <line num="588" count="2" type="stmt"/>
        <line num="606" count="24" type="stmt"/>
        <line num="610" count="0" type="cond" truecount="0" falsecount="2"/>
      </file>
      <file name="scoring-config.ts" path="D:\Aegis\Tool\version-1\backend\src\security-scoring\config\scoring-config.ts">
        <metrics statements="3" coveredstatements="3" conditionals="0" coveredconditionals="0" methods="1" coveredmethods="1"/>
        <line num="1" count="2" type="stmt"/>
        <line num="26" count="2" type="stmt"/>
        <line num="160" count="7" type="stmt"/>
      </file>
    </package>
    <package name="backend.src.security-scoring.integration">
      <metrics statements="47" coveredstatements="38" conditionals="10" coveredconditionals="6" methods="3" coveredmethods="3"/>
      <file name="assessment-hook.ts" path="D:\Aegis\Tool\version-1\backend\src\security-scoring\integration\assessment-hook.ts">
        <metrics statements="24" coveredstatements="20" conditionals="4" coveredconditionals="3" methods="2" coveredmethods="2"/>
        <line num="9" count="3" type="stmt"/>
        <line num="10" count="3" type="stmt"/>
        <line num="12" count="3" type="stmt"/>
        <line num="13" count="2" type="cond" truecount="2" falsecount="0"/>
        <line num="14" count="1" type="stmt"/>
        <line num="15" count="1" type="stmt"/>
        <line num="18" count="1" type="stmt"/>
        <line num="20" count="1" type="cond" truecount="1" falsecount="1"/>
        <line num="21" count="0" type="stmt"/>
        <line num="22" count="0" type="stmt"/>
        <line num="25" count="1" type="stmt"/>
        <line num="26" count="1" type="stmt"/>
        <line num="28" count="1" type="stmt"/>
        <line num="29" count="1" type="stmt"/>
        <line num="31" count="1" type="stmt"/>
        <line num="33" count="1" type="stmt"/>
        <line num="34" count="1" type="stmt"/>
        <line num="36" count="1" type="stmt"/>
        <line num="38" count="1" type="stmt"/>
        <line num="39" count="1" type="stmt"/>
        <line num="44" count="1" type="stmt"/>
        <line num="45" count="1" type="stmt"/>
        <line num="47" count="0" type="stmt"/>
        <line num="48" count="0" type="stmt"/>
      </file>
      <file name="report-adapter.ts" path="D:\Aegis\Tool\version-1\backend\src\security-scoring\integration\report-adapter.ts">
        <metrics statements="23" coveredstatements="18" conditionals="6" coveredconditionals="3" methods="1" coveredmethods="1"/>
        <line num="5" count="1" type="stmt"/>
        <line num="6" count="1" type="stmt"/>
        <line num="8" count="1" type="stmt"/>
        <line num="9" count="1" type="stmt"/>
        <line num="11" count="1" type="stmt"/>
        <line num="12" count="1" type="stmt"/>
        <line num="13" count="1" type="stmt"/>
        <line num="15" count="1" type="stmt"/>
        <line num="20" count="1" type="cond" truecount="1" falsecount="1"/>
        <line num="21" count="1" type="stmt"/>
        <line num="26" count="0" type="stmt"/>
        <line num="32" count="1" type="stmt"/>
        <line num="37" count="1" type="cond" truecount="1" falsecount="1"/>
        <line num="38" count="1" type="stmt"/>
        <line num="43" count="0" type="stmt"/>
        <line num="49" count="1" type="stmt"/>
        <line num="54" count="1" type="cond" truecount="1" falsecount="1"/>
        <line num="55" count="1" type="stmt"/>
        <line num="60" count="0" type="stmt"/>
        <line num="66" count="1" type="stmt"/>
        <line num="68" count="0" type="stmt"/>
        <line num="69" count="0" type="stmt"/>
        <line num="71" count="1" type="stmt"/>
      </file>
    </package>
    <package name="backend.src.security-scoring.persistence">
      <metrics statements="19" coveredstatements="14" conditionals="14" coveredconditionals="7" methods="7" coveredmethods="6"/>
      <file name="score-repository.ts" path="D:\Aegis\Tool\version-1\backend\src\security-scoring\persistence\score-repository.ts">
        <metrics statements="19" coveredstatements="14" conditionals="14" coveredconditionals="7" methods="7" coveredmethods="6"/>
        <line num="5" count="1" type="stmt"/>
        <line num="6" count="5" type="stmt"/>
        <line num="7" count="1" type="stmt"/>
        <line num="11" count="1" type="stmt"/>
        <line num="12" count="1" type="stmt"/>
        <line num="14" count="1" type="stmt"/>
        <line num="49" count="0" type="stmt"/>
        <line num="54" count="0" type="cond" truecount="0" falsecount="2"/>
        <line num="55" count="0" type="stmt"/>
        <line num="59" count="1" type="stmt"/>
        <line num="64" count="1" type="cond" truecount="1" falsecount="1"/>
        <line num="65" count="1" type="stmt"/>
        <line num="69" count="1" type="stmt"/>
        <line num="86" count="5" type="cond" truecount="3" falsecount="1"/>
        <line num="87" count="5" type="cond" truecount="1" falsecount="1"/>
        <line num="88" count="5" type="stmt"/>
        <line num="89" count="5" type="stmt"/>
        <line num="91" count="0" type="stmt"/>
        <line num="94" count="0" type="stmt"/>
      </file>
    </package>
    <package name="backend.src.security-scoring.recommendations">
      <metrics statements="43" coveredstatements="41" conditionals="26" coveredconditionals="18" methods="7" coveredmethods="7"/>
      <file name="recommendation-engine.ts" path="D:\Aegis\Tool\version-1\backend\src\security-scoring\recommendations\recommendation-engine.ts">
        <metrics statements="43" coveredstatements="41" conditionals="26" coveredconditionals="18" methods="7" coveredmethods="7"/>
        <line num="6" count="2" type="stmt"/>
        <line num="9" count="5" type="cond" truecount="2" falsecount="0"/>
        <line num="10" count="2" type="stmt"/>
        <line num="11" count="4" type="stmt"/>
        <line num="13" count="5" type="stmt"/>
        <line num="20" count="5" type="stmt"/>
        <line num="21" count="5" type="stmt"/>
        <line num="23" count="5" type="stmt"/>
        <line num="25" count="5" type="stmt"/>
        <line num="26" count="9" type="cond" truecount="2" falsecount="0"/>
        <line num="28" count="7" type="cond" truecount="2" falsecount="0"/>
        <line num="29" count="9" type="stmt"/>
        <line num="30" count="9" type="cond" truecount="2" falsecount="0"/>
        <line num="32" count="6" type="cond" truecount="1" falsecount="1"/>
        <line num="33" count="6" type="stmt"/>
        <line num="35" count="6" type="stmt"/>
        <line num="38" count="5" type="stmt"/>
        <line num="39" count="5" type="stmt"/>
        <line num="40" count="6" type="stmt"/>
        <line num="41" count="6" type="stmt"/>
        <line num="52" count="6" type="stmt"/>
        <line num="53" count="6" type="stmt"/>
        <line num="56" count="5" type="stmt"/>
        <line num="57" count="2" type="stmt"/>
        <line num="58" count="2" type="cond" truecount="2" falsecount="2"/>
        <line num="59" count="2" type="cond" truecount="1" falsecount="1"/>
        <line num="60" count="0" type="stmt"/>
        <line num="63" count="5" type="stmt"/>
        <line num="67" count="6" type="stmt"/>
        <line num="68" count="6" type="stmt"/>
        <line num="70" count="6" type="stmt"/>
        <line num="71" count="12" type="cond" truecount="2" falsecount="0"/>
        <line num="72" count="6" type="stmt"/>
        <line num="73" count="6" type="cond" truecount="3" falsecount="3"/>
        <line num="74" count="6" type="stmt"/>
        <line num="79" count="6" type="stmt"/>
        <line num="83" count="6" type="stmt"/>
        <line num="84" count="6" type="cond" truecount="1" falsecount="1"/>
        <line num="85" count="0" type="stmt"/>
        <line num="89" count="6" type="stmt"/>
        <line num="90" count="6" type="stmt"/>
        <line num="91" count="6" type="stmt"/>
        <line num="93" count="6" type="stmt"/>
      </file>
    </package>
    <package name="backend.src.security-scoring.scoring">
      <metrics statements="90" coveredstatements="81" conditionals="73" coveredconditionals="54" methods="7" coveredmethods="7"/>
      <file name="scoring-engine.ts" path="D:\Aegis\Tool\version-1\backend\src\security-scoring\scoring\scoring-engine.ts">
        <metrics statements="90" coveredstatements="81" conditionals="73" coveredconditionals="54" methods="7" coveredmethods="7"/>
        <line num="12" count="17" type="cond" truecount="1" falsecount="1"/>
        <line num="13" count="17" type="stmt"/>
        <line num="14" count="28" type="cond" truecount="3" falsecount="1"/>
        <line num="16" count="17" type="stmt"/>
        <line num="17" count="17" type="stmt"/>
        <line num="18" count="17" type="stmt"/>
        <line num="19" count="17" type="stmt"/>
        <line num="20" count="17" type="stmt"/>
        <line num="21" count="17" type="stmt"/>
        <line num="22" count="17" type="stmt"/>
[...]
        <line num="436" count="0" type="cond" truecount="0" falsecount="3"/>
        <line num="437" count="0" type="cond" truecount="0" falsecount="2"/>
        <line num="438" count="0" type="stmt"/>
        <line num="449" count="0" type="cond" truecount="0" falsecount="2"/>
        <line num="450" count="0" type="cond" truecount="0" falsecount="2"/>
        <line num="451" count="0" type="cond" truecount="0" falsecount="3"/>
        <line num="452" count="0" type="cond" truecount="0" falsecount="2"/>
        <line num="453" count="0" type="stmt"/>
        <line num="464" count="0" type="cond" truecount="0" falsecount="2"/>
        <line num="465" count="0" type="cond" truecount="0" falsecount="2"/>
        <line num="466" count="0" type="cond" truecount="0" falsecount="2"/>
        <line num="467" count="0" type="cond" truecount="0" falsecount="2"/>
        <line num="468" count="0" type="stmt"/>
        <line num="480" count="0" type="cond" truecount="0" falsecount="2"/>
        <line num="481" count="0" type="cond" truecount="0" falsecount="2"/>
        <line num="482" count="0" type="stmt"/>
        <line num="493" count="0" type="cond" truecount="0" falsecount="2"/>
        <line num="494" count="0" type="cond" truecount="0" falsecount="2"/>
        <line num="495" count="0" type="stmt"/>
        <line num="496" count="0" type="cond" truecount="0" falsecount="2"/>
        <line num="497" count="0" type="cond" truecount="0" falsecount="2"/>
        <line num="498" count="0" type="stmt"/>
        <line num="510" count="0" type="cond" truecount="0" falsecount="2"/>
        <line num="511" count="0" type="cond" truecount="0" falsecount="2"/>
        <line num="512" count="0" type="cond" truecount="0" falsecount="4"/>
        <line num="513" count="0" type="cond" truecount="0" falsecount="2"/>
        <line num="514" count="0" type="stmt"/>
        <line num="525" count="0" type="cond" truecount="0" falsecount="2"/>
        <line num="526" count="0" type="cond" truecount="0" falsecount="2"/>
        <line num="527" count="0" type="cond" truecount="0" falsecount="2"/>
        <line num="528" count="0" type="cond" truecount="0" falsecount="2"/>
        <line num="529" count="0" type="cond" truecount="0" falsecount="4"/>
        <line num="530" count="0" type="cond" truecount="0" falsecount="4"/>
        <line num="531" count="0" type="stmt"/>
        <line num="542" count="0" type="cond" truecount="0" falsecount="2"/>
        <line num="543" count="0" type="cond" truecount="0" falsecount="2"/>
        <line num="544" count="0" type="cond" truecount="0" falsecount="2"/>
        <line num="545" count="0" type="cond" truecount="0" falsecount="2"/>
        <line num="546" count="0" type="stmt"/>
        <line num="557" count="0" type="cond" truecount="0" falsecount="2"/>
        <line num="558" count="0" type="cond" truecount="0" falsecount="2"/>
        <line num="559" count="0" type="cond" truecount="0" falsecount="2"/>
        <line num="560" count="0" type="cond" truecount="0" falsecount="2"/>
        <line num="561" count="0" type="stmt"/>
        <line num="572" count="0" type="cond" truecount="0" falsecount="2"/>
        <line num="573" count="0" type="cond" truecount="0" falsecount="2"/>
        <line num="574" count="0" type="cond" truecount="0" falsecount="6"/>
        <line num="575" count="0" type="cond" truecount="0" falsecount="2"/>
        <line num="576" count="0" type="stmt"/>
        <line num="588" count="0" type="cond" truecount="0" falsecount="2"/>
        <line num="589" count="0" type="cond" truecount="0" falsecount="2"/>
        <line num="590" count="0" type="cond" truecount="0" falsecount="4"/>
        <line num="591" count="0" type="cond" truecount="0" falsecount="2"/>
        <line num="592" count="0" type="stmt"/>
        <line num="603" count="0" type="cond" truecount="0" falsecount="2"/>
        <line num="604" count="0" type="cond" truecount="0" falsecount="2"/>
        <line num="605" count="0" type="cond" truecount="0" falsecount="2"/>
        <line num="606" count="0" type="cond" truecount="0" falsecount="2"/>
        <line num="607" count="0" type="cond" truecount="0" falsecount="4"/>
        <line num="608" count="0" type="cond" truecount="0" falsecount="4"/>
        <line num="609" count="0" type="stmt"/>
        <line num="620" count="0" type="cond" truecount="0" falsecount="2"/>
        <line num="621" count="0" type="cond" truecount="0" falsecount="2"/>
        <line num="622" count="0" type="cond" truecount="0" falsecount="2"/>
        <line num="623" count="0" type="cond" truecount="0" falsecount="2"/>
        <line num="624" count="0" type="stmt"/>
        <line num="635" count="0" type="cond" truecount="0" falsecount="2"/>
        <line num="636" count="0" type="cond" truecount="0" falsecount="2"/>
        <line num="637" count="0" type="cond" truecount="0" falsecount="2"/>
        <line num="638" count="0" type="cond" truecount="0" falsecount="2"/>
        <line num="639" count="0" type="stmt"/>
        <line num="650" count="0" type="cond" truecount="0" falsecount="2"/>
        <line num="651" count="0" type="cond" truecount="0" falsecount="2"/>
        <line num="652" count="0" type="cond" truecount="0" falsecount="2"/>
        <line num="653" count="0" type="cond" truecount="0" falsecount="2"/>
        <line num="654" count="0" type="stmt"/>
        <line num="665" count="0" type="cond" truecount="0" falsecount="2"/>
        <line num="666" count="0" type="cond" truecount="0" falsecount="2"/>
        <line num="667" count="0" type="cond" truecount="0" falsecount="2"/>
        <line num="668" count="0" type="cond" truecount="0" falsecount="2"/>
        <line num="669" count="0" type="stmt"/>
        <line num="680" count="0" type="cond" truecount="0" falsecount="2"/>
        <line num="681" count="0" type="cond" truecount="0" falsecount="2"/>
        <line num="682" count="0" type="cond" truecount="0" falsecount="4"/>
        <line num="683" count="0" type="cond" truecount="0" falsecount="2"/>
        <line num="684" count="0" type="stmt"/>
        <line num="695" count="0" type="cond" truecount="0" falsecount="2"/>
        <line num="696" count="0" type="cond" truecount="0" falsecount="2"/>
        <line num="697" count="0" type="cond" truecount="0" falsecount="2"/>
        <line num="698" count="0" type="cond" truecount="0" falsecount="2"/>
        <line num="699" count="0" type="stmt"/>
        <line num="711" count="0" type="cond" truecount="0" falsecount="2"/>
        <line num="712" count="0" type="cond" truecount="0" falsecount="2"/>
        <line num="713" count="0" type="cond" truecount="0" falsecount="4"/>
        <line num="714" count="0" type="cond" truecount="0" falsecount="2"/>
        <line num="715" count="0" type="stmt"/>
        <line num="726" count="0" type="cond" truecount="0" falsecount="2"/>
        <line num="727" count="0" type="cond" truecount="0" falsecount="2"/>
        <line num="728" count="0" type="cond" truecount="0" falsecount="2"/>
        <line num="729" count="0" type="cond" truecount="0" falsecount="2"/>
        <line num="730" count="0" type="cond" truecount="0" falsecount="4"/>
        <line num="731" count="0" type="cond" truecount="0" falsecount="4"/>
        <line num="732" count="0" type="stmt"/>
        <line num="743" count="0" type="cond" truecount="0" falsecount="2"/>
        <line num="744" count="0" type="cond" truecount="0" falsecount="2"/>
        <line num="745" count="0" type="cond" truecount="0" falsecount="2"/>
        <line num="746" count="0" type="cond" truecount="0" falsecount="2"/>
        <line num="747" count="0" type="stmt"/>
        <line num="759" count="0" type="cond" truecount="0" falsecount="2"/>
        <line num="760" count="0" type="cond" truecount="0" falsecount="2"/>
        <line num="761" count="0" type="cond" truecount="0" falsecount="2"/>
        <line num="762" count="0" type="cond" truecount="0" falsecount="2"/>
        <line num="763" count="0" type="stmt"/>
        <line num="774" count="0" type="stmt"/>
        <line num="775" count="0" type="cond" truecount="0" falsecount="4"/>
        <line num="776" count="0" type="cond" truecount="0" falsecount="2"/>
        <line num="777" count="0" type="cond" truecount="0" falsecount="2"/>
        <line num="778" count="0" type="cond" truecount="0" falsecount="2"/>
        <line num="779" count="0" type="cond" truecount="0" falsecount="2"/>
        <line num="780" count="0" type="stmt"/>
        <line num="792" count="4" type="stmt"/>
        <line num="793" count="4" type="cond" truecount="5" falsecount="0"/>
        <line num="794" count="2" type="stmt"/>
        <line num="806" count="0" type="cond" truecount="0" falsecount="2"/>
        <line num="807" count="0" type="cond" truecount="0" falsecount="2"/>
        <line num="808" count="0" type="cond" truecount="0" falsecount="2"/>
        <line num="809" count="0" type="cond" truecount="0" falsecount="4"/>
        <line num="810" count="0" type="stmt"/>
        <line num="811" count="0" type="cond" truecount="0" falsecount="2"/>
        <line num="812" count="0" type="cond" truecount="0" falsecount="2"/>
        <line num="813" count="0" type="stmt"/>
        <line num="825" count="0" type="cond" truecount="0" falsecount="2"/>
        <line num="826" count="0" type="cond" truecount="0" falsecount="2"/>
        <line num="827" count="0" type="cond" truecount="0" falsecount="2"/>
        <line num="828" count="0" type="cond" truecount="0" falsecount="2"/>
        <line num="829" count="0" type="stmt"/>
        <line num="840" count="0" type="cond" truecount="0" falsecount="2"/>
        <line num="841" count="0" type="cond" truecount="0" falsecount="2"/>
        <line num="842" count="0" type="cond" truecount="0" falsecount="2"/>
        <line num="843" count="0" type="cond" truecount="0" falsecount="2"/>
        <line num="844" count="0" type="stmt"/>
        <line num="855" count="0" type="cond" truecount="0" falsecount="2"/>
        <line num="856" count="0" type="cond" truecount="0" falsecount="2"/>
        <line num="857" count="0" type="cond" truecount="0" falsecount="4"/>
        <line num="858" count="0" type="cond" truecount="0" falsecount="2"/>
        <line num="859" count="0" type="stmt"/>
        <line num="870" count="0" type="cond" truecount="0" falsecount="2"/>
        <line num="871" count="0" type="cond" truecount="0" falsecount="2"/>
        <line num="872" count="0" type="cond" truecount="0" falsecount="2"/>
        <line num="873" count="0" type="cond" truecount="0" falsecount="2"/>
        <line num="874" count="0" type="cond" truecount="0" falsecount="3"/>
        <line num="875" count="0" type="cond" truecount="0" falsecount="2"/>
        <line num="876" count="0" type="stmt"/>
        <line num="887" count="0" type="cond" truecount="0" falsecount="2"/>
        <line num="888" count="0" type="cond" truecount="0" falsecount="2"/>
        <line num="889" count="0" type="cond" truecount="0" falsecount="2"/>
        <line num="890" count="0" type="cond" truecount="0" falsecount="2"/>
        <line num="891" count="0" type="cond" truecount="0" falsecount="5"/>
        <line num="892" count="0" type="cond" truecount="0" falsecount="2"/>
        <line num="893" count="0" type="stmt"/>
        <line num="905" count="0" type="cond" truecount="0" falsecount="2"/>
        <line num="906" count="0" type="cond" truecount="0" falsecount="3"/>
        <line num="907" count="0" type="cond" truecount="0" falsecount="2"/>
        <line num="908" count="0" type="stmt"/>
        <line num="909" count="0" type="cond" truecount="0" falsecount="2"/>
        <line num="910" count="0" type="stmt"/>
        <line num="921" count="4" type="cond" truecount="1" falsecount="1"/>
        <line num="922" count="3" type="stmt"/>
        <line num="923" count="4" type="cond" truecount="1" falsecount="1"/>
        <line num="924" count="4" type="cond" truecount="1" falsecount="1"/>
        <line num="925" count="4" type="cond" truecount="3" falsecount="3"/>
        <line num="927" count="3" type="cond" truecount="2" falsecount="0"/>
        <line num="928" count="1" type="stmt"/>
        <line num="939" count="4" type="cond" truecount="1" falsecount="1"/>
        <line num="940" count="2" type="stmt"/>
        <line num="941" count="4" type="cond" truecount="1" falsecount="1"/>
        <line num="942" count="4" type="cond" truecount="1" falsecount="1"/>
        <line num="943" count="4" type="cond" truecount="4" falsecount="1"/>
        <line num="945" count="2" type="cond" truecount="1" falsecount="1"/>
        <line num="946" count="0" type="stmt"/>
        <line num="957" count="0" type="cond" truecount="0" falsecount="2"/>
        <line num="958" count="0" type="stmt"/>
        <line num="970" count="2" type="cond" truecount="2" falsecount="0"/>
        <line num="971" count="2" type="stmt"/>
        <line num="982" count="0" type="cond" truecount="0" falsecount="2"/>
        <line num="983" count="0" type="stmt"/>
        <line num="994" count="0" type="cond" truecount="0" falsecount="2"/>
        <line num="995" count="0" type="stmt"/>
        <line num="1006" count="0" type="cond" truecount="0" falsecount="2"/>
        <line num="1007" count="0" type="stmt"/>
        <line num="1018" count="0" type="cond" truecount="0" falsecount="2"/>
        <line num="1019" count="0" type="stmt"/>
        <line num="1030" count="0" type="cond" truecount="0" falsecount="2"/>
        <line num="1031" count="0" type="stmt"/>
        <line num="1042" count="0" type="cond" truecount="0" falsecount="2"/>
        <line num="1043" count="0" type="stmt"/>
        <line num="1054" count="0" type="cond" truecount="0" falsecount="4"/>
        <line num="1055" count="0" type="stmt"/>
        <line num="1066" count="1" type="cond" truecount="1" falsecount="1"/>
        <line num="1067" count="1" type="stmt"/>
        <line num="1078" count="0" type="cond" truecount="0" falsecount="2"/>
        <line num="1079" count="0" type="stmt"/>
        <line num="1080" count="0" type="cond" truecount="0" falsecount="3"/>
        <line num="1081" count="0" type="cond" truecount="0" falsecount="2"/>
        <line num="1082" count="0" type="stmt"/>
        <line num="1084" count="0" type="stmt"/>
        <line num="1095" count="0" type="cond" truecount="0" falsecount="2"/>
        <line num="1096" count="0" type="stmt"/>
        <line num="1107" count="0" type="cond" truecount="0" falsecount="2"/>
        <line num="1108" count="0" type="stmt"/>
        <line num="1109" count="0" type="cond" truecount="0" falsecount="3"/>
        <line num="1110" count="0" type="cond" truecount="0" falsecount="2"/>
        <line num="1111" count="0" type="stmt"/>
        <line num="1113" count="0" type="stmt"/>
        <line num="1124" count="1" type="cond" truecount="1" falsecount="1"/>
        <line num="1125" count="1" type="stmt"/>
        <line num="1136" count="3" type="cond" truecount="2" falsecount="0"/>
        <line num="1137" count="4" type="cond" truecount="1" falsecount="1"/>
        <line num="1139" count="3" type="stmt"/>
        <line num="1140" count="3" type="stmt"/>
        <line num="1151" count="1" type="cond" truecount="1" falsecount="1"/>
        <line num="1152" count="1" type="cond" truecount="1" falsecount="1"/>
        <line num="1154" count="1" type="stmt"/>
        <line num="1155" count="1" type="stmt"/>
        <line num="1166" count="1" type="cond" truecount="1" falsecount="1"/>
        <line num="1167" count="1" type="cond" truecount="1" falsecount="1"/>
        <line num="1169" count="1" type="stmt"/>
        <line num="1170" count="1" type="stmt"/>
        <line num="1181" count="1" type="cond" truecount="1" falsecount="1"/>
        <line num="1182" count="2" type="cond" truecount="1" falsecount="1"/>
        <line num="1184" count="1" type="stmt"/>
        <line num="1185" count="1" type="stmt"/>
      </file>
      <file name="emailSecurityEvaluator.ts" path="D:\Aegis\Tool\version-1\backend\src\services\emailSecurityEvaluator.ts">
        <metrics statements="60" coveredstatements="58" conditionals="98" coveredconditionals="97" methods="5" coveredmethods="5"/>
        <line num="6" count="24" type="stmt"/>
        <line num="8" count="24" type="cond" truecount="4" falsecount="0"/>
        <line num="9" count="4" type="stmt"/>
        <line num="11" count="24" type="cond" truecount="4" falsecount="0"/>
        <line num="12" count="4" type="stmt"/>
        <line num="14" count="24" type="cond" truecount="4" falsecount="0"/>
        <line num="15" count="4" type="stmt"/>
        <line num="17" count="24" type="cond" truecount="4" falsecount="0"/>
        <line num="18" count="4" type="stmt"/>
        <line num="20" count="24" type="cond" truecount="4" falsecount="0"/>
        <line num="21" count="4" type="stmt"/>
        <line num="23" count="24" type="cond" truecount="4" falsecount="0"/>
        <line num="24" count="4" type="stmt"/>
        <line num="26" count="24" type="cond" truecount="4" falsecount="0"/>
        <line num="27" count="4" type="stmt"/>
        <line num="29" count="24" type="cond" truecount="4" falsecount="0"/>
        <line num="30" count="4" type="stmt"/>
        <line num="32" count="24" type="cond" truecount="4" falsecount="0"/>
        <line num="33" count="4" type="stmt"/>
        <line num="35" count="24" type="cond" truecount="4" falsecount="0"/>
        <line num="36" count="4" type="stmt"/>
        <line num="38" count="24" type="cond" truecount="4" falsecount="0"/>
        <line num="39" count="4" type="stmt"/>
        <line num="41" count="24" type="cond" truecount="4" falsecount="0"/>
        <line num="42" count="4" type="stmt"/>
        <line num="44" count="24" type="cond" truecount="4" falsecount="0"/>
        <line num="45" count="4" type="stmt"/>
        <line num="47" count="24" type="cond" truecount="4" falsecount="0"/>
        <line num="48" count="4" type="stmt"/>
        <line num="50" count="24" type="cond" truecount="4" falsecount="0"/>
        <line num="51" count="4" type="stmt"/>
        <line num="53" count="24" type="cond" truecount="4" falsecount="0"/>
        <line num="54" count="4" type="stmt"/>
        <line num="56" count="24" type="cond" truecount="4" falsecount="0"/>
        <line num="57" count="4" type="stmt"/>
        <line num="59" count="24" type="cond" truecount="4" falsecount="0"/>
        <line num="60" count="4" type="stmt"/>
        <line num="62" count="24" type="cond" truecount="4" falsecount="0"/>
        <line num="63" count="4" type="stmt"/>
        <line num="65" count="24" type="cond" truecount="4" falsecount="0"/>
        <line num="66" count="4" type="stmt"/>
        <line num="68" count="24" type="cond" truecount="4" falsecount="0"/>
        <line num="69" count="4" type="stmt"/>
        <line num="71" count="24" type="cond" truecount="4" falsecount="0"/>
        <line num="72" count="4" type="stmt"/>
        <line num="74" count="24" type="cond" truecount="3" falsecount="1"/>
        <line num="75" count="0" type="stmt"/>
        <line num="78" count="24" type="stmt"/>
        <line num="82" count="24" type="stmt"/>
        <line num="83" count="1303" type="stmt"/>
        <line num="84" count="24" type="cond" truecount="2" falsecount="0"/>
        <line num="85" count="600" type="stmt"/>
        <line num="87" count="24" type="cond" truecount="2" falsecount="0"/>
        <line num="88" count="1" type="stmt"/>
        <line num="89" count="77" type="stmt"/>
        <line num="91" count="24" type="cond" truecount="2" falsecount="0"/>
        <line num="92" count="1" type="stmt"/>
        <line num="95" count="23" type="stmt"/>
        <line num="96" count="23" type="stmt"/>
        <line num="98" count="0" type="stmt"/>
      </file>
    </package>
  </project>
</coverage>
