{"D:\\Aegis\\Tool\\version-1\\.kilo\\worktrees\\sweet-carrot\\backend\\src\\reporting\\src\\index.ts": {"path":"D:\\Aegis\\Tool\\version-1\\.kilo\\worktrees\\sweet-carrot\\backend\\src\\reporting\\src\\index.ts","statementMap":{},"fnMap":{},"branchMap":{},"s":{},"f":{},"b":{},"meta":{"lastBranch":0,"lastFunction":0,"lastStatement":0,"seen":{},"fnNames":{}}}
,"D:\\Aegis\\Tool\\version-1\\.kilo\\worktrees\\sweet-carrot\\backend\\src\\reporting\\src\\builders\\report-data.builder.ts": {"path":"D:\\Aegis\\Tool\\version-1\\.kilo\\worktrees\\sweet-carrot\\backend\\src\\reporting\\src\\builders\\report-data.builder.ts","statementMap":{"0":{"start":{"line":73,"column":23},"end":{"line":73,"column":null}},"1":{"start":{"line":74,"column":23},"end":{"line":74,"column":null}},"2":{"start":{"line":75,"column":21},"end":{"line":75,"column":null}},"3":{"start":{"line":76,"column":36},"end":{"line":76,"column":null}},"4":{"start":{"line":77,"column":33},"end":{"line":77,"column":null}},"5":{"start":{"line":79,"column":44},"end":{"line":79,"column":null}},"6":{"start":{"line":81,"column":2},"end":{"line":93,"column":null}},"7":{"start":{"line":82,"column":4},"end":{"line":92,"column":null}},"8":{"start":{"line":95,"column":44},"end":{"line":105,"column":null}},"9":{"start":{"line":95,"column":82},"end":{"line":105,"column":4}},"10":{"start":{"line":107,"column":56},"end":{"line":107,"column":null}},"11":{"start":{"line":108,"column":44},"end":{"line":108,"column":null}},"12":{"start":{"line":110,"column":2},"end":{"line":142,"column":null}},"13":{"start":{"line":155,"column":23},"end":{"line":155,"column":null}},"14":{"start":{"line":156,"column":23},"end":{"line":156,"column":null}},"15":{"start":{"line":157,"column":21},"end":{"line":157,"column":null}},"16":{"start":{"line":158,"column":36},"end":{"line":158,"column":null}},"17":{"start":{"line":159,"column":33},"end":{"line":159,"column":null}},"18":{"start":{"line":161,"column":44},"end":{"line":171,"column":null}},"19":{"start":{"line":161,"column":69},"end":{"line":171,"column":4}},"20":{"start":{"line":173,"column":44},"end":{"line":183,"column":null}},"21":{"start":{"line":173,"column":82},"end":{"line":183,"column":4}},"22":{"start":{"line":185,"column":2},"end":{"line":217,"column":null}}},"fnMap":{"0":{"name":"buildReportDataFromScore","decl":{"start":{"line":72,"column":16},"end":{"line":72,"column":41}},"loc":{"start":{"line":72,"column":101},"end":{"line":143,"column":null}},"line":72},"1":{"name":"(anonymous_1)","decl":{"start":{"line":95,"column":72},"end":{"line":95,"column":76}},"loc":{"start":{"line":95,"column":82},"end":{"line":105,"column":4}},"line":95},"2":{"name":"buildReportDataFromScoreAndControls","decl":{"start":{"line":145,"column":16},"end":{"line":145,"column":null}},"loc":{"start":{"line":154,"column":32},"end":{"line":218,"column":null}},"line":154},"3":{"name":"(anonymous_3)","decl":{"start":{"line":161,"column":59},"end":{"line":161,"column":63}},"loc":{"start":{"line":161,"column":69},"end":{"line":171,"column":4}},"line":161},"4":{"name":"(anonymous_4)","decl":{"start":{"line":173,"column":72},"end":{"line":173,"column":76}},"loc":{"start":{"line":173,"column":82},"end":{"line":183,"column":4}},"line":173}},"branchMap":{"0":{"loc":{"start":{"line":73,"column":23},"end":{"line":73,"column":null}},"type":"binary-expr","locations":[{"start":{"line":73,"column":23},"end":{"line":73,"column":51}},{"start":{"line":73,"column":51},"end":{"line":73,"column":null}}],"line":73},"1":{"loc":{"start":{"line":76,"column":36},"end":{"line":76,"column":null}},"type":"binary-expr","locations":[{"start":{"line":76,"column":36},"end":{"line":76,"column":50}},{"start":{"line":76,"column":50},"end":{"line":76,"column":null}}],"line":76},"2":{"loc":{"start":{"line":85,"column":16},"end":{"line":85,"column":null}},"type":"binary-expr","locations":[{"start":{"line":85,"column":16},"end":{"line":85,"column":31}},{"start":{"line":85,"column":31},"end":{"line":85,"column":null}}],"line":85},"3":{"loc":{"start":{"line":86,"column":17},"end":{"line":86,"column":null}},"type":"binary-expr","locations":[{"start":{"line":86,"column":17},"end":{"line":86,"column":75}},{"start":{"line":86,"column":75},"end":{"line":86,"column":null}}],"line":86},"4":{"loc":{"start":{"line":89,"column":14},"end":{"line":89,"column":null}},"type":"cond-expr","locations":[{"start":{"line":89,"column":37},"end":{"line":89,"column":48}},{"start":{"line":89,"column":48},"end":{"line":89,"column":null}}],"line":89},"5":{"loc":{"start":{"line":89,"column":48},"end":{"line":89,"column":null}},"type":"cond-expr","locations":[{"start":{"line":89,"column":74},"end":{"line":89,"column":86}},{"start":{"line":89,"column":86},"end":{"line":89,"column":null}}],"line":89},"6":{"loc":{"start":{"line":155,"column":23},"end":{"line":155,"column":null}},"type":"binary-expr","locations":[{"start":{"line":155,"column":23},"end":{"line":155,"column":51}},{"start":{"line":155,"column":51},"end":{"line":155,"column":null}}],"line":155},"7":{"loc":{"start":{"line":158,"column":36},"end":{"line":158,"column":null}},"type":"binary-expr","locations":[{"start":{"line":158,"column":36},"end":{"line":158,"column":50}},{"start":{"line":158,"column":50},"end":{"line":158,"column":null}}],"line":158},"8":{"loc":{"start":{"line":189,"column":22},"end":{"line":189,"column":null}},"type":"binary-expr","locations":[{"start":{"line":189,"column":22},"end":{"line":189,"column":49}},{"start":{"line":189,"column":49},"end":{"line":189,"column":null}}],"line":189},"9":{"loc":{"start":{"line":190,"column":18},"end":{"line":190,"column":null}},"type":"binary-expr","locations":[{"start":{"line":190,"column":18},"end":{"line":190,"column":41}},{"start":{"line":190,"column":41},"end":{"line":190,"column":null}}],"line":190}},"s":{"0":5,"1":5,"2":5,"3":5,"4":5,"5":5,"6":5,"7":5,"8":5,"9":5,"10":5,"11":5,"12":5,"13":9,"14":9,"15":9,"16":9,"17":9,"18":9,"19":5,"20":9,"21":9,"22":9},"f":{"0":5,"1":5,"2":9,"3":5,"4":9},"b":{"0":[5,1],"1":[5,1],"2":[5,0],"3":[5,0],"4":[5,0],"5":[0,0],"6":[9,0],"7":[9,0],"8":[9,5],"9":[9,5]},"meta":{"lastBranch":10,"lastFunction":5,"lastStatement":23,"seen":{"f:72:16:72:41":0,"s:73:23:73:Infinity":0,"b:73:23:73:51:73:51:73:Infinity":0,"s:74:23:74:Infinity":1,"s:75:21:75:Infinity":2,"s:76:36:76:Infinity":3,"b:76:36:76:50:76:50:76:Infinity":1,"s:77:33:77:Infinity":4,"s:79:44:79:Infinity":5,"s:81:2:93:Infinity":6,"s:82:4:92:Infinity":7,"b:85:16:85:31:85:31:85:Infinity":2,"b:86:17:86:75:86:75:86:Infinity":3,"b:89:37:89:48:89:48:89:Infinity":4,"b:89:74:89:86:89:86:89:Infinity":5,"s:95:44:105:Infinity":8,"f:95:72:95:76":1,"s:95:82:105:4":9,"s:107:56:107:Infinity":10,"s:108:44:108:Infinity":11,"s:110:2:142:Infinity":12,"f:145:16:145:Infinity":2,"s:155:23:155:Infinity":13,"b:155:23:155:51:155:51:155:Infinity":6,"s:156:23:156:Infinity":14,"s:157:21:157:Infinity":15,"s:158:36:158:Infinity":16,"b:158:36:158:50:158:50:158:Infinity":7,"s:159:33:159:Infinity":17,"s:161:44:171:Infinity":18,"f:161:59:161:63":3,"s:161:69:171:4":19,"s:173:44:183:Infinity":20,"f:173:72:173:76":4,"s:173:82:183:4":21,"s:185:2:217:Infinity":22,"b:189:22:189:49:189:49:189:Infinity":8,"b:190:18:190:41:190:41:190:Infinity":9},"fnNames":{}}}
,"D:\\Aegis\\Tool\\version-1\\.kilo\\worktrees\\sweet-carrot\\backend\\src\\reporting\\src\\builders\\route-adapter.ts": {"path":"D:\\Aegis\\Tool\\version-1\\.kilo\\worktrees\\sweet-carrot\\backend\\src\\reporting\\src\\builders\\route-adapter.ts","statementMap":{"0":{"start":{"line":45,"column":67},"end":{"line":45,"column":null}},"1":{"start":{"line":47,"column":48},"end":{"line":57,"column":null}},"2":{"start":{"line":47,"column":69},"end":{"line":57,"column":4}},"3":{"start":{"line":59,"column":44},"end":{"line":59,"column":null}},"4":{"start":{"line":60,"column":56},"end":{"line":60,"column":null}},"5":{"start":{"line":62,"column":23},"end":{"line":64,"column":null}},"6":{"start":{"line":63,"column":16},"end":{"line":63,"column":31}},"7":{"start":{"line":66,"column":2},"end":{"line":92,"column":null}},"8":{"start":{"line":67,"column":4},"end":{"line":91,"column":null}},"9":{"start":{"line":68,"column":22},"end":{"line":68,"column":null}},"10":{"start":{"line":69,"column":6},"end":{"line":80,"column":null}},"11":{"start":{"line":70,"column":8},"end":{"line":79,"column":null}},"12":{"start":{"line":71,"column":10},"end":{"line":78,"column":null}},"13":{"start":{"line":81,"column":6},"end":{"line":88,"column":null}},"14":{"start":{"line":81,"column":65},"end":{"line":81,"column":94}},"15":{"start":{"line":82,"column":8},"end":{"line":87,"column":null}},"16":{"start":{"line":94,"column":20},"end":{"line":94,"column":null}},"17":{"start":{"line":95,"column":22},"end":{"line":95,"column":null}},"18":{"start":{"line":96,"column":21},"end":{"line":96,"column":null}},"19":{"start":{"line":98,"column":42},"end":{"line":98,"column":null}},"20":{"start":{"line":99,"column":2},"end":{"line":101,"column":null}},"21":{"start":{"line":100,"column":4},"end":{"line":100,"column":null}},"22":{"start":{"line":103,"column":2},"end":{"line":108,"column":null}},"23":{"start":{"line":112,"column":16},"end":{"line":112,"column":null}},"24":{"start":{"line":113,"column":2},"end":{"line":131,"column":null}},"25":{"start":{"line":115,"column":6},"end":{"line":115,"column":null}},"26":{"start":{"line":117,"column":6},"end":{"line":117,"column":null}},"27":{"start":{"line":119,"column":6},"end":{"line":119,"column":null}},"28":{"start":{"line":122,"column":6},"end":{"line":122,"column":null}},"29":{"start":{"line":124,"column":6},"end":{"line":124,"column":null}},"30":{"start":{"line":126,"column":6},"end":{"line":126,"column":null}},"31":{"start":{"line":128,"column":6},"end":{"line":128,"column":null}},"32":{"start":{"line":130,"column":6},"end":{"line":130,"column":null}},"33":{"start":{"line":135,"column":16},"end":{"line":135,"column":null}},"34":{"start":{"line":136,"column":2},"end":{"line":147,"column":null}},"35":{"start":{"line":138,"column":6},"end":{"line":138,"column":null}},"36":{"start":{"line":140,"column":6},"end":{"line":140,"column":null}},"37":{"start":{"line":142,"column":6},"end":{"line":142,"column":null}},"38":{"start":{"line":144,"column":6},"end":{"line":144,"column":null}},"39":{"start":{"line":146,"column":6},"end":{"line":146,"column":null}}},"fnMap":{"0":{"name":"buildReportDataFromDatabase","decl":{"start":{"line":44,"column":16},"end":{"line":44,"column":44}},"loc":{"start":{"line":44,"column":101},"end":{"line":109,"column":null}},"line":44},"1":{"name":"(anonymous_1)","decl":{"start":{"line":47,"column":57},"end":{"line":47,"column":62}},"loc":{"start":{"line":47,"column":69},"end":{"line":57,"column":4}},"line":47},"2":{"name":"(anonymous_2)","decl":{"start":{"line":63,"column":5},"end":{"line":63,"column":10}},"loc":{"start":{"line":63,"column":16},"end":{"line":63,"column":31}},"line":63},"3":{"name":"(anonymous_3)","decl":{"start":{"line":81,"column":53},"end":{"line":81,"column":59}},"loc":{"start":{"line":81,"column":65},"end":{"line":81,"column":94}},"line":81},"4":{"name":"mapResultToStatus","decl":{"start":{"line":111,"column":9},"end":{"line":111,"column":27}},"loc":{"start":{"line":111,"column":113},"end":{"line":132,"column":null}},"line":111},"5":{"name":"mapResultToScore","decl":{"start":{"line":134,"column":9},"end":{"line":134,"column":26}},"loc":{"start":{"line":134,"column":50},"end":{"line":148,"column":null}},"line":134}},"branchMap":{"0":{"loc":{"start":{"line":49,"column":10},"end":{"line":49,"column":null}},"type":"binary-expr","locations":[{"start":{"line":49,"column":10},"end":{"line":49,"column":28}},{"start":{"line":49,"column":28},"end":{"line":49,"column":null}}],"line":49},"1":{"loc":{"start":{"line":50,"column":14},"end":{"line":50,"column":null}},"type":"binary-expr","locations":[{"start":{"line":50,"column":14},"end":{"line":50,"column":28}},{"start":{"line":50,"column":28},"end":{"line":50,"column":null}}],"line":50},"2":{"loc":{"start":{"line":51,"column":14},"end":{"line":51,"column":null}},"type":"binary-expr","locations":[{"start":{"line":51,"column":14},"end":{"line":51,"column":28}},{"start":{"line":51,"column":28},"end":{"line":51,"column":null}}],"line":51},"3":{"loc":{"start":{"line":68,"column":22},"end":{"line":68,"column":null}},"type":"cond-expr","locations":[{"start":{"line":68,"column":52},"end":{"line":68,"column":74}},{"start":{"line":68,"column":74},"end":{"line":68,"column":null}}],"line":68},"4":{"loc":{"start":{"line":69,"column":6},"end":{"line":80,"column":null}},"type":"if","locations":[{"start":{"line":69,"column":6},"end":{"line":80,"column":null}},{"start":{},"end":{}}],"line":69},"5":{"loc":{"start":{"line":69,"column":10},"end":{"line":69,"column":60}},"type":"binary-expr","locations":[{"start":{"line":69,"column":10},"end":{"line":69,"column":29}},{"start":{"line":69,"column":29},"end":{"line":69,"column":60}}],"line":69},"6":{"loc":{"start":{"line":72,"column":22},"end":{"line":72,"column":null}},"type":"binary-expr","locations":[{"start":{"line":72,"column":22},"end":{"line":72,"column":38}},{"start":{"line":72,"column":38},"end":{"line":72,"column":52}},{"start":{"line":72,"column":52},"end":{"line":72,"column":null}}],"line":72},"7":{"loc":{"start":{"line":73,"column":23},"end":{"line":73,"column":null}},"type":"binary-expr","locations":[{"start":{"line":73,"column":23},"end":{"line":73,"column":35}},{"start":{"line":73,"column":35},"end":{"line":73,"column":null}}],"line":73},"8":{"loc":{"start":{"line":74,"column":26},"end":{"line":74,"column":null}},"type":"binary-expr","locations":[{"start":{"line":74,"column":26},"end":{"line":74,"column":39}},{"start":{"line":74,"column":39},"end":{"line":74,"column":54}},{"start":{"line":74,"column":54},"end":{"line":74,"column":null}}],"line":74},"9":{"loc":{"start":{"line":81,"column":6},"end":{"line":88,"column":null}},"type":"if","locations":[{"start":{"line":81,"column":6},"end":{"line":88,"column":null}},{"start":{},"end":{}}],"line":81},"10":{"loc":{"start":{"line":81,"column":10},"end":{"line":81,"column":97}},"type":"binary-expr","locations":[{"start":{"line":81,"column":10},"end":{"line":81,"column":30}},{"start":{"line":81,"column":30},"end":{"line":81,"column":97}}],"line":81},"11":{"loc":{"start":{"line":85,"column":40},"end":{"line":85,"column":76}},"type":"binary-expr","locations":[{"start":{"line":85,"column":40},"end":{"line":85,"column":74}},{"start":{"line":85,"column":74},"end":{"line":85,"column":76}}],"line":85},"12":{"loc":{"start":{"line":85,"column":92},"end":{"line":85,"column":133}},"type":"binary-expr","locations":[{"start":{"line":85,"column":92},"end":{"line":85,"column":131}},{"start":{"line":85,"column":131},"end":{"line":85,"column":133}}],"line":85},"13":{"loc":{"start":{"line":85,"column":145},"end":{"line":85,"column":null}},"type":"binary-expr","locations":[{"start":{"line":85,"column":145},"end":{"line":85,"column":180}},{"start":{"line":85,"column":180},"end":{"line":85,"column":null}}],"line":85},"14":{"loc":{"start":{"line":94,"column":20},"end":{"line":94,"column":null}},"type":"cond-expr","locations":[{"start":{"line":94,"column":44},"end":{"line":94,"column":78}},{"start":{"line":94,"column":78},"end":{"line":94,"column":null}}],"line":94},"15":{"loc":{"start":{"line":95,"column":22},"end":{"line":95,"column":null}},"type":"cond-expr","locations":[{"start":{"line":95,"column":48},"end":{"line":95,"column":84}},{"start":{"line":95,"column":84},"end":{"line":95,"column":null}}],"line":95},"16":{"loc":{"start":{"line":96,"column":21},"end":{"line":96,"column":null}},"type":"cond-expr","locations":[{"start":{"line":96,"column":48},"end":{"line":96,"column":94}},{"start":{"line":96,"column":94},"end":{"line":96,"column":null}}],"line":96},"17":{"loc":{"start":{"line":96,"column":21},"end":{"line":96,"column":48}},"type":"binary-expr","locations":[{"start":{"line":96,"column":21},"end":{"line":96,"column":34}},{"start":{"line":96,"column":34},"end":{"line":96,"column":48}}],"line":96},"18":{"loc":{"start":{"line":104,"column":27},"end":{"line":104,"column":null}},"type":"cond-expr","locations":[{"start":{"line":104,"column":62},"end":{"line":104,"column":86}},{"start":{"line":104,"column":86},"end":{"line":104,"column":null}}],"line":104},"19":{"loc":{"start":{"line":105,"column":21},"end":{"line":105,"column":null}},"type":"cond-expr","locations":[{"start":{"line":105,"column":50},"end":{"line":105,"column":68}},{"start":{"line":105,"column":68},"end":{"line":105,"column":null}}],"line":105},"20":{"loc":{"start":{"line":106,"column":16},"end":{"line":106,"column":null}},"type":"binary-expr","locations":[{"start":{"line":106,"column":16},"end":{"line":106,"column":42}},{"start":{"line":106,"column":42},"end":{"line":106,"column":65}},{"start":{"line":106,"column":65},"end":{"line":106,"column":null}}],"line":106},"21":{"loc":{"start":{"line":113,"column":2},"end":{"line":131,"column":null}},"type":"switch","locations":[{"start":{"line":114,"column":4},"end":{"line":115,"column":null}},{"start":{"line":116,"column":4},"end":{"line":117,"column":null}},{"start":{"line":118,"column":4},"end":{"line":119,"column":null}},{"start":{"line":120,"column":4},"end":{"line":120,"column":null}},{"start":{"line":121,"column":4},"end":{"line":122,"column":null}},{"start":{"line":123,"column":4},"end":{"line":124,"column":null}},{"start":{"line":125,"column":4},"end":{"line":126,"column":null}},{"start":{"line":127,"column":4},"end":{"line":128,"column":null}},{"start":{"line":129,"column":4},"end":{"line":130,"column":null}}],"line":113},"22":{"loc":{"start":{"line":136,"column":2},"end":{"line":147,"column":null}},"type":"switch","locations":[{"start":{"line":137,"column":4},"end":{"line":138,"column":null}},{"start":{"line":139,"column":4},"end":{"line":140,"column":null}},{"start":{"line":141,"column":4},"end":{"line":142,"column":null}},{"start":{"line":143,"column":4},"end":{"line":144,"column":null}},{"start":{"line":145,"column":4},"end":{"line":146,"column":null}}],"line":136}},"s":{"0":3,"1":3,"2":2,"3":3,"4":3,"5":3,"6":2,"7":3,"8":2,"9":2,"10":2,"11":1,"12":1,"13":1,"14":0,"15":1,"16":3,"17":3,"18":3,"19":3,"20":3,"21":0,"22":3,"23":2,"24":2,"25":1,"26":1,"27":0,"28":0,"29":0,"30":0,"31":0,"32":0,"33":2,"34":2,"35":1,"36":1,"37":0,"38":0,"39":0},"f":{"0":3,"1":2,"2":2,"3":0,"4":2,"5":2},"b":{"0":[2,0],"1":[2,0],"2":[2,0],"3":[2,0],"4":[1,1],"5":[2,1],"6":[1,0,0],"7":[1,0],"8":[1,0,0],"9":[1,0],"10":[1,1],"11":[1,0],"12":[1,0],"13":[1,0],"14":[3,0],"15":[3,0],"16":[3,0],"17":[3,3],"18":[1,2],"19":[1,2],"20":[3,0,0],"21":[1,1,0,0,0,0,0,0,0],"22":[1,1,0,0,0]},"meta":{"lastBranch":23,"lastFunction":6,"lastStatement":40,"seen":{"f:44:16:44:44":0,"s:45:67:45:Infinity":0,"s:47:48:57:Infinity":1,"f:47:57:47:62":1,"s:47:69:57:4":2,"b:49:10:49:28:49:28:49:Infinity":0,"b:50:14:50:28:50:28:50:Infinity":1,"b:51:14:51:28:51:28:51:Infinity":2,"s:59:44:59:Infinity":3,"s:60:56:60:Infinity":4,"s:62:23:64:Infinity":5,"f:63:5:63:10":2,"s:63:16:63:31":6,"s:66:2:92:Infinity":7,"s:67:4:91:Infinity":8,"s:68:22:68:Infinity":9,"b:68:52:68:74:68:74:68:Infinity":3,"b:69:6:80:Infinity:undefined:undefined:undefined:undefined":4,"s:69:6:80:Infinity":10,"b:69:10:69:29:69:29:69:60":5,"s:70:8:79:Infinity":11,"s:71:10:78:Infinity":12,"b:72:22:72:38:72:38:72:52:72:52:72:Infinity":6,"b:73:23:73:35:73:35:73:Infinity":7,"b:74:26:74:39:74:39:74:54:74:54:74:Infinity":8,"b:81:6:88:Infinity:undefined:undefined:undefined:undefined":9,"s:81:6:88:Infinity":13,"b:81:10:81:30:81:30:81:97":10,"f:81:53:81:59":3,"s:81:65:81:94":14,"s:82:8:87:Infinity":15,"b:85:40:85:74:85:74:85:76":11,"b:85:92:85:131:85:131:85:133":12,"b:85:145:85:180:85:180:85:Infinity":13,"s:94:20:94:Infinity":16,"b:94:44:94:78:94:78:94:Infinity":14,"s:95:22:95:Infinity":17,"b:95:48:95:84:95:84:95:Infinity":15,"s:96:21:96:Infinity":18,"b:96:48:96:94:96:94:96:Infinity":16,"b:96:21:96:34:96:34:96:48":17,"s:98:42:98:Infinity":19,"s:99:2:101:Infinity":20,"s:100:4:100:Infinity":21,"s:103:2:108:Infinity":22,"b:104:62:104:86:104:86:104:Infinity":18,"b:105:50:105:68:105:68:105:Infinity":19,"b:106:16:106:42:106:42:106:65:106:65:106:Infinity":20,"f:111:9:111:27":4,"s:112:16:112:Infinity":23,"b:114:4:115:Infinity:116:4:117:Infinity:118:4:119:Infinity:120:4:120:Infinity:121:4:122:Infinity:123:4:124:Infinity:125:4:126:Infinity:127:4:128:Infinity:129:4:130:Infinity":21,"s:113:2:131:Infinity":24,"s:115:6:115:Infinity":25,"s:117:6:117:Infinity":26,"s:119:6:119:Infinity":27,"s:122:6:122:Infinity":28,"s:124:6:124:Infinity":29,"s:126:6:126:Infinity":30,"s:128:6:128:Infinity":31,"s:130:6:130:Infinity":32,"f:134:9:134:26":5,"s:135:16:135:Infinity":33,"b:137:4:138:Infinity:139:4:140:Infinity:141:4:142:Infinity:143:4:144:Infinity:145:4:146:Infinity":22,"s:136:2:147:Infinity":34,"s:138:6:138:Infinity":35,"s:140:6:140:Infinity":36,"s:142:6:142:Infinity":37,"s:144:6:144:Infinity":38,"s:146:6:146:Infinity":39},"fnNames":{}}}
,"D:\\Aegis\\Tool\\version-1\\.kilo\\worktrees\\sweet-carrot\\backend\\src\\reporting\\src\\charts\\donut-chart.ts": {"path":"D:\\Aegis\\Tool\\version-1\\.kilo\\worktrees\\sweet-carrot\\backend\\src\\reporting\\src\\charts\\donut-chart.ts","statementMap":{"0":{"start":{"line":19,"column":36},"end":{"line":19,"column":null}},"1":{"start":{"line":20,"column":33},"end":{"line":20,"column":null}},"2":{"start":{"line":22,"column":17},"end":{"line":22,"column":null}},"3":{"start":{"line":23,"column":22},"end":{"line":23,"column":null}},"4":{"start":{"line":24,"column":12},"end":{"line":24,"column":null}},"5":{"start":{"line":25,"column":12},"end":{"line":25,"column":null}},"6":{"start":{"line":27,"column":24},"end":{"line":27,"column":null}},"7":{"start":{"line":28,"column":20},"end":{"line":28,"column":null}},"8":{"start":{"line":30,"column":2},"end":{"line":30,"column":null}},"9":{"start":{"line":32,"column":29},"end":{"line":32,"column":null}},"10":{"start":{"line":33,"column":27},"end":{"line":33,"column":null}},"11":{"start":{"line":34,"column":25},"end":{"line":34,"column":null}},"12":{"start":{"line":35,"column":23},"end":{"line":35,"column":null}},"13":{"start":{"line":37,"column":2},"end":{"line":39,"column":null}},"14":{"start":{"line":38,"column":4},"end":{"line":38,"column":null}},"15":{"start":{"line":41,"column":2},"end":{"line":43,"column":null}},"16":{"start":{"line":42,"column":4},"end":{"line":42,"column":null}},"17":{"start":{"line":45,"column":2},"end":{"line":45,"column":null}},"18":{"start":{"line":46,"column":2},"end":{"line":46,"column":null}},"19":{"start":{"line":47,"column":2},"end":{"line":47,"column":null}},"20":{"start":{"line":49,"column":2},"end":{"line":49,"column":null}},"21":{"start":{"line":50,"column":2},"end":{"line":50,"column":null}},"22":{"start":{"line":51,"column":2},"end":{"line":51,"column":null}},"23":{"start":{"line":52,"column":2},"end":{"line":52,"column":null}},"24":{"start":{"line":53,"column":2},"end":{"line":53,"column":null}},"25":{"start":{"line":55,"column":18},"end":{"line":55,"column":null}},"26":{"start":{"line":56,"column":2},"end":{"line":56,"column":null}},"27":{"start":{"line":57,"column":2},"end":{"line":57,"column":null}},"28":{"start":{"line":58,"column":2},"end":{"line":58,"column":null}},"29":{"start":{"line":59,"column":2},"end":{"line":59,"column":null}},"30":{"start":{"line":60,"column":2},"end":{"line":60,"column":null}},"31":{"start":{"line":62,"column":2},"end":{"line":62,"column":null}},"32":{"start":{"line":63,"column":2},"end":{"line":63,"column":null}},"33":{"start":{"line":64,"column":2},"end":{"line":64,"column":null}},"34":{"start":{"line":65,"column":2},"end":{"line":65,"column":null}},"35":{"start":{"line":67,"column":2},"end":{"line":67,"column":null}},"36":{"start":{"line":80,"column":20},"end":{"line":80,"column":null}},"37":{"start":{"line":81,"column":18},"end":{"line":81,"column":null}},"38":{"start":{"line":83,"column":22},"end":{"line":83,"column":null}},"39":{"start":{"line":84,"column":22},"end":{"line":84,"column":null}},"40":{"start":{"line":85,"column":20},"end":{"line":85,"column":null}},"41":{"start":{"line":86,"column":20},"end":{"line":86,"column":null}},"42":{"start":{"line":88,"column":22},"end":{"line":88,"column":null}},"43":{"start":{"line":89,"column":22},"end":{"line":89,"column":null}},"44":{"start":{"line":90,"column":20},"end":{"line":90,"column":null}},"45":{"start":{"line":91,"column":20},"end":{"line":91,"column":null}},"46":{"start":{"line":93,"column":2},"end":{"line":93,"column":null}},"47":{"start":{"line":94,"column":2},"end":{"line":94,"column":null}},"48":{"start":{"line":95,"column":2},"end":{"line":95,"column":null}},"49":{"start":{"line":96,"column":2},"end":{"line":96,"column":null}},"50":{"start":{"line":97,"column":2},"end":{"line":97,"column":null}},"51":{"start":{"line":98,"column":2},"end":{"line":98,"column":null}},"52":{"start":{"line":99,"column":2},"end":{"line":99,"column":null}},"53":{"start":{"line":100,"column":2},"end":{"line":100,"column":null}},"54":{"start":{"line":101,"column":2},"end":{"line":101,"column":null}}},"fnMap":{"0":{"name":"drawDonutChart","decl":{"start":{"line":14,"column":16},"end":{"line":14,"column":null}},"loc":{"start":{"line":18,"column":8},"end":{"line":68,"column":null}},"line":18},"1":{"name":"drawDonutSegment","decl":{"start":{"line":70,"column":9},"end":{"line":70,"column":null}},"loc":{"start":{"line":79,"column":8},"end":{"line":102,"column":null}},"line":79}},"branchMap":{"0":{"loc":{"start":{"line":17,"column":2},"end":{"line":17,"column":null}},"type":"default-arg","locations":[{"start":{"line":17,"column":40},"end":{"line":17,"column":null}}],"line":17},"1":{"loc":{"start":{"line":19,"column":36},"end":{"line":19,"column":null}},"type":"binary-expr","locations":[{"start":{"line":19,"column":36},"end":{"line":19,"column":79}},{"start":{"line":19,"column":79},"end":{"line":19,"column":106}},{"start":{"line":19,"column":106},"end":{"line":19,"column":null}}],"line":19},"2":{"loc":{"start":{"line":20,"column":33},"end":{"line":20,"column":null}},"type":"binary-expr","locations":[{"start":{"line":20,"column":33},"end":{"line":20,"column":73}},{"start":{"line":20,"column":73},"end":{"line":20,"column":null}}],"line":20},"3":{"loc":{"start":{"line":22,"column":17},"end":{"line":22,"column":null}},"type":"binary-expr","locations":[{"start":{"line":22,"column":17},"end":{"line":22,"column":35}},{"start":{"line":22,"column":35},"end":{"line":22,"column":null}}],"line":22},"4":{"loc":{"start":{"line":23,"column":22},"end":{"line":23,"column":null}},"type":"binary-expr","locations":[{"start":{"line":23,"column":22},"end":{"line":23,"column":45}},{"start":{"line":23,"column":45},"end":{"line":23,"column":null}}],"line":23},"5":{"loc":{"start":{"line":24,"column":12},"end":{"line":24,"column":null}},"type":"binary-expr","locations":[{"start":{"line":24,"column":12},"end":{"line":24,"column":25}},{"start":{"line":24,"column":25},"end":{"line":24,"column":null}}],"line":24},"6":{"loc":{"start":{"line":25,"column":12},"end":{"line":25,"column":null}},"type":"binary-expr","locations":[{"start":{"line":25,"column":12},"end":{"line":25,"column":25}},{"start":{"line":25,"column":25},"end":{"line":25,"column":null}}],"line":25},"7":{"loc":{"start":{"line":27,"column":24},"end":{"line":27,"column":null}},"type":"binary-expr","locations":[{"start":{"line":27,"column":24},"end":{"line":27,"column":56}},{"start":{"line":27,"column":56},"end":{"line":27,"column":null}}],"line":27},"8":{"loc":{"start":{"line":28,"column":20},"end":{"line":28,"column":null}},"type":"binary-expr","locations":[{"start":{"line":28,"column":20},"end":{"line":28,"column":49}},{"start":{"line":28,"column":49},"end":{"line":28,"column":null}}],"line":28},"9":{"loc":{"start":{"line":37,"column":2},"end":{"line":39,"column":null}},"type":"if","locations":[{"start":{"line":37,"column":2},"end":{"line":39,"column":null}},{"start":{},"end":{}}],"line":37},"10":{"loc":{"start":{"line":41,"column":2},"end":{"line":43,"column":null}},"type":"if","locations":[{"start":{"line":41,"column":2},"end":{"line":43,"column":null}},{"start":{},"end":{}}],"line":41}},"s":{"0":0,"1":0,"2":0,"3":0,"4":0,"5":0,"6":0,"7":0,"8":0,"9":0,"10":0,"11":0,"12":0,"13":0,"14":0,"15":0,"16":0,"17":0,"18":0,"19":0,"20":0,"21":0,"22":0,"23":0,"24":0,"25":0,"26":0,"27":0,"28":0,"29":0,"30":0,"31":0,"32":0,"33":0,"34":0,"35":0,"36":0,"37":0,"38":0,"39":0,"40":0,"41":0,"42":0,"43":0,"44":0,"45":0,"46":0,"47":0,"48":0,"49":0,"50":0,"51":0,"52":0,"53":0,"54":0},"f":{"0":0,"1":0},"b":{"0":[0],"1":[0,0,0],"2":[0,0],"3":[0,0],"4":[0,0],"5":[0,0],"6":[0,0],"7":[0,0],"8":[0,0],"9":[0,0],"10":[0,0]},"meta":{"lastBranch":11,"lastFunction":2,"lastStatement":55,"seen":{"f:14:16:14:Infinity":0,"b:17:40:17:Infinity":0,"s:19:36:19:Infinity":0,"b:19:36:19:79:19:79:19:106:19:106:19:Infinity":1,"s:20:33:20:Infinity":1,"b:20:33:20:73:20:73:20:Infinity":2,"s:22:17:22:Infinity":2,"b:22:17:22:35:22:35:22:Infinity":3,"s:23:22:23:Infinity":3,"b:23:22:23:45:23:45:23:Infinity":4,"s:24:12:24:Infinity":4,"b:24:12:24:25:24:25:24:Infinity":5,"s:25:12:25:Infinity":5,"b:25:12:25:25:25:25:25:Infinity":6,"s:27:24:27:Infinity":6,"b:27:24:27:56:27:56:27:Infinity":7,"s:28:20:28:Infinity":7,"b:28:20:28:49:28:49:28:Infinity":8,"s:30:2:30:Infinity":8,"s:32:29:32:Infinity":9,"s:33:27:33:Infinity":10,"s:34:25:34:Infinity":11,"s:35:23:35:Infinity":12,"b:37:2:39:Infinity:undefined:undefined:undefined:undefined":9,"s:37:2:39:Infinity":13,"s:38:4:38:Infinity":14,"b:41:2:43:Infinity:undefined:undefined:undefined:undefined":10,"s:41:2:43:Infinity":15,"s:42:4:42:Infinity":16,"s:45:2:45:Infinity":17,"s:46:2:46:Infinity":18,"s:47:2:47:Infinity":19,"s:49:2:49:Infinity":20,"s:50:2:50:Infinity":21,"s:51:2:51:Infinity":22,"s:52:2:52:Infinity":23,"s:53:2:53:Infinity":24,"s:55:18:55:Infinity":25,"s:56:2:56:Infinity":26,"s:57:2:57:Infinity":27,"s:58:2:58:Infinity":28,"s:59:2:59:Infinity":29,"s:60:2:60:Infinity":30,"s:62:2:62:Infinity":31,"s:63:2:63:Infinity":32,"s:64:2:64:Infinity":33,"s:65:2:65:Infinity":34,"s:67:2:67:Infinity":35,"f:70:9:70:Infinity":1,"s:80:20:80:Infinity":36,"s:81:18:81:Infinity":37,"s:83:22:83:Infinity":38,"s:84:22:84:Infinity":39,"s:85:20:85:Infinity":40,"s:86:20:86:Infinity":41,"s:88:22:88:Infinity":42,"s:89:22:89:Infinity":43,"s:90:20:90:Infinity":44,"s:91:20:91:Infinity":45,"s:93:2:93:Infinity":46,"s:94:2:94:Infinity":47,"s:95:2:95:Infinity":48,"s:96:2:96:Infinity":49,"s:97:2:97:Infinity":50,"s:98:2:98:Infinity":51,"s:99:2:99:Infinity":52,"s:100:2:100:Infinity":53,"s:101:2:101:Infinity":54},"fnNames":{}}}
,"D:\\Aegis\\Tool\\version-1\\.kilo\\worktrees\\sweet-carrot\\backend\\src\\reporting\\src\\excel\\excel-report.generator.ts": {"path":"D:\\Aegis\\Tool\\version-1\\.kilo\\worktrees\\sweet-carrot\\backend\\src\\reporting\\src\\excel\\excel-report.generator.ts","statementMap":{"0":{"start":{"line":6,"column":19},"end":{"line":6,"column":null}},"1":{"start":{"line":7,"column":2},"end":{"line":7,"column":null}},"2":{"start":{"line":8,"column":2},"end":{"line":8,"column":null}},"3":{"start":{"line":11,"column":23},"end":{"line":11,"column":null}},"4":{"start":{"line":12,"column":2},"end":{"line":12,"column":null}},"5":{"start":{"line":14,"column":2},"end":{"line":14,"column":null}},"6":{"start":{"line":15,"column":2},"end":{"line":15,"column":null}},"7":{"start":{"line":16,"column":2},"end":{"line":16,"column":null}},"8":{"start":{"line":17,"column":2},"end":{"line":17,"column":null}},"9":{"start":{"line":18,"column":2},"end":{"line":18,"column":null}},"10":{"start":{"line":19,"column":2},"end":{"line":19,"column":null}},"11":{"start":{"line":20,"column":2},"end":{"line":20,"column":null}},"12":{"start":{"line":21,"column":2},"end":{"line":21,"column":null}},"13":{"start":{"line":22,"column":2},"end":{"line":22,"column":null}},"14":{"start":{"line":23,"column":2},"end":{"line":23,"column":null}},"15":{"start":{"line":24,"column":2},"end":{"line":24,"column":null}},"16":{"start":{"line":25,"column":2},"end":{"line":25,"column":null}},"17":{"start":{"line":26,"column":2},"end":{"line":26,"column":null}},"18":{"start":{"line":27,"column":2},"end":{"line":27,"column":null}},"19":{"start":{"line":28,"column":2},"end":{"line":28,"column":null}},"20":{"start":{"line":29,"column":2},"end":{"line":29,"column":null}},"21":{"start":{"line":30,"column":2},"end":{"line":30,"column":null}},"22":{"start":{"line":31,"column":2},"end":{"line":31,"column":null}},"23":{"start":{"line":34,"column":24},"end":{"line":34,"column":null}},"24":{"start":{"line":35,"column":2},"end":{"line":45,"column":null}},"25":{"start":{"line":47,"column":20},"end":{"line":47,"column":null}},"26":{"start":{"line":48,"column":2},"end":{"line":48,"column":null}},"27":{"start":{"line":49,"column":2},"end":{"line":49,"column":null}},"28":{"start":{"line":51,"column":2},"end":{"line":63,"column":null}},"29":{"start":{"line":52,"column":4},"end":{"line":62,"column":null}},"30":{"start":{"line":65,"column":2},"end":{"line":65,"column":null}},"31":{"start":{"line":68,"column":2},"end":{"line":97,"column":null}},"32":{"start":{"line":69,"column":21},"end":{"line":69,"column":null}},"33":{"start":{"line":70,"column":4},"end":{"line":78,"column":null}},"34":{"start":{"line":80,"column":25},"end":{"line":80,"column":null}},"35":{"start":{"line":81,"column":4},"end":{"line":81,"column":null}},"36":{"start":{"line":82,"column":4},"end":{"line":82,"column":null}},"37":{"start":{"line":84,"column":4},"end":{"line":94,"column":null}},"38":{"start":{"line":85,"column":6},"end":{"line":93,"column":null}},"39":{"start":{"line":96,"column":4},"end":{"line":96,"column":null}},"40":{"start":{"line":100,"column":2},"end":{"line":121,"column":null}},"41":{"start":{"line":101,"column":22},"end":{"line":101,"column":null}},"42":{"start":{"line":102,"column":4},"end":{"line":106,"column":null}},"43":{"start":{"line":108,"column":26},"end":{"line":108,"column":null}},"44":{"start":{"line":109,"column":4},"end":{"line":109,"column":null}},"45":{"start":{"line":110,"column":4},"end":{"line":110,"column":null}},"46":{"start":{"line":112,"column":4},"end":{"line":118,"column":null}},"47":{"start":{"line":113,"column":6},"end":{"line":117,"column":null}},"48":{"start":{"line":120,"column":4},"end":{"line":120,"column":null}},"49":{"start":{"line":124,"column":2},"end":{"line":149,"column":null}},"50":{"start":{"line":125,"column":26},"end":{"line":125,"column":null}},"51":{"start":{"line":126,"column":4},"end":{"line":132,"column":null}},"52":{"start":{"line":134,"column":24},"end":{"line":134,"column":null}},"53":{"start":{"line":135,"column":4},"end":{"line":135,"column":null}},"54":{"start":{"line":136,"column":4},"end":{"line":136,"column":null}},"55":{"start":{"line":138,"column":4},"end":{"line":146,"column":null}},"56":{"start":{"line":139,"column":6},"end":{"line":145,"column":null}},"57":{"start":{"line":148,"column":4},"end":{"line":148,"column":null}},"58":{"start":{"line":151,"column":2},"end":{"line":151,"column":null}}},"fnMap":{"0":{"name":"generateExcelReport","decl":{"start":{"line":5,"column":22},"end":{"line":5,"column":42}},"loc":{"start":{"line":5,"column":113},"end":{"line":152,"column":null}},"line":5}},"branchMap":{"0":{"loc":{"start":{"line":16,"column":33},"end":{"line":16,"column":68}},"type":"binary-expr","locations":[{"start":{"line":16,"column":33},"end":{"line":16,"column":63}},{"start":{"line":16,"column":63},"end":{"line":16,"column":68}}],"line":16},"1":{"loc":{"start":{"line":20,"column":33},"end":{"line":20,"column":64}},"type":"binary-expr","locations":[{"start":{"line":20,"column":33},"end":{"line":20,"column":59}},{"start":{"line":20,"column":59},"end":{"line":20,"column":64}}],"line":20},"2":{"loc":{"start":{"line":23,"column":36},"end":{"line":23,"column":119}},"type":"cond-expr","locations":[{"start":{"line":23,"column":71},"end":{"line":23,"column":114}},{"start":{"line":23,"column":114},"end":{"line":23,"column":119}}],"line":23},"3":{"loc":{"start":{"line":24,"column":47},"end":{"line":24,"column":117}},"type":"binary-expr","locations":[{"start":{"line":24,"column":47},"end":{"line":24,"column":89}},{"start":{"line":24,"column":89},"end":{"line":24,"column":116}},{"start":{"line":24,"column":116},"end":{"line":24,"column":117}}],"line":24},"4":{"loc":{"start":{"line":25,"column":44},"end":{"line":25,"column":121}},"type":"binary-expr","locations":[{"start":{"line":25,"column":44},"end":{"line":25,"column":84}},{"start":{"line":25,"column":84},"end":{"line":25,"column":121}}],"line":25},"5":{"loc":{"start":{"line":25,"column":91},"end":{"line":25,"column":121}},"type":"binary-expr","locations":[{"start":{"line":25,"column":91},"end":{"line":25,"column":118}},{"start":{"line":25,"column":118},"end":{"line":25,"column":121}}],"line":25},"6":{"loc":{"start":{"line":55,"column":6},"end":{"line":55,"column":null}},"type":"binary-expr","locations":[{"start":{"line":55,"column":6},"end":{"line":55,"column":26}},{"start":{"line":55,"column":26},"end":{"line":55,"column":null}}],"line":55},"7":{"loc":{"start":{"line":59,"column":6},"end":{"line":59,"column":null}},"type":"binary-expr","locations":[{"start":{"line":59,"column":6},"end":{"line":59,"column":30}},{"start":{"line":59,"column":30},"end":{"line":59,"column":null}}],"line":59},"8":{"loc":{"start":{"line":60,"column":6},"end":{"line":60,"column":null}},"type":"binary-expr","locations":[{"start":{"line":60,"column":6},"end":{"line":60,"column":26}},{"start":{"line":60,"column":26},"end":{"line":60,"column":null}}],"line":60},"9":{"loc":{"start":{"line":61,"column":6},"end":{"line":61,"column":null}},"type":"binary-expr","locations":[{"start":{"line":61,"column":6},"end":{"line":61,"column":32}},{"start":{"line":61,"column":32},"end":{"line":61,"column":null}}],"line":61},"10":{"loc":{"start":{"line":68,"column":2},"end":{"line":97,"column":null}},"type":"if","locations":[{"start":{"line":68,"column":2},"end":{"line":97,"column":null}},{"start":{},"end":{}}],"line":68},"11":{"loc":{"start":{"line":68,"column":6},"end":{"line":68,"column":63}},"type":"binary-expr","locations":[{"start":{"line":68,"column":6},"end":{"line":68,"column":30}},{"start":{"line":68,"column":30},"end":{"line":68,"column":63}}],"line":68},"12":{"loc":{"start":{"line":91,"column":8},"end":{"line":91,"column":null}},"type":"binary-expr","locations":[{"start":{"line":91,"column":8},"end":{"line":91,"column":27}},{"start":{"line":91,"column":27},"end":{"line":91,"column":null}}],"line":91},"13":{"loc":{"start":{"line":92,"column":8},"end":{"line":92,"column":null}},"type":"binary-expr","locations":[{"start":{"line":92,"column":8},"end":{"line":92,"column":22}},{"start":{"line":92,"column":22},"end":{"line":92,"column":null}}],"line":92},"14":{"loc":{"start":{"line":100,"column":2},"end":{"line":121,"column":null}},"type":"if","locations":[{"start":{"line":100,"column":2},"end":{"line":121,"column":null}},{"start":{},"end":{}}],"line":100},"15":{"loc":{"start":{"line":100,"column":6},"end":{"line":100,"column":75}},"type":"binary-expr","locations":[{"start":{"line":100,"column":6},"end":{"line":100,"column":36}},{"start":{"line":100,"column":36},"end":{"line":100,"column":75}}],"line":100},"16":{"loc":{"start":{"line":124,"column":2},"end":{"line":149,"column":null}},"type":"if","locations":[{"start":{"line":124,"column":2},"end":{"line":149,"column":null}},{"start":{},"end":{}}],"line":124},"17":{"loc":{"start":{"line":124,"column":6},"end":{"line":124,"column":63}},"type":"binary-expr","locations":[{"start":{"line":124,"column":6},"end":{"line":124,"column":30}},{"start":{"line":124,"column":30},"end":{"line":124,"column":63}}],"line":124},"18":{"loc":{"start":{"line":143,"column":8},"end":{"line":143,"column":null}},"type":"binary-expr","locations":[{"start":{"line":143,"column":8},"end":{"line":143,"column":31}},{"start":{"line":143,"column":31},"end":{"line":143,"column":null}}],"line":143},"19":{"loc":{"start":{"line":144,"column":8},"end":{"line":144,"column":null}},"type":"binary-expr","locations":[{"start":{"line":144,"column":8},"end":{"line":144,"column":27}},{"start":{"line":144,"column":27},"end":{"line":144,"column":null}}],"line":144}},"s":{"0":0,"1":0,"2":0,"3":0,"4":0,"5":0,"6":0,"7":0,"8":0,"9":0,"10":0,"11":0,"12":0,"13":0,"14":0,"15":0,"16":0,"17":0,"18":0,"19":0,"20":0,"21":0,"22":0,"23":0,"24":0,"25":0,"26":0,"27":0,"28":0,"29":0,"30":0,"31":0,"32":0,"33":0,"34":0,"35":0,"36":0,"37":0,"38":0,"39":0,"40":0,"41":0,"42":0,"43":0,"44":0,"45":0,"46":0,"47":0,"48":0,"49":0,"50":0,"51":0,"52":0,"53":0,"54":0,"55":0,"56":0,"57":0,"58":0},"f":{"0":0},"b":{"0":[0,0],"1":[0,0],"2":[0,0],"3":[0,0,0],"4":[0,0],"5":[0,0],"6":[0,0],"7":[0,0],"8":[0,0],"9":[0,0],"10":[0,0],"11":[0,0],"12":[0,0],"13":[0,0],"14":[0,0],"15":[0,0],"16":[0,0],"17":[0,0],"18":[0,0],"19":[0,0]},"meta":{"lastBranch":20,"lastFunction":1,"lastStatement":59,"seen":{"f:5:22:5:42":0,"s:6:19:6:Infinity":0,"s:7:2:7:Infinity":1,"s:8:2:8:Infinity":2,"s:11:23:11:Infinity":3,"s:12:2:12:Infinity":4,"s:14:2:14:Infinity":5,"s:15:2:15:Infinity":6,"s:16:2:16:Infinity":7,"b:16:33:16:63:16:63:16:68":0,"s:17:2:17:Infinity":8,"s:18:2:18:Infinity":9,"s:19:2:19:Infinity":10,"s:20:2:20:Infinity":11,"b:20:33:20:59:20:59:20:64":1,"s:21:2:21:Infinity":12,"s:22:2:22:Infinity":13,"s:23:2:23:Infinity":14,"b:23:71:23:114:23:114:23:119":2,"s:24:2:24:Infinity":15,"b:24:47:24:89:24:89:24:116:24:116:24:117":3,"s:25:2:25:Infinity":16,"b:25:44:25:84:25:84:25:121":4,"b:25:91:25:118:25:118:25:121":5,"s:26:2:26:Infinity":17,"s:27:2:27:Infinity":18,"s:28:2:28:Infinity":19,"s:29:2:29:Infinity":20,"s:30:2:30:Infinity":21,"s:31:2:31:Infinity":22,"s:34:24:34:Infinity":23,"s:35:2:45:Infinity":24,"s:47:20:47:Infinity":25,"s:48:2:48:Infinity":26,"s:49:2:49:Infinity":27,"s:51:2:63:Infinity":28,"s:52:4:62:Infinity":29,"b:55:6:55:26:55:26:55:Infinity":6,"b:59:6:59:30:59:30:59:Infinity":7,"b:60:6:60:26:60:26:60:Infinity":8,"b:61:6:61:32:61:32:61:Infinity":9,"s:65:2:65:Infinity":30,"b:68:2:97:Infinity:undefined:undefined:undefined:undefined":10,"s:68:2:97:Infinity":31,"b:68:6:68:30:68:30:68:63":11,"s:69:21:69:Infinity":32,"s:70:4:78:Infinity":33,"s:80:25:80:Infinity":34,"s:81:4:81:Infinity":35,"s:82:4:82:Infinity":36,"s:84:4:94:Infinity":37,"s:85:6:93:Infinity":38,"b:91:8:91:27:91:27:91:Infinity":12,"b:92:8:92:22:92:22:92:Infinity":13,"s:96:4:96:Infinity":39,"b:100:2:121:Infinity:undefined:undefined:undefined:undefined":14,"s:100:2:121:Infinity":40,"b:100:6:100:36:100:36:100:75":15,"s:101:22:101:Infinity":41,"s:102:4:106:Infinity":42,"s:108:26:108:Infinity":43,"s:109:4:109:Infinity":44,"s:110:4:110:Infinity":45,"s:112:4:118:Infinity":46,"s:113:6:117:Infinity":47,"s:120:4:120:Infinity":48,"b:124:2:149:Infinity:undefined:undefined:undefined:undefined":16,"s:124:2:149:Infinity":49,"b:124:6:124:30:124:30:124:63":17,"s:125:26:125:Infinity":50,"s:126:4:132:Infinity":51,"s:134:24:134:Infinity":52,"s:135:4:135:Infinity":53,"s:136:4:136:Infinity":54,"s:138:4:146:Infinity":55,"s:139:6:145:Infinity":56,"b:143:8:143:31:143:31:143:Infinity":18,"b:144:8:144:27:144:27:144:Infinity":19,"s:148:4:148:Infinity":57,"s:151:2:151:Infinity":58},"fnNames":{}}}
,"D:\\Aegis\\Tool\\version-1\\.kilo\\worktrees\\sweet-carrot\\backend\\src\\reporting\\src\\pdf\\pdf-report.generator.ts": {"path":"D:\\Aegis\\Tool\\version-1\\.kilo\\worktrees\\sweet-carrot\\backend\\src\\reporting\\src\\pdf\\pdf-report.generator.ts","statementMap":{"0":{"start":{"line":15,"column":2},"end":{"line":218,"column":null}},"1":{"start":{"line":16,"column":4},"end":{"line":217,"column":null}},"2":{"start":{"line":17,"column":220},"end":{"line":17,"column":null}},"3":{"start":{"line":19,"column":18},"end":{"line":19,"column":null}},"4":{"start":{"line":20,"column":21},"end":{"line":20,"column":null}},"5":{"start":{"line":21,"column":6},"end":{"line":21,"column":null}},"6":{"start":{"line":23,"column":6},"end":{"line":23,"column":null}},"7":{"start":{"line":24,"column":6},"end":{"line":24,"column":null}},"8":{"start":{"line":25,"column":6},"end":{"line":25,"column":null}},"9":{"start":{"line":26,"column":6},"end":{"line":26,"column":null}},"10":{"start":{"line":27,"column":6},"end":{"line":27,"column":null}},"11":{"start":{"line":30,"column":6},"end":{"line":30,"column":null}},"12":{"start":{"line":31,"column":6},"end":{"line":31,"column":null}},"13":{"start":{"line":32,"column":6},"end":{"line":32,"column":null}},"14":{"start":{"line":33,"column":6},"end":{"line":33,"column":null}},"15":{"start":{"line":35,"column":6},"end":{"line":40,"column":null}},"16":{"start":{"line":42,"column":6},"end":{"line":42,"column":null}},"17":{"start":{"line":43,"column":6},"end":{"line":43,"column":null}},"18":{"start":{"line":44,"column":6},"end":{"line":44,"column":null}},"19":{"start":{"line":45,"column":6},"end":{"line":45,"column":null}},"20":{"start":{"line":46,"column":6},"end":{"line":46,"column":null}},"21":{"start":{"line":49,"column":6},"end":{"line":49,"column":null}},"22":{"start":{"line":50,"column":6},"end":{"line":50,"column":null}},"23":{"start":{"line":51,"column":6},"end":{"line":51,"column":null}},"24":{"start":{"line":52,"column":6},"end":{"line":52,"column":null}},"25":{"start":{"line":54,"column":28},"end":{"line":65,"column":null}},"26":{"start":{"line":67,"column":6},"end":{"line":69,"column":null}},"27":{"start":{"line":68,"column":8},"end":{"line":68,"column":null}},"28":{"start":{"line":71,"column":6},"end":{"line":71,"column":null}},"29":{"start":{"line":74,"column":6},"end":{"line":74,"column":null}},"30":{"start":{"line":75,"column":6},"end":{"line":75,"column":null}},"31":{"start":{"line":76,"column":6},"end":{"line":76,"column":null}},"32":{"start":{"line":78,"column":29},"end":{"line":78,"column":null}},"33":{"start":{"line":78,"column":55},"end":{"line":78,"column":76}},"34":{"start":{"line":79,"column":29},"end":{"line":79,"column":null}},"35":{"start":{"line":79,"column":55},"end":{"line":79,"column":76}},"36":{"start":{"line":81,"column":6},"end":{"line":82,"column":null}},"37":{"start":{"line":84,"column":6},"end":{"line":84,"column":null}},"38":{"start":{"line":86,"column":6},"end":{"line":103,"column":null}},"39":{"start":{"line":87,"column":8},"end":{"line":87,"column":null}},"40":{"start":{"line":88,"column":8},"end":{"line":88,"column":null}},"41":{"start":{"line":89,"column":8},"end":{"line":89,"column":null}},"42":{"start":{"line":90,"column":8},"end":{"line":92,"column":null}},"43":{"start":{"line":91,"column":10},"end":{"line":91,"column":null}},"44":{"start":{"line":93,"column":8},"end":{"line":93,"column":null}},"45":{"start":{"line":95,"column":8},"end":{"line":95,"column":null}},"46":{"start":{"line":96,"column":8},"end":{"line":96,"column":null}},"47":{"start":{"line":97,"column":8},"end":{"line":97,"column":null}},"48":{"start":{"line":98,"column":8},"end":{"line":100,"column":null}},"49":{"start":{"line":99,"column":10},"end":{"line":99,"column":null}},"50":{"start":{"line":102,"column":8},"end":{"line":102,"column":null}},"51":{"start":{"line":105,"column":6},"end":{"line":105,"column":null}},"52":{"start":{"line":108,"column":6},"end":{"line":108,"column":null}},"53":{"start":{"line":109,"column":6},"end":{"line":109,"column":null}},"54":{"start":{"line":110,"column":6},"end":{"line":110,"column":null}},"55":{"start":{"line":112,"column":6},"end":{"line":128,"column":null}},"56":{"start":{"line":113,"column":28},"end":{"line":113,"column":null}},"57":{"start":{"line":114,"column":8},"end":{"line":114,"column":null}},"58":{"start":{"line":115,"column":8},"end":{"line":115,"column":null}},"59":{"start":{"line":116,"column":8},"end":{"line":116,"column":null}},"60":{"start":{"line":117,"column":8},"end":{"line":119,"column":null}},"61":{"start":{"line":118,"column":10},"end":{"line":118,"column":null}},"62":{"start":{"line":120,"column":8},"end":{"line":122,"column":null}},"63":{"start":{"line":121,"column":10},"end":{"line":121,"column":null}},"64":{"start":{"line":123,"column":8},"end":{"line":123,"column":null}},"65":{"start":{"line":125,"column":8},"end":{"line":127,"column":null}},"66":{"start":{"line":126,"column":10},"end":{"line":126,"column":null}},"67":{"start":{"line":131,"column":6},"end":{"line":150,"column":null}},"68":{"start":{"line":132,"column":8},"end":{"line":132,"column":null}},"69":{"start":{"line":133,"column":8},"end":{"line":133,"column":null}},"70":{"start":{"line":134,"column":8},"end":{"line":134,"column":null}},"71":{"start":{"line":136,"column":8},"end":{"line":149,"column":null}},"72":{"start":{"line":137,"column":10},"end":{"line":137,"column":null}},"73":{"start":{"line":138,"column":10},"end":{"line":138,"column":null}},"74":{"start":{"line":139,"column":10},"end":{"line":139,"column":null}},"75":{"start":{"line":140,"column":10},"end":{"line":140,"column":null}},"76":{"start":{"line":141,"column":10},"end":{"line":143,"column":null}},"77":{"start":{"line":142,"column":12},"end":{"line":142,"column":null}},"78":{"start":{"line":144,"column":10},"end":{"line":144,"column":null}},"79":{"start":{"line":146,"column":10},"end":{"line":148,"column":null}},"80":{"start":{"line":147,"column":12},"end":{"line":147,"column":null}},"81":{"start":{"line":153,"column":6},"end":{"line":164,"column":null}},"82":{"start":{"line":154,"column":8},"end":{"line":154,"column":null}},"83":{"start":{"line":155,"column":8},"end":{"line":155,"column":null}},"84":{"start":{"line":156,"column":8},"end":{"line":156,"column":null}},"85":{"start":{"line":158,"column":8},"end":{"line":163,"column":null}},"86":{"start":{"line":159,"column":10},"end":{"line":159,"column":null}},"87":{"start":{"line":160,"column":10},"end":{"line":160,"column":null}},"88":{"start":{"line":161,"column":10},"end":{"line":161,"column":null}},"89":{"start":{"line":162,"column":10},"end":{"line":162,"column":null}},"90":{"start":{"line":167,"column":6},"end":{"line":185,"column":null}},"91":{"start":{"line":168,"column":8},"end":{"line":168,"column":null}},"92":{"start":{"line":169,"column":8},"end":{"line":169,"column":null}},"93":{"start":{"line":170,"column":8},"end":{"line":170,"column":null}},"94":{"start":{"line":172,"column":8},"end":{"line":184,"column":null}},"95":{"start":{"line":173,"column":10},"end":{"line":173,"column":null}},"96":{"start":{"line":174,"column":10},"end":{"line":174,"column":null}},"97":{"start":{"line":175,"column":10},"end":{"line":175,"column":null}},"98":{"start":{"line":176,"column":10},"end":{"line":176,"column":null}},"99":{"start":{"line":177,"column":10},"end":{"line":179,"column":null}},"100":{"start":{"line":178,"column":12},"end":{"line":178,"column":null}},"101":{"start":{"line":180,"column":10},"end":{"line":182,"column":null}},"102":{"start":{"line":181,"column":12},"end":{"line":181,"column":null}},"103":{"start":{"line":183,"column":10},"end":{"line":183,"column":null}},"104":{"start":{"line":188,"column":6},"end":{"line":188,"column":null}},"105":{"start":{"line":189,"column":6},"end":{"line":189,"column":null}},"106":{"start":{"line":190,"column":6},"end":{"line":190,"column":null}},"107":{"start":{"line":191,"column":6},"end":{"line":191,"column":null}},"108":{"start":{"line":193,"column":6},"end":{"line":201,"column":null}},"109":{"start":{"line":194,"column":8},"end":{"line":194,"column":null}},"110":{"start":{"line":195,"column":13},"end":{"line":201,"column":null}},"111":{"start":{"line":196,"column":8},"end":{"line":196,"column":null}},"112":{"start":{"line":197,"column":13},"end":{"line":201,"column":null}},"113":{"start":{"line":198,"column":8},"end":{"line":198,"column":null}},"114":{"start":{"line":200,"column":8},"end":{"line":200,"column":null}},"115":{"start":{"line":204,"column":6},"end":{"line":204,"column":null}},"116":{"start":{"line":205,"column":6},"end":{"line":205,"column":null}},"117":{"start":{"line":206,"column":6},"end":{"line":206,"column":null}},"118":{"start":{"line":208,"column":6},"end":{"line":208,"column":null}},"119":{"start":{"line":210,"column":6},"end":{"line":212,"column":null}},"120":{"start":{"line":211,"column":8},"end":{"line":211,"column":null}},"121":{"start":{"line":214,"column":6},"end":{"line":214,"column":null}},"122":{"start":{"line":216,"column":6},"end":{"line":216,"column":null}},"123":{"start":{"line":222,"column":2},"end":{"line":235,"column":null}},"124":{"start":{"line":224,"column":6},"end":{"line":224,"column":null}},"125":{"start":{"line":226,"column":6},"end":{"line":226,"column":null}},"126":{"start":{"line":228,"column":6},"end":{"line":228,"column":null}},"127":{"start":{"line":230,"column":6},"end":{"line":230,"column":null}},"128":{"start":{"line":232,"column":6},"end":{"line":232,"column":null}},"129":{"start":{"line":234,"column":6},"end":{"line":234,"column":null}}},"fnMap":{"0":{"name":"generatePdfReport","decl":{"start":{"line":14,"column":22},"end":{"line":14,"column":40}},"loc":{"start":{"line":14,"column":118},"end":{"line":219,"column":null}},"line":14},"1":{"name":"(anonymous_1)","decl":{"start":{"line":15,"column":13},"end":{"line":15,"column":22}},"loc":{"start":{"line":15,"column":42},"end":{"line":218,"column":3}},"line":15},"2":{"name":"(anonymous_2)","decl":{"start":{"line":78,"column":43},"end":{"line":78,"column":50}},"loc":{"start":{"line":78,"column":55},"end":{"line":78,"column":76}},"line":78},"3":{"name":"(anonymous_3)","decl":{"start":{"line":79,"column":43},"end":{"line":79,"column":50}},"loc":{"start":{"line":79,"column":55},"end":{"line":79,"column":76}},"line":79},"4":{"name":"(anonymous_4)","decl":{"start":{"line":210,"column":16},"end":{"line":210,"column":32}},"loc":{"start":{"line":210,"column":32},"end":{"line":212,"column":7}},"line":210},"5":{"name":"getStatusColor","decl":{"start":{"line":221,"column":9},"end":{"line":221,"column":24}},"loc":{"start":{"line":221,"column":48},"end":{"line":236,"column":null}},"line":221}},"branchMap":{"0":{"loc":{"start":{"line":17,"column":26},"end":{"line":17,"column":64}},"type":"default-arg","locations":[{"start":{"line":17,"column":34},"end":{"line":17,"column":64}}],"line":17},"1":{"loc":{"start":{"line":17,"column":64},"end":{"line":17,"column":96}},"type":"default-arg","locations":[{"start":{"line":17,"column":75},"end":{"line":17,"column":96}}],"line":17},"2":{"loc":{"start":{"line":17,"column":96},"end":{"line":17,"column":143}},"type":"default-arg","locations":[{"start":{"line":17,"column":105},"end":{"line":17,"column":143}}],"line":17},"3":{"loc":{"start":{"line":17,"column":143},"end":{"line":17,"column":220}},"type":"default-arg","locations":[{"start":{"line":17,"column":153},"end":{"line":17,"column":220}}],"line":17},"4":{"loc":{"start":{"line":32,"column":49},"end":{"line":32,"column":114}},"type":"binary-expr","locations":[{"start":{"line":32,"column":49},"end":{"line":32,"column":83}},{"start":{"line":32,"column":83},"end":{"line":32,"column":114}}],"line":32},"5":{"loc":{"start":{"line":44,"column":26},"end":{"line":44,"column":65}},"type":"binary-expr","locations":[{"start":{"line":44,"column":26},"end":{"line":44,"column":56}},{"start":{"line":44,"column":56},"end":{"line":44,"column":65}}],"line":44},"6":{"loc":{"start":{"line":62,"column":22},"end":{"line":62,"column":105}},"type":"cond-expr","locations":[{"start":{"line":62,"column":57},"end":{"line":62,"column":100}},{"start":{"line":62,"column":100},"end":{"line":62,"column":105}}],"line":62},"7":{"loc":{"start":{"line":63,"column":33},"end":{"line":63,"column":103}},"type":"binary-expr","locations":[{"start":{"line":63,"column":33},"end":{"line":63,"column":75}},{"start":{"line":63,"column":75},"end":{"line":63,"column":102}},{"start":{"line":63,"column":102},"end":{"line":63,"column":103}}],"line":63},"8":{"loc":{"start":{"line":64,"column":30},"end":{"line":64,"column":107}},"type":"binary-expr","locations":[{"start":{"line":64,"column":30},"end":{"line":64,"column":70}},{"start":{"line":64,"column":70},"end":{"line":64,"column":107}}],"line":64},"9":{"loc":{"start":{"line":64,"column":77},"end":{"line":64,"column":107}},"type":"binary-expr","locations":[{"start":{"line":64,"column":77},"end":{"line":64,"column":104}},{"start":{"line":64,"column":104},"end":{"line":64,"column":107}}],"line":64},"10":{"loc":{"start":{"line":86,"column":6},"end":{"line":103,"column":null}},"type":"if","locations":[{"start":{"line":86,"column":6},"end":{"line":103,"column":null}},{"start":{"line":101,"column":13},"end":{"line":103,"column":null}}],"line":86},"11":{"loc":{"start":{"line":99,"column":76},"end":{"line":99,"column":132}},"type":"binary-expr","locations":[{"start":{"line":99,"column":76},"end":{"line":99,"column":102}},{"start":{"line":99,"column":102},"end":{"line":99,"column":132}}],"line":99},"12":{"loc":{"start":{"line":116,"column":30},"end":{"line":116,"column":56}},"type":"binary-expr","locations":[{"start":{"line":116,"column":30},"end":{"line":116,"column":50}},{"start":{"line":116,"column":50},"end":{"line":116,"column":56}}],"line":116},"13":{"loc":{"start":{"line":116,"column":116},"end":{"line":116,"column":174}},"type":"cond-expr","locations":[{"start":{"line":116,"column":139},"end":{"line":116,"column":168}},{"start":{"line":116,"column":168},"end":{"line":116,"column":174}}],"line":116},"14":{"loc":{"start":{"line":117,"column":8},"end":{"line":119,"column":null}},"type":"if","locations":[{"start":{"line":117,"column":8},"end":{"line":119,"column":null}},{"start":{},"end":{}}],"line":117},"15":{"loc":{"start":{"line":120,"column":8},"end":{"line":122,"column":null}},"type":"if","locations":[{"start":{"line":120,"column":8},"end":{"line":122,"column":null}},{"start":{},"end":{}}],"line":120},"16":{"loc":{"start":{"line":125,"column":8},"end":{"line":127,"column":null}},"type":"if","locations":[{"start":{"line":125,"column":8},"end":{"line":127,"column":null}},{"start":{},"end":{}}],"line":125},"17":{"loc":{"start":{"line":131,"column":6},"end":{"line":150,"column":null}},"type":"if","locations":[{"start":{"line":131,"column":6},"end":{"line":150,"column":null}},{"start":{},"end":{}}],"line":131},"18":{"loc":{"start":{"line":131,"column":10},"end":{"line":131,"column":67}},"type":"binary-expr","locations":[{"start":{"line":131,"column":10},"end":{"line":131,"column":34}},{"start":{"line":131,"column":34},"end":{"line":131,"column":67}}],"line":131},"19":{"loc":{"start":{"line":141,"column":10},"end":{"line":143,"column":null}},"type":"if","locations":[{"start":{"line":141,"column":10},"end":{"line":143,"column":null}},{"start":{},"end":{}}],"line":141},"20":{"loc":{"start":{"line":146,"column":10},"end":{"line":148,"column":null}},"type":"if","locations":[{"start":{"line":146,"column":10},"end":{"line":148,"column":null}},{"start":{},"end":{}}],"line":146},"21":{"loc":{"start":{"line":153,"column":6},"end":{"line":164,"column":null}},"type":"if","locations":[{"start":{"line":153,"column":6},"end":{"line":164,"column":null}},{"start":{},"end":{}}],"line":153},"22":{"loc":{"start":{"line":153,"column":10},"end":{"line":153,"column":79}},"type":"binary-expr","locations":[{"start":{"line":153,"column":10},"end":{"line":153,"column":40}},{"start":{"line":153,"column":40},"end":{"line":153,"column":79}}],"line":153},"23":{"loc":{"start":{"line":167,"column":6},"end":{"line":185,"column":null}},"type":"if","locations":[{"start":{"line":167,"column":6},"end":{"line":185,"column":null}},{"start":{},"end":{}}],"line":167},"24":{"loc":{"start":{"line":167,"column":10},"end":{"line":167,"column":67}},"type":"binary-expr","locations":[{"start":{"line":167,"column":10},"end":{"line":167,"column":34}},{"start":{"line":167,"column":34},"end":{"line":167,"column":67}}],"line":167},"25":{"loc":{"start":{"line":177,"column":10},"end":{"line":179,"column":null}},"type":"if","locations":[{"start":{"line":177,"column":10},"end":{"line":179,"column":null}},{"start":{},"end":{}}],"line":177},"26":{"loc":{"start":{"line":180,"column":10},"end":{"line":182,"column":null}},"type":"if","locations":[{"start":{"line":180,"column":10},"end":{"line":182,"column":null}},{"start":{},"end":{}}],"line":180},"27":{"loc":{"start":{"line":193,"column":6},"end":{"line":201,"column":null}},"type":"if","locations":[{"start":{"line":193,"column":6},"end":{"line":201,"column":null}},{"start":{"line":195,"column":13},"end":{"line":201,"column":null}}],"line":193},"28":{"loc":{"start":{"line":195,"column":13},"end":{"line":201,"column":null}},"type":"if","locations":[{"start":{"line":195,"column":13},"end":{"line":201,"column":null}},{"start":{"line":197,"column":13},"end":{"line":201,"column":null}}],"line":195},"29":{"loc":{"start":{"line":197,"column":13},"end":{"line":201,"column":null}},"type":"if","locations":[{"start":{"line":197,"column":13},"end":{"line":201,"column":null}},{"start":{"line":199,"column":13},"end":{"line":201,"column":null}}],"line":197},"30":{"loc":{"start":{"line":222,"column":2},"end":{"line":235,"column":null}},"type":"switch","locations":[{"start":{"line":223,"column":4},"end":{"line":224,"column":null}},{"start":{"line":225,"column":4},"end":{"line":226,"column":null}},{"start":{"line":227,"column":4},"end":{"line":228,"column":null}},{"start":{"line":229,"column":4},"end":{"line":230,"column":null}},{"start":{"line":231,"column":4},"end":{"line":232,"column":null}},{"start":{"line":233,"column":4},"end":{"line":234,"column":null}}],"line":222}},"s":{"0":0,"1":0,"2":0,"3":0,"4":0,"5":0,"6":0,"7":0,"8":0,"9":0,"10":0,"11":0,"12":0,"13":0,"14":0,"15":0,"16":0,"17":0,"18":0,"19":0,"20":0,"21":0,"22":0,"23":0,"24":0,"25":0,"26":0,"27":0,"28":0,"29":0,"30":0,"31":0,"32":0,"33":0,"34":0,"35":0,"36":0,"37":0,"38":0,"39":0,"40":0,"41":0,"42":0,"43":0,"44":0,"45":0,"46":0,"47":0,"48":0,"49":0,"50":0,"51":0,"52":0,"53":0,"54":0,"55":0,"56":0,"57":0,"58":0,"59":0,"60":0,"61":0,"62":0,"63":0,"64":0,"65":0,"66":0,"67":0,"68":0,"69":0,"70":0,"71":0,"72":0,"73":0,"74":0,"75":0,"76":0,"77":0,"78":0,"79":0,"80":0,"81":0,"82":0,"83":0,"84":0,"85":0,"86":0,"87":0,"88":0,"89":0,"90":0,"91":0,"92":0,"93":0,"94":0,"95":0,"96":0,"97":0,"98":0,"99":0,"100":0,"101":0,"102":0,"103":0,"104":0,"105":0,"106":0,"107":0,"108":0,"109":0,"110":0,"111":0,"112":0,"113":0,"114":0,"115":0,"116":0,"117":0,"118":0,"119":0,"120":0,"121":0,"122":0,"123":0,"124":0,"125":0,"126":0,"127":0,"128":0,"129":0},"f":{"0":0,"1":0,"2":0,"3":0,"4":0,"5":0},"b":{"0":[0],"1":[0],"2":[0],"3":[0],"4":[0,0],"5":[0,0],"6":[0,0],"7":[0,0,0],"8":[0,0],"9":[0,0],"10":[0,0],"11":[0,0],"12":[0,0],"13":[0,0],"14":[0,0],"15":[0,0],"16":[0,0],"17":[0,0],"18":[0,0],"19":[0,0],"20":[0,0],"21":[0,0],"22":[0,0],"23":[0,0],"24":[0,0],"25":[0,0],"26":[0,0],"27":[0,0],"28":[0,0],"29":[0,0],"30":[0,0,0,0,0,0]},"meta":{"lastBranch":31,"lastFunction":6,"lastStatement":130,"seen":{"f:14:22:14:40":0,"s:15:2:218:Infinity":0,"f:15:13:15:22":1,"s:16:4:217:Infinity":1,"s:17:220:17:Infinity":2,"b:17:34:17:64":0,"b:17:75:17:96":1,"b:17:105:17:143":2,"b:17:153:17:220":3,"s:19:18:19:Infinity":3,"s:20:21:20:Infinity":4,"s:21:6:21:Infinity":5,"s:23:6:23:Infinity":6,"s:24:6:24:Infinity":7,"s:25:6:25:Infinity":8,"s:26:6:26:Infinity":9,"s:27:6:27:Infinity":10,"s:30:6:30:Infinity":11,"s:31:6:31:Infinity":12,"s:32:6:32:Infinity":13,"b:32:49:32:83:32:83:32:114":4,"s:33:6:33:Infinity":14,"s:35:6:40:Infinity":15,"s:42:6:42:Infinity":16,"s:43:6:43:Infinity":17,"s:44:6:44:Infinity":18,"b:44:26:44:56:44:56:44:65":5,"s:45:6:45:Infinity":19,"s:46:6:46:Infinity":20,"s:49:6:49:Infinity":21,"s:50:6:50:Infinity":22,"s:51:6:51:Infinity":23,"s:52:6:52:Infinity":24,"s:54:28:65:Infinity":25,"b:62:57:62:100:62:100:62:105":6,"b:63:33:63:75:63:75:63:102:63:102:63:103":7,"b:64:30:64:70:64:70:64:107":8,"b:64:77:64:104:64:104:64:107":9,"s:67:6:69:Infinity":26,"s:68:8:68:Infinity":27,"s:71:6:71:Infinity":28,"s:74:6:74:Infinity":29,"s:75:6:75:Infinity":30,"s:76:6:76:Infinity":31,"s:78:29:78:Infinity":32,"f:78:43:78:50":2,"s:78:55:78:76":33,"s:79:29:79:Infinity":34,"f:79:43:79:50":3,"s:79:55:79:76":35,"s:81:6:82:Infinity":36,"s:84:6:84:Infinity":37,"b:86:6:103:Infinity:101:13:103:Infinity":10,"s:86:6:103:Infinity":38,"s:87:8:87:Infinity":39,"s:88:8:88:Infinity":40,"s:89:8:89:Infinity":41,"s:90:8:92:Infinity":42,"s:91:10:91:Infinity":43,"s:93:8:93:Infinity":44,"s:95:8:95:Infinity":45,"s:96:8:96:Infinity":46,"s:97:8:97:Infinity":47,"s:98:8:100:Infinity":48,"s:99:10:99:Infinity":49,"b:99:76:99:102:99:102:99:132":11,"s:102:8:102:Infinity":50,"s:105:6:105:Infinity":51,"s:108:6:108:Infinity":52,"s:109:6:109:Infinity":53,"s:110:6:110:Infinity":54,"s:112:6:128:Infinity":55,"s:113:28:113:Infinity":56,"s:114:8:114:Infinity":57,"s:115:8:115:Infinity":58,"s:116:8:116:Infinity":59,"b:116:30:116:50:116:50:116:56":12,"b:116:139:116:168:116:168:116:174":13,"b:117:8:119:Infinity:undefined:undefined:undefined:undefined":14,"s:117:8:119:Infinity":60,"s:118:10:118:Infinity":61,"b:120:8:122:Infinity:undefined:undefined:undefined:undefined":15,"s:120:8:122:Infinity":62,"s:121:10:121:Infinity":63,"s:123:8:123:Infinity":64,"b:125:8:127:Infinity:undefined:undefined:undefined:undefined":16,"s:125:8:127:Infinity":65,"s:126:10:126:Infinity":66,"b:131:6:150:Infinity:undefined:undefined:undefined:undefined":17,"s:131:6:150:Infinity":67,"b:131:10:131:34:131:34:131:67":18,"s:132:8:132:Infinity":68,"s:133:8:133:Infinity":69,"s:134:8:134:Infinity":70,"s:136:8:149:Infinity":71,"s:137:10:137:Infinity":72,"s:138:10:138:Infinity":73,"s:139:10:139:Infinity":74,"s:140:10:140:Infinity":75,"b:141:10:143:Infinity:undefined:undefined:undefined:undefined":19,"s:141:10:143:Infinity":76,"s:142:12:142:Infinity":77,"s:144:10:144:Infinity":78,"b:146:10:148:Infinity:undefined:undefined:undefined:undefined":20,"s:146:10:148:Infinity":79,"s:147:12:147:Infinity":80,"b:153:6:164:Infinity:undefined:undefined:undefined:undefined":21,"s:153:6:164:Infinity":81,"b:153:10:153:40:153:40:153:79":22,"s:154:8:154:Infinity":82,"s:155:8:155:Infinity":83,"s:156:8:156:Infinity":84,"s:158:8:163:Infinity":85,"s:159:10:159:Infinity":86,"s:160:10:160:Infinity":87,"s:161:10:161:Infinity":88,"s:162:10:162:Infinity":89,"b:167:6:185:Infinity:undefined:undefined:undefined:undefined":23,"s:167:6:185:Infinity":90,"b:167:10:167:34:167:34:167:67":24,"s:168:8:168:Infinity":91,"s:169:8:169:Infinity":92,"s:170:8:170:Infinity":93,"s:172:8:184:Infinity":94,"s:173:10:173:Infinity":95,"s:174:10:174:Infinity":96,"s:175:10:175:Infinity":97,"s:176:10:176:Infinity":98,"b:177:10:179:Infinity:undefined:undefined:undefined:undefined":25,"s:177:10:179:Infinity":99,"s:178:12:178:Infinity":100,"b:180:10:182:Infinity:undefined:undefined:undefined:undefined":26,"s:180:10:182:Infinity":101,"s:181:12:181:Infinity":102,"s:183:10:183:Infinity":103,"s:188:6:188:Infinity":104,"s:189:6:189:Infinity":105,"s:190:6:190:Infinity":106,"s:191:6:191:Infinity":107,"b:193:6:201:Infinity:195:13:201:Infinity":27,"s:193:6:201:Infinity":108,"s:194:8:194:Infinity":109,"b:195:13:201:Infinity:197:13:201:Infinity":28,"s:195:13:201:Infinity":110,"s:196:8:196:Infinity":111,"b:197:13:201:Infinity:199:13:201:Infinity":29,"s:197:13:201:Infinity":112,"s:198:8:198:Infinity":113,"s:200:8:200:Infinity":114,"s:204:6:204:Infinity":115,"s:205:6:205:Infinity":116,"s:206:6:206:Infinity":117,"s:208:6:208:Infinity":118,"s:210:6:212:Infinity":119,"f:210:16:210:32":4,"s:211:8:211:Infinity":120,"s:214:6:214:Infinity":121,"s:216:6:216:Infinity":122,"f:221:9:221:24":5,"b:223:4:224:Infinity:225:4:226:Infinity:227:4:228:Infinity:229:4:230:Infinity:231:4:232:Infinity:233:4:234:Infinity":30,"s:222:2:235:Infinity":123,"s:224:6:224:Infinity":124,"s:226:6:226:Infinity":125,"s:228:6:228:Infinity":126,"s:230:6:230:Infinity":127,"s:232:6:232:Infinity":128,"s:234:6:234:Infinity":129},"fnNames":{}}}
,"D:\\Aegis\\Tool\\version-1\\.kilo\\worktrees\\sweet-carrot\\backend\\src\\reporting\\src\\utils\\formatting.ts": {"path":"D:\\Aegis\\Tool\\version-1\\.kilo\\worktrees\\sweet-carrot\\backend\\src\\reporting\\src\\utils\\formatting.ts","statementMap":{"0":{"start":{"line":2,"column":2},"end":{"line":16,"column":null}},"1":{"start":{"line":3,"column":17},"end":{"line":3,"column":null}},"2":{"start":{"line":4,"column":4},"end":{"line":6,"column":null}},"3":{"start":{"line":5,"column":6},"end":{"line":5,"column":null}},"4":{"start":{"line":7,"column":4},"end":{"line":13,"column":null}},"5":{"start":{"line":15,"column":4},"end":{"line":15,"column":null}},"6":{"start":{"line":20,"column":2},"end":{"line":20,"column":null}},"7":{"start":{"line":20,"column":13},"end":{"line":20,"column":null}},"8":{"start":{"line":21,"column":2},"end":{"line":21,"column":null}},"9":{"start":{"line":21,"column":32},"end":{"line":21,"column":null}},"10":{"start":{"line":22,"column":2},"end":{"line":22,"column":null}},"11":{"start":{"line":26,"column":2},"end":{"line":26,"column":null}},"12":{"start":{"line":30,"column":2},"end":{"line":30,"column":null}},"13":{"start":{"line":30,"column":22},"end":{"line":30,"column":null}},"14":{"start":{"line":31,"column":2},"end":{"line":31,"column":null}}},"fnMap":{"0":{"name":"formatDate","decl":{"start":{"line":1,"column":16},"end":{"line":1,"column":27}},"loc":{"start":{"line":1,"column":55},"end":{"line":17,"column":null}},"line":1},"1":{"name":"truncateText","decl":{"start":{"line":19,"column":16},"end":{"line":19,"column":29}},"loc":{"start":{"line":19,"column":70},"end":{"line":23,"column":null}},"line":19},"2":{"name":"formatNumber","decl":{"start":{"line":25,"column":16},"end":{"line":25,"column":29}},"loc":{"start":{"line":25,"column":52},"end":{"line":27,"column":null}},"line":25},"3":{"name":"formatPercentage","decl":{"start":{"line":29,"column":16},"end":{"line":29,"column":33}},"loc":{"start":{"line":29,"column":63},"end":{"line":32,"column":null}},"line":29}},"branchMap":{"0":{"loc":{"start":{"line":4,"column":4},"end":{"line":6,"column":null}},"type":"if","locations":[{"start":{"line":4,"column":4},"end":{"line":6,"column":null}},{"start":{},"end":{}}],"line":4},"1":{"loc":{"start":{"line":20,"column":2},"end":{"line":20,"column":null}},"type":"if","locations":[{"start":{"line":20,"column":2},"end":{"line":20,"column":null}},{"start":{},"end":{}}],"line":20},"2":{"loc":{"start":{"line":21,"column":2},"end":{"line":21,"column":null}},"type":"if","locations":[{"start":{"line":21,"column":2},"end":{"line":21,"column":null}},{"start":{},"end":{}}],"line":21},"3":{"loc":{"start":{"line":30,"column":2},"end":{"line":30,"column":null}},"type":"if","locations":[{"start":{"line":30,"column":2},"end":{"line":30,"column":null}},{"start":{},"end":{}}],"line":30}},"s":{"0":0,"1":0,"2":0,"3":0,"4":0,"5":0,"6":0,"7":0,"8":0,"9":0,"10":0,"11":0,"12":0,"13":0,"14":0},"f":{"0":0,"1":0,"2":0,"3":0},"b":{"0":[0,0],"1":[0,0],"2":[0,0],"3":[0,0]},"meta":{"lastBranch":4,"lastFunction":4,"lastStatement":15,"seen":{"f:1:16:1:27":0,"s:2:2:16:Infinity":0,"s:3:17:3:Infinity":1,"b:4:4:6:Infinity:undefined:undefined:undefined:undefined":0,"s:4:4:6:Infinity":2,"s:5:6:5:Infinity":3,"s:7:4:13:Infinity":4,"s:15:4:15:Infinity":5,"f:19:16:19:29":1,"b:20:2:20:Infinity:undefined:undefined:undefined:undefined":1,"s:20:2:20:Infinity":6,"s:20:13:20:Infinity":7,"b:21:2:21:Infinity:undefined:undefined:undefined:undefined":2,"s:21:2:21:Infinity":8,"s:21:32:21:Infinity":9,"s:22:2:22:Infinity":10,"f:25:16:25:29":2,"s:26:2:26:Infinity":11,"f:29:16:29:33":3,"b:30:2:30:Infinity:undefined:undefined:undefined:undefined":3,"s:30:2:30:Infinity":12,"s:30:22:30:Infinity":13,"s:31:2:31:Infinity":14},"fnNames":{}}}
,"D:\\Aegis\\Tool\\version-1\\.kilo\\worktrees\\sweet-carrot\\backend\\src\\reporting\\src\\utils\\validation.ts": {"path":"D:\\Aegis\\Tool\\version-1\\.kilo\\worktrees\\sweet-carrot\\backend\\src\\reporting\\src\\utils\\validation.ts","statementMap":{"0":{"start":{"line":4,"column":2},"end":{"line":6,"column":null}},"1":{"start":{"line":5,"column":4},"end":{"line":5,"column":null}},"2":{"start":{"line":8,"column":17},"end":{"line":8,"column":null}},"3":{"start":{"line":10,"column":2},"end":{"line":12,"column":null}},"4":{"start":{"line":11,"column":4},"end":{"line":11,"column":null}},"5":{"start":{"line":14,"column":21},"end":{"line":14,"column":null}},"6":{"start":{"line":16,"column":2},"end":{"line":18,"column":null}},"7":{"start":{"line":17,"column":4},"end":{"line":17,"column":null}},"8":{"start":{"line":19,"column":2},"end":{"line":21,"column":null}},"9":{"start":{"line":20,"column":4},"end":{"line":20,"column":null}},"10":{"start":{"line":22,"column":2},"end":{"line":24,"column":null}},"11":{"start":{"line":23,"column":4},"end":{"line":23,"column":null}},"12":{"start":{"line":26,"column":2},"end":{"line":28,"column":null}},"13":{"start":{"line":27,"column":4},"end":{"line":27,"column":null}},"14":{"start":{"line":30,"column":18},"end":{"line":30,"column":null}},"15":{"start":{"line":32,"column":2},"end":{"line":34,"column":null}},"16":{"start":{"line":33,"column":4},"end":{"line":33,"column":null}},"17":{"start":{"line":35,"column":2},"end":{"line":37,"column":null}},"18":{"start":{"line":36,"column":4},"end":{"line":36,"column":null}},"19":{"start":{"line":38,"column":2},"end":{"line":40,"column":null}},"20":{"start":{"line":39,"column":4},"end":{"line":39,"column":null}},"21":{"start":{"line":42,"column":2},"end":{"line":44,"column":null}},"22":{"start":{"line":43,"column":4},"end":{"line":43,"column":null}},"23":{"start":{"line":46,"column":2},"end":{"line":48,"column":null}},"24":{"start":{"line":47,"column":4},"end":{"line":47,"column":null}},"25":{"start":{"line":50,"column":2},"end":{"line":50,"column":null}}},"fnMap":{"0":{"name":"validateReportData","decl":{"start":{"line":3,"column":16},"end":{"line":3,"column":35}},"loc":{"start":{"line":3,"column":80},"end":{"line":51,"column":null}},"line":3}},"branchMap":{"0":{"loc":{"start":{"line":4,"column":2},"end":{"line":6,"column":null}},"type":"if","locations":[{"start":{"line":4,"column":2},"end":{"line":6,"column":null}},{"start":{},"end":{}}],"line":4},"1":{"loc":{"start":{"line":4,"column":6},"end":{"line":4,"column":41}},"type":"binary-expr","locations":[{"start":{"line":4,"column":6},"end":{"line":4,"column":15}},{"start":{"line":4,"column":15},"end":{"line":4,"column":41}}],"line":4},"2":{"loc":{"start":{"line":10,"column":2},"end":{"line":12,"column":null}},"type":"if","locations":[{"start":{"line":10,"column":2},"end":{"line":12,"column":null}},{"start":{},"end":{}}],"line":10},"3":{"loc":{"start":{"line":10,"column":6},"end":{"line":10,"column":67}},"type":"binary-expr","locations":[{"start":{"line":10,"column":6},"end":{"line":10,"column":28}},{"start":{"line":10,"column":28},"end":{"line":10,"column":67}}],"line":10},"4":{"loc":{"start":{"line":16,"column":2},"end":{"line":18,"column":null}},"type":"if","locations":[{"start":{"line":16,"column":2},"end":{"line":18,"column":null}},{"start":{},"end":{}}],"line":16},"5":{"loc":{"start":{"line":16,"column":6},"end":{"line":16,"column":79}},"type":"binary-expr","locations":[{"start":{"line":16,"column":6},"end":{"line":16,"column":34}},{"start":{"line":16,"column":34},"end":{"line":16,"column":79}}],"line":16},"6":{"loc":{"start":{"line":19,"column":2},"end":{"line":21,"column":null}},"type":"if","locations":[{"start":{"line":19,"column":2},"end":{"line":21,"column":null}},{"start":{},"end":{}}],"line":19},"7":{"loc":{"start":{"line":19,"column":6},"end":{"line":19,"column":83}},"type":"binary-expr","locations":[{"start":{"line":19,"column":6},"end":{"line":19,"column":36}},{"start":{"line":19,"column":36},"end":{"line":19,"column":83}}],"line":19},"8":{"loc":{"start":{"line":22,"column":2},"end":{"line":24,"column":null}},"type":"if","locations":[{"start":{"line":22,"column":2},"end":{"line":24,"column":null}},{"start":{},"end":{}}],"line":22},"9":{"loc":{"start":{"line":22,"column":6},"end":{"line":22,"column":83}},"type":"binary-expr","locations":[{"start":{"line":22,"column":6},"end":{"line":22,"column":36}},{"start":{"line":22,"column":36},"end":{"line":22,"column":83}}],"line":22},"10":{"loc":{"start":{"line":26,"column":2},"end":{"line":28,"column":null}},"type":"if","locations":[{"start":{"line":26,"column":2},"end":{"line":28,"column":null}},{"start":{},"end":{}}],"line":26},"11":{"loc":{"start":{"line":26,"column":6},"end":{"line":26,"column":61}},"type":"binary-expr","locations":[{"start":{"line":26,"column":6},"end":{"line":26,"column":25}},{"start":{"line":26,"column":25},"end":{"line":26,"column":61}}],"line":26},"12":{"loc":{"start":{"line":32,"column":2},"end":{"line":34,"column":null}},"type":"if","locations":[{"start":{"line":32,"column":2},"end":{"line":34,"column":null}},{"start":{},"end":{}}],"line":32},"13":{"loc":{"start":{"line":35,"column":2},"end":{"line":37,"column":null}},"type":"if","locations":[{"start":{"line":35,"column":2},"end":{"line":37,"column":null}},{"start":{},"end":{}}],"line":35},"14":{"loc":{"start":{"line":38,"column":2},"end":{"line":40,"column":null}},"type":"if","locations":[{"start":{"line":38,"column":2},"end":{"line":40,"column":null}},{"start":{},"end":{}}],"line":38},"15":{"loc":{"start":{"line":38,"column":6},"end":{"line":38,"column":77}},"type":"binary-expr","locations":[{"start":{"line":38,"column":6},"end":{"line":38,"column":48}},{"start":{"line":38,"column":48},"end":{"line":38,"column":77}}],"line":38},"16":{"loc":{"start":{"line":42,"column":2},"end":{"line":44,"column":null}},"type":"if","locations":[{"start":{"line":42,"column":2},"end":{"line":44,"column":null}},{"start":{},"end":{}}],"line":42},"17":{"loc":{"start":{"line":46,"column":2},"end":{"line":48,"column":null}},"type":"if","locations":[{"start":{"line":46,"column":2},"end":{"line":48,"column":null}},{"start":{},"end":{}}],"line":46}},"s":{"0":8,"1":0,"2":8,"3":8,"4":2,"5":6,"6":6,"7":1,"8":5,"9":0,"10":5,"11":0,"12":5,"13":0,"14":5,"15":5,"16":1,"17":4,"18":1,"19":3,"20":0,"21":3,"22":1,"23":2,"24":1,"25":1},"f":{"0":8},"b":{"0":[0,8],"1":[8,8],"2":[2,6],"3":[8,6],"4":[1,5],"5":[6,5],"6":[0,5],"7":[5,5],"8":[0,5],"9":[5,5],"10":[0,5],"11":[5,5],"12":[1,4],"13":[1,3],"14":[0,3],"15":[3,0],"16":[1,2],"17":[1,1]},"meta":{"lastBranch":18,"lastFunction":1,"lastStatement":26,"seen":{"f:3:16:3:35":0,"b:4:2:6:Infinity:undefined:undefined:undefined:undefined":0,"s:4:2:6:Infinity":0,"b:4:6:4:15:4:15:4:41":1,"s:5:4:5:Infinity":1,"s:8:17:8:Infinity":2,"b:10:2:12:Infinity:undefined:undefined:undefined:undefined":2,"s:10:2:12:Infinity":3,"b:10:6:10:28:10:28:10:67":3,"s:11:4:11:Infinity":4,"s:14:21:14:Infinity":5,"b:16:2:18:Infinity:undefined:undefined:undefined:undefined":4,"s:16:2:18:Infinity":6,"b:16:6:16:34:16:34:16:79":5,"s:17:4:17:Infinity":7,"b:19:2:21:Infinity:undefined:undefined:undefined:undefined":6,"s:19:2:21:Infinity":8,"b:19:6:19:36:19:36:19:83":7,"s:20:4:20:Infinity":9,"b:22:2:24:Infinity:undefined:undefined:undefined:undefined":8,"s:22:2:24:Infinity":10,"b:22:6:22:36:22:36:22:83":9,"s:23:4:23:Infinity":11,"b:26:2:28:Infinity:undefined:undefined:undefined:undefined":10,"s:26:2:28:Infinity":12,"b:26:6:26:25:26:25:26:61":11,"s:27:4:27:Infinity":13,"s:30:18:30:Infinity":14,"b:32:2:34:Infinity:undefined:undefined:undefined:undefined":12,"s:32:2:34:Infinity":15,"s:33:4:33:Infinity":16,"b:35:2:37:Infinity:undefined:undefined:undefined:undefined":13,"s:35:2:37:Infinity":17,"s:36:4:36:Infinity":18,"b:38:2:40:Infinity:undefined:undefined:undefined:undefined":14,"s:38:2:40:Infinity":19,"b:38:6:38:48:38:48:38:77":15,"s:39:4:39:Infinity":20,"b:42:2:44:Infinity:undefined:undefined:undefined:undefined":16,"s:42:2:44:Infinity":21,"s:43:4:43:Infinity":22,"b:46:2:48:Infinity:undefined:undefined:undefined:undefined":17,"s:46:2:48:Infinity":23,"s:47:4:47:Infinity":24,"s:50:2:50:Infinity":25},"fnNames":{}}}
[...]
{"start":{"line":36,"column":4},"end":{"line":36,"column":null}},"21":{"start":{"line":38,"column":2},"end":{"line":40,"column":null}},"22":{"start":{"line":39,"column":4},"end":{"line":39,"column":null}},"23":{"start":{"line":41,"column":2},"end":{"line":43,"column":null}},"24":{"start":{"line":42,"column":4},"end":{"line":42,"column":null}},"25":{"start":{"line":44,"column":2},"end":{"line":46,"column":null}},"26":{"start":{"line":45,"column":4},"end":{"line":45,"column":null}},"27":{"start":{"line":47,"column":2},"end":{"line":49,"column":null}},"28":{"start":{"line":48,"column":4},"end":{"line":48,"column":null}},"29":{"start":{"line":50,"column":2},"end":{"line":52,"column":null}},"30":{"start":{"line":51,"column":4},"end":{"line":51,"column":null}},"31":{"start":{"line":53,"column":2},"end":{"line":55,"column":null}},"32":{"start":{"line":54,"column":4},"end":{"line":54,"column":null}},"33":{"start":{"line":56,"column":2},"end":{"line":58,"column":null}},"34":{"start":{"line":57,"column":4},"end":{"line":57,"column":null}},"35":{"start":{"line":59,"column":2},"end":{"line":61,"column":null}},"36":{"start":{"line":60,"column":4},"end":{"line":60,"column":null}},"37":{"start":{"line":62,"column":2},"end":{"line":64,"column":null}},"38":{"start":{"line":63,"column":4},"end":{"line":63,"column":null}},"39":{"start":{"line":65,"column":2},"end":{"line":67,"column":null}},"40":{"start":{"line":66,"column":4},"end":{"line":66,"column":null}},"41":{"start":{"line":68,"column":2},"end":{"line":70,"column":null}},"42":{"start":{"line":69,"column":4},"end":{"line":69,"column":null}},"43":{"start":{"line":71,"column":2},"end":{"line":73,"column":null}},"44":{"start":{"line":72,"column":4},"end":{"line":72,"column":null}},"45":{"start":{"line":74,"column":2},"end":{"line":76,"column":null}},"46":{"start":{"line":75,"column":4},"end":{"line":75,"column":null}},"47":{"start":{"line":78,"column":2},"end":{"line":78,"column":null}},"48":{"start":{"line":82,"column":25},"end":{"line":82,"column":null}},"49":{"start":{"line":83,"column":16},"end":{"line":83,"column":null}},"50":{"start":{"line":83,"column":52},"end":{"line":83,"column":75}},"51":{"start":{"line":84,"column":2},"end":{"line":86,"column":null}},"52":{"start":{"line":85,"column":4},"end":{"line":85,"column":null}},"53":{"start":{"line":85,"column":50},"end":{"line":85,"column":70}},"54":{"start":{"line":87,"column":2},"end":{"line":90,"column":null}},"55":{"start":{"line":88,"column":23},"end":{"line":88,"column":null}},"56":{"start":{"line":89,"column":4},"end":{"line":89,"column":null}},"57":{"start":{"line":89,"column":50},"end":{"line":89,"column":112}},"58":{"start":{"line":91,"column":2},"end":{"line":93,"column":null}},"59":{"start":{"line":92,"column":4},"end":{"line":92,"column":null}},"60":{"start":{"line":95,"column":2},"end":{"line":104,"column":null}},"61":{"start":{"line":96,"column":4},"end":{"line":96,"column":null}},"62":{"start":{"line":98,"column":4},"end":{"line":103,"column":null}}},"fnMap":{"0":{"name":"normalizeEmailSecurityData","decl":{"start":{"line":5,"column":9},"end":{"line":5,"column":36}},"loc":{"start":{"line":5,"column":84},"end":{"line":79,"column":null}},"line":5},"1":{"name":"evaluateEmailSecurityControl","decl":{"start":{"line":81,"column":16},"end":{"line":81,"column":45}},"loc":{"start":{"line":81,"column":151},"end":{"line":105,"column":null}},"line":81},"2":{"name":"(anonymous_2)","decl":{"start":{"line":83,"column":40},"end":{"line":83,"column":46}},"loc":{"start":{"line":83,"column":52},"end":{"line":83,"column":75}},"line":83},"3":{"name":"(anonymous_3)","decl":{"start":{"line":85,"column":38},"end":{"line":85,"column":44}},"loc":{"start":{"line":85,"column":50},"end":{"line":85,"column":70}},"line":85},"4":{"name":"(anonymous_4)","decl":{"start":{"line":89,"column":38},"end":{"line":89,"column":44}},"loc":{"start":{"line":89,"column":50},"end":{"line":89,"column":112}},"line":89}},"branchMap":{"0":{"loc":{"start":{"line":8,"column":2},"end":{"line":10,"column":null}},"type":"if","locations":[{"start":{"line":8,"column":2},"end":{"line":10,"column":null}},{"start":{},"end":{}}],"line":8},"1":{"loc":{"start":{"line":8,"column":6},"end":{"line":8,"column":66}},"type":"binary-expr","locations":[{"start":{"line":8,"column":6},"end":{"line":8,"column":36}},{"start":{"line":8,"column":36},"end":{"line":8,"column":66}}],"line":8},"2":{"loc":{"start":{"line":11,"column":2},"end":{"line":13,"column":null}},"type":"if","locations":[{"start":{"line":11,"column":2},"end":{"line":13,"column":null}},{"start":{},"end":{}}],"line":11},"3":{"loc":{"start":{"line":11,"column":6},"end":{"line":11,"column":61}},"type":"binary-expr","locations":[{"start":{"line":11,"column":6},"end":{"line":11,"column":34}},{"start":{"line":11,"column":34},"end":{"line":11,"column":61}}],"line":11},"4":{"loc":{"start":{"line":14,"column":2},"end":{"line":16,"column":null}},"type":"if","locations":[{"start":{"line":14,"column":2},"end":{"line":16,"column":null}},{"start":{},"end":{}}],"line":14},"5":{"loc":{"start":{"line":14,"column":6},"end":{"line":14,"column":80}},"type":"binary-expr","locations":[{"start":{"line":14,"column":6},"end":{"line":14,"column":47}},{"start":{"line":14,"column":47},"end":{"line":14,"column":80}}],"line":14},"6":{"loc":{"start":{"line":17,"column":2},"end":{"line":19,"column":null}},"type":"if","locations":[{"start":{"line":17,"column":2},"end":{"line":19,"column":null}},{"start":{},"end":{}}],"line":17},"7":{"loc":{"start":{"line":17,"column":6},"end":{"line":17,"column":75}},"type":"binary-expr","locations":[{"start":{"line":17,"column":6},"end":{"line":17,"column":45}},{"start":{"line":17,"column":45},"end":{"line":17,"column":75}}],"line":17},"8":{"loc":{"start":{"line":20,"column":2},"end":{"line":22,"column":null}},"type":"if","locations":[{"start":{"line":20,"column":2},"end":{"line":22,"column":null}},{"start":{},"end":{}}],"line":20},"9":{"loc":{"start":{"line":20,"column":6},"end":{"line":20,"column":87}},"type":"binary-expr","locations":[{"start":{"line":20,"column":6},"end":{"line":20,"column":53}},{"start":{"line":20,"column":53},"end":{"line":20,"column":87}}],"line":20},"10":{"loc":{"start":{"line":23,"column":2},"end":{"line":25,"column":null}},"type":"if","locations":[{"start":{"line":23,"column":2},"end":{"line":25,"column":null}},{"start":{},"end":{}}],"line":23},"11":{"loc":{"start":{"line":23,"column":6},"end":{"line":23,"column":82}},"type":"binary-expr","locations":[{"start":{"line":23,"column":6},"end":{"line":23,"column":51}},{"start":{"line":23,"column":51},"end":{"line":23,"column":82}}],"line":23},"12":{"loc":{"start":{"line":26,"column":2},"end":{"line":28,"column":null}},"type":"if","locations":[{"start":{"line":26,"column":2},"end":{"line":28,"column":null}},{"start":{},"end":{}}],"line":26},"13":{"loc":{"start":{"line":26,"column":6},"end":{"line":26,"column":69}},"type":"binary-expr","locations":[{"start":{"line":26,"column":6},"end":{"line":26,"column":40}},{"start":{"line":26,"column":40},"end":{"line":26,"column":69}}],"line":26},"14":{"loc":{"start":{"line":29,"column":2},"end":{"line":31,"column":null}},"type":"if","locations":[{"start":{"line":29,"column":2},"end":{"line":31,"column":null}},{"start":{},"end":{}}],"line":29},"15":{"loc":{"start":{"line":29,"column":6},"end":{"line":29,"column":64}},"type":"binary-expr","locations":[{"start":{"line":29,"column":6},"end":{"line":29,"column":38}},{"start":{"line":29,"column":38},"end":{"line":29,"column":64}}],"line":29},"16":{"loc":{"start":{"line":32,"column":2},"end":{"line":34,"column":null}},"type":"if","locations":[{"start":{"line":32,"column":2},"end":{"line":34,"column":null}},{"start":{},"end":{}}],"line":32},"17":{"loc":{"start":{"line":32,"column":6},"end":{"line":32,"column":63}},"type":"binary-expr","locations":[{"start":{"line":32,"column":6},"end":{"line":32,"column":36}},{"start":{"line":32,"column":36},"end":{"line":32,"column":63}}],"line":32},"18":{"loc":{"start":{"line":35,"column":2},"end":{"line":37,"column":null}},"type":"if","locations":[{"start":{"line":35,"column":2},"end":{"line":37,"column":null}},{"start":{},"end":{}}],"line":35},"19":{"loc":{"start":{"line":35,"column":6},"end":{"line":35,"column":58}},"type":"binary-expr","locations":[{"start":{"line":35,"column":6},"end":{"line":35,"column":34}},{"start":{"line":35,"column":34},"end":{"line":35,"column":58}}],"line":35},"20":{"loc":{"start":{"line":38,"column":2},"end":{"line":40,"column":null}},"type":"if","locations":[{"start":{"line":38,"column":2},"end":{"line":40,"column":null}},{"start":{},"end":{}}],"line":38},"21":{"loc":{"start":{"line":38,"column":6},"end":{"line":38,"column":74}},"type":"binary-expr","locations":[{"start":{"line":38,"column":6},"end":{"line":38,"column":41}},{"start":{"line":38,"column":41},"end":{"line":38,"column":74}}],"line":38},"22":{"loc":{"start":{"line":41,"column":2},"end":{"line":43,"column":null}},"type":"if","locations":[{"start":{"line":41,"column":2},"end":{"line":43,"column":null}},{"start":{},"end":{}}],"line":41},"23":{"loc":{"start":{"line":41,"column":6},"end":{"line":41,"column":69}},"type":"binary-expr","locations":[{"start":{"line":41,"column":6},"end":{"line":41,"column":39}},{"start":{"line":41,"column":39},"end":{"line":41,"column":69}}],"line":41},"24":{"loc":{"start":{"line":44,"column":2},"end":{"line":46,"column":null}},"type":"if","locations":[{"start":{"line":44,"column":2},"end":{"line":46,"column":null}},{"start":{},"end":{}}],"line":44},"25":{"loc":{"start":{"line":44,"column":6},"end":{"line":44,"column":67}},"type":"binary-expr","locations":[{"start":{"line":44,"column":6},"end":{"line":44,"column":34}},{"start":{"line":44,"column":34},"end":{"line":44,"column":67}}],"line":44},"26":{"loc":{"start":{"line":47,"column":2},"end":{"line":49,"column":null}},"type":"if","locations":[{"start":{"line":47,"column":2},"end":{"line":49,"column":null}},{"start":{},"end":{}}],"line":47},"27":{"loc":{"start":{"line":47,"column":6},"end":{"line":47,"column":68}},"type":"binary-expr","locations":[{"start":{"line":47,"column":6},"end":{"line":47,"column":35}},{"start":{"line":47,"column":35},"end":{"line":47,"column":68}}],"line":47},"28":{"loc":{"start":{"line":50,"column":2},"end":{"line":52,"column":null}},"type":"if","locations":[{"start":{"line":50,"column":2},"end":{"line":52,"column":null}},{"start":{},"end":{}}],"line":50},"29":{"loc":{"start":{"line":50,"column":6},"end":{"line":50,"column":65}},"type":"binary-expr","locations":[{"start":{"line":50,"column":6},"end":{"line":50,"column":34}},{"start":{"line":50,"column":34},"end":{"line":50,"column":65}}],"line":50},"30":{"loc":{"start":{"line":53,"column":2},"end":{"line":55,"column":null}},"type":"if","locations":[{"start":{"line":53,"column":2},"end":{"line":55,"column":null}},{"start":{},"end":{}}],"line":53},"31":{"loc":{"start":{"line":53,"column":6},"end":{"line":53,"column":71}},"type":"binary-expr","locations":[{"start":{"line":53,"column":6},"end":{"line":53,"column":36}},{"start":{"line":53,"column":36},"end":{"line":53,"column":71}}],"line":53},"32":{"loc":{"start":{"line":56,"column":2},"end":{"line":58,"column":null}},"type":"if","locations":[{"start":{"line":56,"column":2},"end":{"line":58,"column":null}},{"start":{},"end":{}}],"line":56},"33":{"loc":{"start":{"line":56,"column":6},"end":{"line":56,"column":73}},"type":"binary-expr","locations":[{"start":{"line":56,"column":6},"end":{"line":56,"column":37}},{"start":{"line":56,"column":37},"end":{"line":56,"column":73}}],"line":56},"34":{"loc":{"start":{"line":59,"column":2},"end":{"line":61,"column":null}},"type":"if","locations":[{"start":{"line":59,"column":2},"end":{"line":61,"column":null}},{"start":{},"end":{}}],"line":59},"35":{"loc":{"start":{"line":59,"column":6},"end":{"line":59,"column":65}},"type":"binary-expr","locations":[{"start":{"line":59,"column":6},"end":{"line":59,"column":33}},{"start":{"line":59,"column":33},"end":{"line":59,"column":65}}],"line":59},"36":{"loc":{"start":{"line":62,"column":2},"end":{"line":64,"column":null}},"type":"if","locations":[{"start":{"line":62,"column":2},"end":{"line":64,"column":null}},{"start":{},"end":{}}],"line":62},"37":{"loc":{"start":{"line":62,"column":6},"end":{"line":62,"column":52}},"type":"binary-expr","locations":[{"start":{"line":62,"column":6},"end":{"line":62,"column":30}},{"start":{"line":62,"column":30},"end":{"line":62,"column":52}}],"line":62},"38":{"loc":{"start":{"line":65,"column":2},"end":{"line":67,"column":null}},"type":"if","locations":[{"start":{"line":65,"column":2},"end":{"line":67,"column":null}},{"start":{},"end":{}}],"line":65},"39":{"loc":{"start":{"line":65,"column":6},"end":{"line":65,"column":64}},"type":"binary-expr","locations":[{"start":{"line":65,"column":6},"end":{"line":65,"column":40}},{"start":{"line":65,"column":40},"end":{"line":65,"column":64}}],"line":65},"40":{"loc":{"start":{"line":68,"column":2},"end":{"line":70,"column":null}},"type":"if","locations":[{"start":{"line":68,"column":2},"end":{"line":70,"column":null}},{"start":{},"end":{}}],"line":68},"41":{"loc":{"start":{"line":68,"column":6},"end":{"line":68,"column":70}},"type":"binary-expr","locations":[{"start":{"line":68,"column":6},"end":{"line":68,"column":43}},{"start":{"line":68,"column":43},"end":{"line":68,"column":70}}],"line":68},"42":{"loc":{"start":{"line":71,"column":2},"end":{"line":73,"column":null}},"type":"if","locations":[{"start":{"line":71,"column":2},"end":{"line":73,"column":null}},{"start":{},"end":{}}],"line":71},"43":{"loc":{"start":{"line":71,"column":6},"end":{"line":71,"column":86}},"type":"binary-expr","locations":[{"start":{"line":71,"column":6},"end":{"line":71,"column":48}},{"start":{"line":71,"column":48},"end":{"line":71,"column":86}}],"line":71},"44":{"loc":{"start":{"line":74,"column":2},"end":{"line":76,"column":null}},"type":"if","locations":[{"start":{"line":74,"column":2},"end":{"line":76,"column":null}},{"start":{},"end":{}}],"line":74},"45":{"loc":{"start":{"line":74,"column":6},"end":{"line":74,"column":62}},"type":"binary-expr","locations":[{"start":{"line":74,"column":6},"end":{"line":74,"column":40}},{"start":{"line":74,"column":40},"end":{"line":74,"column":62}}],"line":74},"46":{"loc":{"start":{"line":84,"column":2},"end":{"line":86,"column":null}},"type":"if","locations":[{"start":{"line":84,"column":2},"end":{"line":86,"column":null}},{"start":{},"end":{}}],"line":84},"47":{"loc":{"start":{"line":87,"column":2},"end":{"line":90,"column":null}},"type":"if","locations":[{"start":{"line":87,"column":2},"end":{"line":90,"column":null}},{"start":{},"end":{}}],"line":87},"48":{"loc":{"start":{"line":91,"column":2},"end":{"line":93,"column":null}},"type":"if","locations":[{"start":{"line":91,"column":2},"end":{"line":93,"column":null}},{"start":{},"end":{}}],"line":91}},"s":{"0":24,"1":24,"2":4,"3":24,"4":4,"5":24,"6":4,"7":24,"8":4,"9":24,"10":4,"11":24,"12":4,"13":24,"14":4,"15":24,"16":4,"17":24,"18":4,"19":24,"20":4,"21":24,"22":4,"23":24,"24":4,"25":24,"26":4,"27":24,"28":4,"29":24,"30":4,"31":24,"32":4,"33":24,"34":4,"35":24,"36":4,"37":24,"38":4,"39":24,"40":4,"41":24,"42":4,"43":24,"44":4,"45":24,"46":0,"47":24,"48":24,"49":24,"50":1303,"51":24,"52":8,"53":600,"54":24,"55":1,"56":1,"57":77,"58":24,"59":1,"60":23,"61":23,"62":0},"f":{"0":24,"1":24,"2":1303,"3":600,"4":77},"b":{"0":[4,20],"1":[24,18],"2":[4,20],"3":[24,19],"4":[4,20],"5":[24,19],"6":[4,20],"7":[24,19],"8":[4,20],"9":[24,19],"10":[4,20],"11":[24,19],"12":[4,20],"13":[24,19],"14":[4,20],"15":[24,19],"16":[4,20],"17":[24,19],"18":[4,20],"19":[24,19],"20":[4,20],"21":[24,19],"22":[4,20],"23":[24,19],"24":[4,20],"25":[24,19],"26":[4,20],"27":[24,18],"28":[4,20],"29":[24,19],"30":[4,20],"31":[24,19],"32":[4,20],"33":[24,19],"34":[4,20],"35":[24,18],"36":[4,20],"37":[24,18],"38":[4,20],"39":[24,18],"40":[4,20],"41":[24,19],"42":[4,20],"43":[24,18],"44":[0,24],"45":[24,19],"46":[8,16],"47":[1,23],"48":[1,23]},"meta":{"lastBranch":49,"lastFunction":5,"lastStatement":63,"seen":{"f:5:9:5:36":0,"s:6:36:6:Infinity":0,"b:8:2:10:Infinity:undefined:undefined:undefined:undefined":0,"s:8:2:10:Infinity":1,"b:8:6:8:36:8:36:8:66":1,"s:9:4:9:Infinity":2,"b:11:2:13:Infinity:undefined:undefined:undefined:undefined":2,"s:11:2:13:Infinity":3,"b:11:6:11:34:11:34:11:61":3,"s:12:4:12:Infinity":4,"b:14:2:16:Infinity:undefined:undefined:undefined:undefined":4,"s:14:2:16:Infinity":5,"b:14:6:14:47:14:47:14:80":5,"s:15:4:15:Infinity":6,"b:17:2:19:Infinity:undefined:undefined:undefined:undefined":6,"s:17:2:19:Infinity":7,"b:17:6:17:45:17:45:17:75":7,"s:18:4:18:Infinity":8,"b:20:2:22:Infinity:undefined:undefined:undefined:undefined":8,"s:20:2:22:Infinity":9,"b:20:6:20:53:20:53:20:87":9,"s:21:4:21:Infinity":10,"b:23:2:25:Infinity:undefined:undefined:undefined:undefined":10,"s:23:2:25:Infinity":11,"b:23:6:23:51:23:51:23:82":11,"s:24:4:24:Infinity":12,"b:26:2:28:Infinity:undefined:undefined:undefined:undefined":12,"s:26:2:28:Infinity":13,"b:26:6:26:40:26:40:26:69":13,"s:27:4:27:Infinity":14,"b:29:2:31:Infinity:undefined:undefined:undefined:undefined":14,"s:29:2:31:Infinity":15,"b:29:6:29:38:29:38:29:64":15,"s:30:4:30:Infinity":16,"b:32:2:34:Infinity:undefined:undefined:undefined:undefined":16,"s:32:2:34:Infinity":17,"b:32:6:32:36:32:36:32:63":17,"s:33:4:33:Infinity":18,"b:35:2:37:Infinity:undefined:undefined:undefined:undefined":18,"s:35:2:37:Infinity":19,"b:35:6:35:34:35:34:35:58":19,"s:36:4:36:Infinity":20,"b:38:2:40:Infinity:undefined:undefined:undefined:undefined":20,"s:38:2:40:Infinity":21,"b:38:6:38:41:38:41:38:74":21,"s:39:4:39:Infinity":22,"b:41:2:43:Infinity:undefined:undefined:undefined:undefined":22,"s:41:2:43:Infinity":23,"b:41:6:41:39:41:39:41:69":23,"s:42:4:42:Infinity":24,"b:44:2:46:Infinity:undefined:undefined:undefined:undefined":24,"s:44:2:46:Infinity":25,"b:44:6:44:34:44:34:44:67":25,"s:45:4:45:Infinity":26,"b:47:2:49:Infinity:undefined:undefined:undefined:undefined":26,"s:47:2:49:Infinity":27,"b:47:6:47:35:47:35:47:68":27,"s:48:4:48:Infinity":28,"b:50:2:52:Infinity:undefined:undefined:undefined:undefined":28,"s:50:2:52:Infinity":29,"b:50:6:50:34:50:34:50:65":29,"s:51:4:51:Infinity":30,"b:53:2:55:Infinity:undefined:undefined:undefined:undefined":30,"s:53:2:55:Infinity":31,"b:53:6:53:36:53:36:53:71":31,"s:54:4:54:Infinity":32,"b:56:2:58:Infinity:undefined:undefined:undefined:undefined":32,"s:56:2:58:Infinity":33,"b:56:6:56:37:56:37:56:73":33,"s:57:4:57:Infinity":34,"b:59:2:61:Infinity:undefined:undefined:undefined:undefined":34,"s:59:2:61:Infinity":35,"b:59:6:59:33:59:33:59:65":35,"s:60:4:60:Infinity":36,"b:62:2:64:Infinity:undefined:undefined:undefined:undefined":36,"s:62:2:64:Infinity":37,"b:62:6:62:30:62:30:62:52":37,"s:63:4:63:Infinity":38,"b:65:2:67:Infinity:undefined:undefined:undefined:undefined":38,"s:65:2:67:Infinity":39,"b:65:6:65:40:65:40:65:64":39,"s:66:4:66:Infinity":40,"b:68:2:70:Infinity:undefined:undefined:undefined:undefined":40,"s:68:2:70:Infinity":41,"b:68:6:68:43:68:43:68:70":41,"s:69:4:69:Infinity":42,"b:71:2:73:Infinity:undefined:undefined:undefined:undefined":42,"s:71:2:73:Infinity":43,"b:71:6:71:48:71:48:71:86":43,"s:72:4:72:Infinity":44,"b:74:2:76:Infinity:undefined:undefined:undefined:undefined":44,"s:74:2:76:Infinity":45,"b:74:6:74:40:74:40:74:62":45,"s:75:4:75:Infinity":46,"s:78:2:78:Infinity":47,"f:81:16:81:45":1,"s:82:25:82:Infinity":48,"s:83:16:83:Infinity":49,"f:83:40:83:46":2,"s:83:52:83:75":50,"b:84:2:86:Infinity:undefined:undefined:undefined:undefined":46,"s:84:2:86:Infinity":51,"s:85:4:85:Infinity":52,"f:85:38:85:44":3,"s:85:50:85:70":53,"b:87:2:90:Infinity:undefined:undefined:undefined:undefined":47,"s:87:2:90:Infinity":54,"s:88:23:88:Infinity":55,"s:89:4:89:Infinity":56,"f:89:38:89:44":4,"s:89:50:89:112":57,"b:91:2:93:Infinity:undefined:undefined:undefined:undefined":48,"s:91:2:93:Infinity":58,"s:92:4:92:Infinity":59,"s:95:2:104:Infinity":60,"s:96:4:96:Infinity":61,"s:98:4:103:Infinity":62},"fnNames":{}}}
}
